=~=~=~=~=~=~=~=~=~=~=~= PuTTY log 2023.04.14 12:02:59 =~=~=~=~=~=~=~=~=~=~=~=
149543 -1.00 -0.20 0.00 -0.42 7.70 -13.72 0 5
149551 -1.00 -0.24 -0.02 2.03 7.91 -13.58 0 4
149559 -0.99 -0.29 -0.03 2.66 6.86 -13.30 0 4
149567 -0.99 -0.30 -0.05 2.38 5.39 -12.39 0 5
149574 -0.99 -0.31 -0.07 1.47 3.92 -11.20 0 5
149582 -0.99 -0.30 -0.08 0.98 2.31 -10.01 0 3
149590 -0.99 -0.30 -0.09 1.05 1.19 -8.61 0 5
149597 -0.99 -0.29 -0.09 0.98 0.21 -7.63 0 4
149605 -1.00 -0.28 -0.07 1.12 -0.91 -7.07 0 3
149613 -1.00 -0.26 -0.06 1.61 -1.89 -7.00 0 6
149621 -1.02 -0.20 -0.02 4.13 -4.20 -8.12 0 4
149629 -1.02 -0.16 0.02 5.74 -4.34 -8.33 0 5
149636 -0.99 -0.18 0.06 1.54 -4.27 -8.05 0 5
149644 -0.96 -0.19 0.07 0.00 -4.34 -7.42 0 4
149652 -0.96 -0.21 0.06 2.17 -3.71 -7.77 0 4
149660 -0.98 -0.22 0.07 4.76 -3.22 -9.03 0 4
149667 -0.97 -0.20 0.07 5.11 -3.15 -9.10 0 3
149675 -0.97 -0.17 0.07 3.78 -3.29 -9.24 0 3
149683 -0.97 -0.15 0.06 3.22 -3.15 -9.73 0 3
149691 -0.96 -0.18 0.05 4.34 -2.73 -9.73 0 4
149698 -0.95 -0.20 0.06 6.51 -2.24 -10.22 0 2
149706 -0.97 -0.20 0.06 8.33 -2.03 -11.06 0 3
149714 -0.98 -0.19 0.06 8.89 -1.96 -11.69 0 2
149722 -0.98 -0.19 0.05 9.52 -1.61 -11.76 0 3
149730 -0.97 -0.21 0.06 9.87 -1.54 -11.83 0 3
149737 -0.97 -0.23 0.06 9.94 -1.82 -11.69 0 3
149745 -0.96 -0.23 0.05 10.50 -1.47 -12.25 0 4
149753 -0.97 -0.21 0.05 10.36 -1.19 -12.81 0 4
149760 -0.98 -0.18 0.06 8.47 -1.12 -13.44 0 2
149768 -0.98 -0.18 0.06 6.51 -0.91 -13.86 0 3
149776 -0.97 -0.19 0.06 5.39 -0.63 -14.49 0 4
149784 -0.97 -0.22 0.05 5.46 -0.63 -14.70 0 4
149791 -0.97 -0.24 0.05 6.44 -0.84 -15.12 0 4
149799 -0.98 -0.25 0.04 7.56 -0.98 -15.40 0 5
149807 -0.99 -0.25 0.03 9.52 0.21 -15.68 0 2
149815 -0.99 -0.24 0.05 10.99 0.63 -15.33 0 5
149822 -0.99 -0.20 0.09 6.09 -0.91 -15.05 0 4
149830 -1.03 -0.16 0.09 -1.40 -2.52 -15.33 0 3
149838 -1.00 -0.16 0.06 -4.34 -2.66 -15.26 0 2
149846 -0.96 -0.22 0.04 -6.65 -1.26 -15.68 0 2
149854 -0.97 -0.29 0.03 -6.72 -1.47 -15.26 0 2
149862 -0.97 -0.31 0.02 -5.88 -2.10 -15.19 0 2
149869 -0.95 -0.31 0.00 -5.04 -2.45 -14.98 0 1
149877 -0.96 -0.28 0.01 -5.04 -2.52 -14.77 0 0
149885 -0.97 -0.28 0.01 -4.97 -2.66 -14.84 0 0
149893 -0.97 -0.28 0.02 -3.92 -2.38 -14.84 0 0
149901 -0.96 -0.28 0.03 -3.08 -2.45 -14.77 0 2
149908 -0.96 -0.29 0.04 -2.10 -2.73 -14.70 0 0
149916 -0.95 -0.26 0.04 -0.35 -3.29 -14.91 0 1
149924 -0.93 -0.27 0.05 2.10 -3.01 -14.42 0 0
149932 -0.89 -0.31 0.07 6.79 -2.03 -14.14 0 1
149940 -0.88 -0.30 0.10 14.14 -1.47 -15.54 0 1
149947 -0.90 -0.26 0.14 18.62 -0.63 -16.80 0 1
149955 -0.91 -0.23 0.17 22.89 1.40 -17.99 0 2
149963 -0.94 -0.22 0.19 25.97 3.43 -20.09 0 1
149970 -0.98 -0.21 0.20 27.23 5.25 -21.49 0 2
149978 -0.97 -0.23 0.19 27.58 7.21 -22.89 0 3
149986 -0.95 -0.25 0.18 27.16 8.47 -23.94 0 4
149993 -0.92 -0.28 0.15 26.74 9.45 -24.43 0 4
150001 -0.89 -0.34 0.11 26.74 10.15 -24.64 0 9
150009 -0.91 -0.39 0.06 27.86 10.22 -24.50 0 9
150016 -0.93 -0.41 0.02 29.12 9.87 -23.87 0 19
150024 -0.95 -0.41 -0.02 30.80 9.45 -23.03 0 21
150032 -0.94 -0.42 -0.04 32.76 9.17 -22.33 0 21
150040 -0.94 -0.41 -0.04 33.25 8.19 -21.63 0 18
150047 -0.96 -0.40 -0.02 32.27 7.00 -20.51 0 32
150055 -0.98 -0.40 -0.02 30.31 6.23 -19.46 0 29
150063 -1.01 -0.40 -0.01 27.02 5.46 -17.92 0 29
150071 -1.02 -0.39 -0.01 22.96 4.34 -16.66 0 35
150078 -0.99 -0.38 -0.00 18.69 3.85 -15.54 0 28
150086 -0.97 -0.37 0.01 15.19 3.85 -14.84 0 39
150094 -0.96 -0.34 0.04 11.13 3.64 -14.21 0 32
150101 -0.96 -0.32 0.06 8.40 3.22 -13.86 0 30
150109 -0.95 -0.29 0.08 5.25 2.94 -13.72 0 30
150117 -0.94 -0.28 0.08 2.17 2.80 -14.07 0 28
150125 -0.94 -0.26 0.08 -0.63 3.08 -14.49 0 26
150132 -0.95 -0.28 0.07 -3.50 2.59 -14.77 0 25
150140 -0.95 -0.30 0.05 -5.95 2.52 -14.91 0 26
150148 -0.94 -0.29 0.04 -8.33 2.31 -15.47 0 27
150156 -0.94 -0.27 0.04 -10.99 2.45 -15.82 0 29
150164 -0.94 -0.26 0.05 -14.91 2.38 -15.89 0 28
150171 -0.94 -0.28 0.07 -17.08 2.66 -16.38 0 27
150179 -0.93 -0.30 0.10 -17.50 3.43 -17.01 0 31
150187 -0.93 -0.32 0.11 -16.73 4.34 -17.57 0 37
150194 -0.93 -0.32 0.13 -16.03 4.76 -17.64 0 37
150202 -0.93 -0.30 0.13 -16.59 6.16 -17.57 0 37
150210 -0.93 -0.27 0.13 -18.90 6.65 -18.48 0 36
150218 -0.93 -0.24 0.12 -22.05 7.77 -19.88 0 37
150225 -0.94 -0.23 0.12 -24.78 8.61 -20.65 0 37
150233 -0.96 -0.23 0.12 -26.60 9.24 -21.70 0 36
150241 -0.96 -0.23 0.13 -30.87 9.45 -22.96 0 34
150249 -0.95 -0.22 0.13 -35.77 9.52 -23.87 0 20
150256 -0.95 -0.23 0.10 -38.22 11.90 -24.22 0 24
150264 -0.95 -0.27 0.09 -38.43 13.72 -25.41 0 18
150272 -0.95 -0.33 0.09 -41.37 14.70 -26.53 0 11
150280 -0.98 -0.31 0.08 -42.42 15.89 -27.44 0 9
150287 -0.98 -0.32 0.07 -42.70 17.64 -28.35 0 5
150295 -0.99 -0.32 0.08 -45.29 17.92 -29.05 0 3
150303 -1.00 -0.31 0.06 -44.66 19.18 -30.31 0 4
150311 -0.97 -0.32 0.06 -44.10 21.98 -31.78 0 0
150318 -0.99 -0.32 0.13 -43.75 23.80 -33.53 0 0
150326 -1.01 -0.30 0.16 -43.75 25.27 -35.28 0 0
150334 -1.02 -0.24 0.20 -43.61 27.37 -38.08 0 0
150342 -1.05 -0.23 0.21 -45.29 31.29 -40.74 0 0
150349 -1.14 -0.20 0.22 -44.73 37.45 -44.03 0 0
150357 -1.24 -0.12 0.24 -45.43 42.07 -47.60 0 0
150365 -1.31 0.02 0.24 -45.71 48.16 -52.15 0 0
150373 -1.32 0.12 0.27 -45.15 53.69 -57.40 0 0
150380 -1.30 0.17 0.31 -44.94 59.50 -63.63 0 0
150388 -1.26 0.20 0.34 -44.73 66.57 -69.58 1 0
150395 -1.26 0.18 0.35 -43.47 74.76 -75.39 2 0
150403 -1.29 0.14 0.33 -42.70 83.16 -81.13 1 0
150411 -1.34 0.10 0.32 -45.08 91.00 -87.08 3 0
150418 -1.40 0.12 0.32 -50.40 97.30 -93.24 3 0
150426 -1.43 0.19 0.31 -58.87 104.30 -100.59 5 0
150434 -1.48 0.24 0.33 -67.13 112.00 -105.21 14 0
150441 -1.53 0.27 0.36 -72.80 120.68 -109.90 21 0
150449 -1.66 0.35 0.40 -77.42 130.76 -115.22 23 0
150457 -1.75 0.47 0.46 -78.33 138.67 -120.47 25 0
150464 -1.83 0.60 0.46 -78.54 145.04 -125.79 38 0
150472 -1.90 0.65 0.42 -80.01 149.87 -130.06 38 0
150480 -1.94 0.65 0.34 -80.64 153.44 -133.42 42 0
150487 -1.97 0.57 0.30 -84.63 156.80 -135.59 59 0
150495 -2.01 0.43 0.31 -99.68 159.46 -136.78 45 0
150503 -2.05 0.19 0.27 -116.20 163.45 -137.06 45 0
150510 -2.03 -0.06 0.19 -123.13 166.39 -137.76 43 0
150518 -1.95 -0.65 0.10 -115.15 168.98 -134.82 23 0
150526 -1.75 -1.08 -0.11 -104.51 166.18 -123.62 8 0
150534 -1.45 -1.27 -0.31 -94.22 152.11 -111.37 8 0
150541 -1.24 -1.18 -0.46 -88.06 136.29 -97.02 1 0
150549 -1.05 -1.00 -0.56 -72.24 120.75 -78.61 1 0
150557 -0.94 -0.72 -0.59 -47.25 105.42 -59.78 0 0
150565 -0.90 -0.55 -0.51 -21.35 89.11 -46.76 0 0
150573 -0.82 -0.74 -0.48 -4.27 66.92 -33.32 0 0
150581 -0.61 -0.96 -0.49 3.29 30.73 -22.47 0 0
150589 -0.52 -1.01 -0.57 -5.18 3.99 -20.93 0 0
150597 -0.48 -0.79 -0.67 -35.49 -10.08 -24.57 0 0
150605 -0.52 -0.30 -0.55 -34.93 -9.66 -20.16 0 0
150613 -0.61 0.02 -0.40 -19.88 -11.06 -3.92 0 0
150621 -0.66 -0.01 -0.30 -1.89 -25.97 19.67 0 0
150628 -0.61 -0.24 -0.24 6.02 -63.35 46.55 0 0
150636 -0.53 -0.35 -0.24 -1.75 -94.36 71.54 0 0
150644 -0.44 -0.36 -0.25 -20.72 -118.30 90.72 0 0
150652 -0.40 -0.26 -0.25 -44.87 -142.31 103.81 0 0
150660 -0.38 -0.11 -0.28 -69.37 -164.71 121.17 0 0
150667 -0.39 0.03 -0.32 -89.04 -184.73 134.75 0 0
150675 -0.40 0.01 -0.39 -98.42 -202.09 148.89 0 0
150683 -0.37 -0.12 -0.49 -94.43 -231.56 159.74 0 0
150691 -0.37 -0.31 -0.60 -77.63 -222.04 170.03 0 0
150699 -0.42 -0.50 -0.65 -34.37 -225.96 176.33 0 0
150707 -0.43 -0.60 -0.62 3.57 -232.82 182.70 0 0
150715 -0.41 -0.58 -0.61 34.72 -241.36 195.37 0 0
150722 -0.37 -0.46 -0.57 51.80 -250.67 206.29 0 0
150730 -0.32 -0.36 -0.54 53.97 -259.28 217.14 0 0
150738 -0.34 -0.30 -0.53 43.75 -271.67 225.96 0 0
150746 -0.39 -0.28 -0.56 26.95 -277.97 232.89 0 0
150753 -0.49 -0.29 -0.59 6.58 -282.45 238.42 0 0
150761 -0.62 -0.26 -0.60 1.19 -284.76 243.25 0 0
150769 -0.75 -0.23 -0.57 2.66 -284.69 247.38 0 0
150777 -0.84 -0.27 -0.54 4.34 -283.71 252.00 0 0
150784 -0.90 -0.47 -0.46 4.48 -282.73 256.69 0 0
150792 -0.95 -0.65 -0.37 3.50 -284.06 257.18 0 0
150800 -1.03 -0.71 -0.32 3.85 -285.25 253.96 0 0
150808 -1.09 -0.67 -0.33 15.19 -279.44 248.01 0 0
150815 -1.12 -0.63 -0.42 67.55 -263.97 239.68 0 0
150823 -1.10 -0.67 -0.54 127.12 -238.98 227.43 0 0
150831 -1.06 -0.74 -0.59 185.78 -211.26 212.80 0 0
150839 -1.01 -0.79 -0.54 226.31 -189.84 198.17 0 0
150846 -0.95 -0.74 -0.44 235.06 -174.65 185.36 0 0
150854 -0.94 -0.48 -0.32 214.69 -164.78 169.82 0 0
150862 -0.93 -0.32 -0.20 178.85 -154.98 159.39 0 0
150870 -0.95 -0.22 -0.10 129.50 -134.96 148.12 0 0
150878 -1.00 -0.21 -0.02 101.64 -116.48 134.26 0 0
150886 -1.09 -0.33 0.09 80.22 -99.40 115.36 0 0
150893 -1.16 -0.43 0.20 64.33 -84.42 91.70 0 0
150901 -1.12 -0.42 0.28 52.57 -68.95 65.73 0 0
150909 -1.02 -0.34 0.27 35.70 -52.78 31.71 0 0
150916 -0.92 -0.33 0.25 16.52 -34.58 8.61 0 0
150924 -0.84 -0.37 0.23 0.56 -15.05 -13.09 0 0
150932 -0.81 -0.41 0.19 -14.14 10.57 -34.16 0 0
150940 -0.82 -0.45 0.14 -30.94 28.14 -54.39 0 0
150947 -0.86 -0.53 0.08 -34.93 43.54 -73.99 0 0
150955 -0.92 -0.64 0.01 -28.07 56.14 -92.05 0 0
150963 -1.00 -0.72 -0.06 -9.10 63.28 -106.61 0 0
150971 -1.27 -0.39 0.15 29.54 67.34 -114.87 0 0
150979 -1.64 -0.21 0.56 79.73 67.13 -113.33 0 0
150986 -1.72 -0.11 0.42 94.36 51.59 -99.33 0 9
150994 -1.49 -0.05 0.10 52.36 29.47 -89.39 0 22
151002 -1.34 0.12 -0.10 2.10 18.34 -85.47 0 34
151009 -1.28 0.34 -0.28 -13.58 36.26 -89.32 0 35
151017 -1.42 0.34 -0.52 45.08 59.85 -102.48 0 55
151024 -1.54 0.01 -0.70 96.67 77.35 -117.60 0 43
151032 -1.41 -0.30 -0.66 137.83 85.82 -126.35 0 47
151040 -1.17 -0.33 -0.46 140.63 85.68 -128.31 0 46
151048 -1.02 -0.21 -0.16 116.41 76.16 -124.46 0 45
151055 -0.96 -0.17 0.07 94.57 61.95 -119.21 0 49
151063 -0.93 -0.44 0.17 73.99 49.56 -117.32 0 41
151071 -0.90 -0.65 0.37 53.13 41.30 -119.07 0 36
151078 -0.98 -0.85 0.29 17.01 35.14 -123.06 0 35
151086 -1.07 -0.73 0.16 -17.78 33.88 -120.33 0 28
151094 -0.98 -0.58 0.12 -38.36 34.16 -106.26 0 28
151101 -0.88 -0.54 0.10 -53.83 33.53 -89.46 0 29
151109 -0.86 -0.51 0.08 -62.79 30.38 -81.06 0 28
151117 -0.93 -0.51 -0.00 -62.58 28.49 -79.80 0 29
151125 -1.01 -0.47 -0.09 -54.39 27.58 -77.91 0 29
151132 -1.01 -0.43 -0.18 -39.83 28.35 -72.52 0 27
151141 -0.99 -0.36 -0.24 -20.02 28.14 -71.26 0 21
151148 -0.99 -0.27 -0.24 -10.43 27.65 -70.91 0 17
151156 -1.04 -0.15 -0.19 -18.62 20.93 -68.74 0 13
151164 -1.05 -0.04 -0.14 -50.05 12.46 -64.54 0 11
151172 -1.05 0.01 -0.08 -72.45 6.16 -60.06 0 7
151179 -1.02 -0.06 -0.03 -84.07 5.53 -56.70 0 4
151187 -0.96 -0.23 0.04 -81.97 10.01 -54.32 0 0
151195 -0.94 -0.50 0.13 -74.55 15.54 -52.08 0 1
151203 -0.98 -0.57 0.20 -64.54 15.96 -51.87 0 1
151210 -1.04 -0.50 0.27 -55.23 12.88 -51.94 0 0
151218 -1.04 -0.33 0.30 -53.41 10.43 -50.68 0 0
151226 -1.02 -0.15 0.26 -56.21 11.55 -49.56 0 1
151234 -1.01 -0.05 0.21 -64.54 14.84 -50.68 0 0
151242 -1.03 -0.02 0.22 -67.69 17.50 -52.50 0 0
151249 -1.04 -0.08 0.22 -67.83 19.88 -53.34 0 0
151257 -1.02 -0.17 0.19 -63.91 22.26 -53.97 0 0
151265 -1.01 -0.18 0.17 -57.40 25.41 -56.77 0 0
151272 -1.04 -0.09 0.11 -51.45 29.33 -58.52 0 0
151280 -1.11 -0.04 0.08 -46.76 32.20 -59.50 1 0
151288 -1.13 -0.07 0.06 -42.14 36.05 -61.39 2 0
151295 -1.07 -0.11 0.06 -18.83 38.71 -63.91 1 0
151303 -1.02 -0.13 0.06 -33.18 41.37 -64.96 2 0
151311 -1.01 -0.12 0.06 -29.47 44.73 -65.17 1 0
151319 -1.00 -0.19 0.09 -26.81 47.81 -65.87 1 0
151326 -0.98 -0.25 0.11 -26.39 50.68 -67.48 3 0
151334 -0.99 -0.23 0.13 -24.29 53.13 -68.46 5 0
151342 -0.97 -0.19 0.14 -23.45 55.30 -69.02 3 0
151349 -0.98 -0.15 0.18 -24.15 57.68 -70.63 4 0
151357 -0.98 -0.10 0.19 -23.10 61.32 -73.01 8 0
151365 -0.95 -0.07 0.27 -21.98 67.90 -75.11 10 0
151373 -0.94 -0.04 0.35 -21.42 73.50 -77.63 11 0
151380 -0.96 0.01 0.42 -24.99 79.17 -81.48 19 0
151388 -1.03 0.11 0.52 -29.61 84.91 -85.75 20 1
151396 -1.08 0.15 0.54 -34.02 94.08 -89.81 25 0
151404 -1.13 0.13 0.57 -38.43 101.50 -94.71 27 0
151411 -1.21 0.14 0.53 -42.21 108.36 -99.40 29 0
151419 -1.29 0.17 0.48 -45.85 116.83 -105.07 37 0
151427 -1.38 0.22 0.50 -49.07 124.46 -109.62 40 0
151434 -1.47 0.30 0.48 -56.28 132.44 -114.24 44 0
151442 -1.53 0.40 0.49 -64.05 138.60 -117.74 55 0
151449 -1.63 0.54 0.53 -72.87 146.93 -122.64 84 0
151457 -1.66 0.77 0.56 -85.68 152.25 -128.24 64 0
151465 -1.67 0.97 0.63 -99.05 157.64 -133.42 60 0
151472 -1.71 1.06 0.60 -116.97 162.96 -138.25 57 0
151480 -1.81 1.08 0.51 -127.96 169.26 -141.05 137 0
151488 -1.92 1.04 0.29 -136.22 176.05 -143.43 108 0
151496 -2.01 0.95 0.38 -137.97 184.10 -149.17 99 0
151503 -1.99 0.67 0.85 -148.96 198.94 -155.40 47 0
151511 -2.00 -0.20 1.08 -159.39 212.24 -160.23 173 0
151519 -2.19 -1.17 0.83 -143.99 222.60 -155.05 33 0
151526 -2.16 -1.75 0.40 -106.96 216.58 -138.04 14 0
151534 -1.94 -1.73 0.04 -67.62 200.27 -117.81 9 0
151542 -1.67 -1.33 -0.20 -13.23 178.99 -98.07 18 0
151550 -1.45 -0.85 -0.33 28.28 158.20 -80.85 0 0
151558 -1.37 -0.62 -0.34 54.39 136.01 -62.37 0 0
151566 -1.22 -0.80 -0.43 59.78 106.61 -22.26 0 0
151573 -0.93 -1.04 -0.57 40.88 71.89 -10.15 0 0
151581 -0.72 -1.05 -0.65 14.14 22.68 0.91 0 0
151589 -0.66 -0.98 -0.88 -41.16 3.50 -0.98 0 0
151597 -0.70 -0.58 -0.92 -70.14 0.00 0.98 0 0
151604 -0.69 -0.08 -0.86 -61.39 5.67 10.01 0 0
151612 -0.66 0.08 -0.69 -35.91 -2.87 28.84 0 0
151620 -0.64 -0.16 -0.51 -36.05 -36.40 47.60 0 0
151628 -0.35 -0.38 -0.52 -45.85 -72.87 74.62 0 0
151636 -0.22 -0.42 -0.55 -53.76 -106.82 100.52 0 0
151644 -0.13 -0.36 -0.51 -70.21 -140.35 117.74 0 0
151651 -0.16 -0.18 -0.50 -86.17 -162.33 129.78 0 0
151659 -0.27 -0.04 -0.53 -86.52 -180.39 134.89 0 0
151667 -0.33 -0.07 -0.57 -76.37 -199.50 140.07 0 0
151675 -0.32 -0.26 -0.69 -58.10 -214.20 144.55 0 0
151683 -0.33 -0.52 -0.74 -21.21 -222.39 143.85 0 0
151690 -0.33 -0.60 -0.74 23.59 -228.69 143.15 0 0
151698 -0.30 -0.55 -0.70 61.81 -242.48 149.17 0 0
151706 -0.25 -0.47 -0.65 88.76 -258.23 163.87 0 0
151714 -0.19 -0.40 -0.62 100.45 -269.78 185.29 0 0
151721 -0.15 -0.31 -0.58 89.39 -279.51 206.99 0 0
151729 -0.18 -0.25 -0.61 68.32 -285.74 224.56 0 0
151737 -0.27 -0.24 -0.67 48.30 -290.08 236.39 0 0
151745 -0.39 -0.24 -0.64 32.34 -293.02 243.95 0 0
151752 -0.51 -0.23 -0.60 17.43 -296.03 249.55 0 0
151760 -0.63 -0.26 -0.54 3.64 -300.58 251.93 0 0
151768 -0.77 -0.36 -0.50 -8.19 -308.07 253.05 0 0
151776 -0.84 -0.50 -0.47 -13.44 -312.69 253.26 0 0
151784 -0.89 -0.63 -0.45 -6.93 -314.58 252.28 0 0
151791 -0.97 -0.73 -0.61 16.73 -311.22 248.85 0 0
151799 -1.07 -0.79 -0.58 66.08 -301.77 241.92 0 0
151807 -1.15 -0.81 -0.61 133.77 -286.30 229.95 0 0
151815 -1.17 -0.80 -0.57 200.97 -267.19 222.39 0 0
151823 -1.15 -0.74 -0.49 249.34 -241.29 217.56 0 0
151830 -1.12 -0.63 -0.38 266.70 -224.63 214.13 0 0
151838 -1.10 -0.45 -0.25 242.13 -210.91 207.83 0 0
151846 -1.12 -0.20 -0.16 202.93 -199.01 197.05 0 0
151854 -1.15 -0.02 -0.14 158.34 -187.04 182.91 0 0
151861 -1.20 -0.05 -0.12 117.67 -170.38 166.95 0 0
151869 -1.18 -0.26 -0.03 106.05 -146.02 130.62 0 0
151877 -1.12 -0.59 0.01 105.00 -123.06 118.51 0 0
151885 -0.97 -0.72 0.18 103.81 -97.16 92.82 0 0
151892 -0.67 -0.61 0.34 96.81 -70.35 62.51 0 0
151900 -0.66 -0.44 0.43 65.52 -37.80 28.63 0 0
151908 -0.63 -0.31 0.46 18.55 -14.77 -4.48 0 0
151915 -0.64 -0.31 0.39 -32.83 9.87 -35.28 0 0
151923 -0.65 -0.43 0.16 -49.00 37.10 -64.82 0 0
151931 -0.69 -0.63 0.01 -47.46 62.79 -91.49 0 0
151939 -0.98 -0.64 0.10 -25.76 79.80 -109.34 0 0
151946 -1.59 -0.67 0.47 -6.72 85.61 -131.60 0 5
151954 -1.87 -0.68 0.68 30.10 88.76 -144.06 0 19
151962 -1.88 0.05 0.24 46.41 74.13 -140.21 0 33
151969 -1.92 0.33 -0.20 -14.91 55.79 -125.37 0 78
151977 -2.00 0.33 0.03 -51.87 52.15 -121.87 0 70
151985 -1.87 0.07 -0.22 -49.63 91.14 -133.77 0 60
151993 -1.47 -0.15 -0.68 1.12 109.41 -144.20 0 40
152000 -1.09 -0.52 -1.13 70.91 122.85 -149.80 0 47
152008 -0.68 -0.89 -1.13 135.38 133.28 -150.08 0 38
152016 -0.44 -1.01 -0.62 184.03 122.15 -146.65 0 30
152024 -0.40 -0.96 -0.17 196.56 95.83 -139.72 0 28
152031 -0.62 -1.05 0.23 171.36 68.67 -140.56 0 30
152039 -1.11 -1.35 -0.10 101.22 48.09 -146.16 0 29
152047 -1.34 -0.96 -0.25 35.91 47.95 -147.42 0 30
152055 -1.41 -0.48 -0.14 -22.89 46.13 -133.21 0 26
152062 -1.24 -0.25 -0.02 -66.22 36.05 -108.71 0 26
152070 -1.02 -0.22 -0.01 -106.75 22.96 -91.56 0 24
152078 -0.92 -0.28 -0.10 -133.42 17.50 -82.88 0 23
152086 -0.88 -0.40 -0.18 -137.34 25.69 -75.11 0 22
152094 -0.89 -0.58 -0.29 -101.85 37.31 -75.95 0 29
152102 -0.89 -0.88 -0.34 -24.36 46.34 -75.39 0 14
152110 -0.93 -1.03 -0.16 -3.01 45.99 -73.78 0 8
152118 -1.09 -0.75 -0.02 -1.61 30.52 -70.21 0 3
152125 -1.15 -0.28 -0.04 -12.39 15.68 -66.01 0 1
152133 -1.11 0.11 -0.05 -35.00 12.11 -60.34 0 1
152141 -1.05 0.17 0.00 -61.32 13.65 -54.32 0 0
152149 -0.98 0.01 0.01 -84.21 19.32 -50.68 0 0
152156 -1.02 -0.28 -0.03 -86.73 21.77 -50.26 0 0
152164 -1.04 -0.54 0.00 -70.28 22.19 -50.19 0 0
152172 -1.06 -0.59 0.04 -53.13 18.41 -50.40 0 0
152180 -1.06 -0.45 0.05 -40.53 15.33 -49.70 0 0
152187 -1.06 -0.23 0.09 -38.99 12.60 -49.21 0 0
152195 -1.06 0.09 0.14 -47.53 11.90 -49.98 0 0
152203 -1.05 0.09 0.11 -55.37 15.05 -50.19 0 0
152210 -1.04 0.01 0.10 -58.73 21.42 -49.98 0 0
152218 -1.07 -0.12 0.11 -55.79 25.48 -50.47 0 0
152226 -1.03 -0.22 0.13 -48.44 27.72 -52.29 0 0
152233 -0.96 -0.20 0.14 -41.09 29.33 -54.32 0 0
152241 -0.92 -0.14 0.14 -36.68 31.36 -56.21 0 0
152249 -0.91 -0.11 0.15 -36.33 34.23 -58.31 0 0
152257 -0.92 -0.13 0.17 -38.43 36.96 -60.76 0 0
152264 -0.92 -0.14 0.21 -39.97 38.64 -62.93 0 0
152272 -0.90 -0.16 0.24 -40.25 41.93 -64.33 0 0
152280 -0.88 -0.18 0.27 -39.27 44.73 -65.73 0 0
152287 -0.88 -0.20 0.30 -38.15 46.69 -68.04 0 0
152295 -0.89 -0.17 0.28 -39.06 50.33 -70.49 0 0
152303 -0.93 -0.12 0.29 -39.62 53.76 -72.66 1 0
152311 -0.95 -0.12 0.26 -39.48 59.57 -74.48 3 0
152319 -0.96 -0.13 0.27 -37.94 64.89 -76.79 3 0
152326 -0.99 -0.10 0.27 -35.84 71.89 -79.17 9 0
152334 -1.04 -0.05 0.29 -35.00 78.12 -81.76 12 0
152342 -1.11 -0.01 0.31 -34.37 85.19 -84.63 19 0
152350 -1.19 0.01 0.31 -33.81 90.51 -89.04 23 0
152357 -1.27 0.04 0.31 -34.23 97.44 -91.70 28 0
152365 -1.34 0.05 0.32 -31.64 106.47 -94.08 66 0
152372 -1.39 0.08 0.37 -26.18 116.62 -97.65 86 0
152380 -1.44 0.22 0.48 -23.94 142.31 -102.69 119 0
152388 -1.53 0.42 0.54 -24.22 134.05 -108.29 52 0
152395 -1.66 0.63 0.60 -29.33 141.05 -116.41 55 0
152403 -1.70 0.82 0.65 -41.86 146.30 -123.69 43 0
152410 -1.75 0.98 0.67 -63.42 153.65 -130.41 55 0
152418 -1.79 1.18 0.74 -83.02 160.16 -137.76 50 0
152426 -1.86 1.37 0.79 -101.29 166.95 -143.99 50 0
152434 -1.96 1.36 0.72 -111.02 173.67 -149.31 44 0
152441 -2.07 1.04 0.59 -110.95 179.41 -152.53 106 0
152449 -2.10 0.67 0.49 -108.99 186.48 -156.80 119 0
152456 -2.00 0.20 0.77 -113.33 198.80 -164.36 36 0
152464 -1.92 -0.32 1.00 -126.35 207.83 -169.75 24 0
152472 -2.06 -0.99 0.79 -124.46 214.06 -170.94 10 1
152480 -2.12 -1.38 0.36 -108.43 209.72 -157.92 12 0
152487 -1.97 -1.46 0.08 -89.81 194.88 -136.50 1 0
152495 -1.69 -1.22 -0.09 -63.28 176.68 -112.28 1 0
152503 -1.48 -0.89 -0.17 -17.71 158.13 -87.36 0 0
152510 -1.32 -0.85 -0.20 8.19 137.20 -63.35 0 0
152518 -1.10 -1.15 -0.34 17.15 108.85 -38.29 0 1
152526 -0.93 -1.25 -0.38 22.89 77.35 -14.28 0 0
152534 -0.77 -1.24 -0.60 4.97 47.25 3.43 0 0
152541 -0.67 -1.07 -0.79 -31.99 22.68 6.86 0 0
152549 -0.64 -0.58 -0.82 -41.58 13.30 14.07 0 0
152557 -0.65 -0.12 -0.76 -30.10 9.87 29.26 0 0
152565 -0.60 0.02 -0.65 -21.70 -1.96 49.84 0 0
152572 -0.60 -0.16 -0.47 -29.05 -31.85 67.48 0 0
152580 -0.33 -0.30 -0.36 -42.00 -64.47 94.36 0 0
152588 -0.17 -0.34 -0.39 -54.88 -92.05 117.25 0 0
152596 -0.11 -0.37 -0.36 -70.70 -116.20 142.17 0 0
152604 -0.12 -0.33 -0.38 -80.01 -137.48 158.83 0 0
152612 -0.24 -0.27 -0.44 -76.72 -167.65 167.30 0 0
152619 -0.32 -0.30 -0.51 -67.48 -183.75 170.45 0 0
152627 -0.35 -0.37 -0.56 -34.30 -199.36 173.81 0 0
152635 -0.34 -0.46 -0.65 -3.15 -207.69 175.28 0 0
152643 -0.41 -0.56 -0.67 33.81 -215.95 175.21 0 0
152651 -0.43 -0.61 -0.66 73.57 -226.24 180.04 0 0
152659 -0.27 -0.50 -0.61 109.69 -239.05 191.38 0 0
152666 -0.31 -0.49 -0.59 128.31 -256.62 200.76 0 0
152674 -0.25 -0.42 -0.58 135.10 -265.37 217.35 0 0
152682 -0.22 -0.34 -0.59 121.80 -271.81 233.59 0 0
152690 -0.23 -0.28 -0.62 104.51 -274.68 244.72 0 0
152697 -0.32 -0.24 -0.56 81.97 -280.42 252.84 0 0
152705 -0.49 -0.21 -0.47 55.30 -288.89 260.26 0 0
152713 -0.66 -0.20 -0.44 31.43 -298.34 261.52 0 0
152721 -0.87 -0.24 -0.40 8.05 -311.99 259.91 0 0
152729 -0.96 -0.35 -0.39 -13.79 -320.46 257.32 0 0
152737 -1.02 -0.50 -0.35 -32.90 -326.34 253.05 0 0
152744 -1.09 -0.62 -0.36 -29.82 -328.44 245.07 0 0
152752 -1.18 -0.70 -0.43 1.05 -324.59 235.13 0 0
152760 -1.23 -0.87 -0.50 60.55 -310.45 223.51 0 0
152768 -1.23 -0.99 -0.49 131.60 -270.27 215.46 0 0
152776 -1.16 -1.01 -0.43 192.71 -257.39 209.86 0 0
152783 -1.05 -0.95 -0.36 247.10 -236.46 206.64 0 0
152791 -0.97 -0.78 -0.29 227.99 -220.15 203.63 0 0
152799 -0.97 -0.54 -0.25 197.82 -206.57 196.84 0 0
152807 -1.07 -0.28 -0.24 158.69 -195.37 184.87 0 0
152815 -1.23 -0.14 -0.17 131.67 -178.43 157.92 0 0
152822 -1.31 -0.22 -0.06 128.31 -153.09 131.04 0 0
152830 -1.13 -0.47 0.04 122.57 -116.76 103.46 0 0
152838 -1.02 -0.71 0.15 100.59 -91.42 75.46 0 0
152846 -0.83 -0.69 0.27 57.89 -65.31 45.64 0 0
152854 -0.69 -0.58 0.32 27.44 -39.62 14.63 0 0
152861 -0.65 -0.48 0.30 -13.44 -13.16 -14.70 0 0
152869 -0.65 -0.48 0.17 -46.34 13.58 -43.82 0 0
152877 -0.68 -0.60 0.02 -63.98 38.71 -73.43 0 0
152885 -0.74 -0.82 -0.14 -64.05 62.65 -111.30 0 0
152893 -0.81 -1.01 -0.35 -57.61 86.73 -135.94 0 0
152901 -1.10 -0.85 -0.23 -21.14 96.60 -147.21 0 0
152909 -1.95 -0.27 -0.00 32.69 84.49 -139.65 0 12
152916 -2.34 0.20 0.43 83.93 57.19 -98.42 0 28
152924 -2.06 -0.03 -0.04 40.53 22.75 -69.37 0 48
152932 -1.53 -0.13 -0.27 -3.36 17.92 -78.89 0 71
152939 -1.24 0.64 -0.44 19.53 59.85 -111.65 0 59
152947 -1.64 0.43 -0.67 90.58 103.25 -133.70 0 79
152955 -1.86 -0.23 -0.81 163.66 112.49 -148.61 0 55
152963 -1.28 -0.55 -0.64 210.42 114.17 -154.14 0 59
152971 -0.99 -0.60 -0.18 189.35 109.41 -149.24 0 44
152978 -0.91 -0.55 0.27 144.69 90.93 -145.04 0 50
152986 -1.05 -0.73 0.45 98.91 69.16 -152.25 0 40
152994 -1.20 -1.34 0.13 31.64 61.74 -164.64 0 46
153001 -1.16 -0.95 0.12 -22.33 59.85 -154.21 0 64
153009 -0.89 -0.65 0.20 -75.04 49.56 -123.69 0 57
153017 -0.56 -0.43 0.23 -125.65 23.17 -92.26 0 50
153025 -0.63 -0.48 -0.09 -149.31 21.84 -78.26 0 41
153033 -0.80 -0.63 -0.33 -137.48 33.81 -76.09 0 36
153041 -0.96 -0.69 -0.49 -87.22 43.54 -74.20 0 15
153048 -1.06 -0.84 -0.56 -28.00 52.15 -72.24 0 15
153056 -1.12 -0.81 -0.37 -1.54 53.55 -74.62 0 18
153064 -1.21 -0.44 -0.22 1.96 35.84 -74.34 0 8
153072 -1.18 -0.09 -0.15 -6.93 24.85 -70.42 0 4
153080 -1.09 0.03 -0.14 -28.28 22.19 -66.50 0 1
153088 -1.00 0.01 -0.03 -50.89 22.19 -62.16 0 0
153095 -0.96 -0.07 0.10 -73.29 19.95 -58.17 0 0
153103 -0.96 -0.18 0.08 -82.25 18.83 -54.67 0 0
153111 -1.00 -0.49 0.10 -75.67 19.88 -53.62 0 0
153119 -1.05 -0.49 0.15 -64.19 19.32 -53.55 0 0
153127 -1.08 -0.43 0.16 -53.13 15.82 -52.57 0 0
153134 -1.05 -0.28 0.15 -42.84 14.84 -52.57 0 0
153142 -1.02 -0.14 0.19 -37.52 14.42 -53.20 0 0
153150 -0.98 -0.08 0.20 -41.16 16.38 -53.69 0 0
153158 -0.95 -0.04 0.19 -45.43 20.58 -54.25 0 0
153165 -0.98 -0.00 0.16 -47.95 24.43 -55.16 0 0
153173 -1.07 0.02 0.13 -49.56 28.07 -56.91 0 0
153181 -1.11 0.01 0.12 -49.77 30.66 -58.80 0 0
153188 -1.09 -0.02 0.13 -47.74 32.27 -61.67 0 0
153196 -1.03 -0.04 0.15 -47.81 35.35 -63.77 0 0
153204 -0.96 -0.05 0.17 -47.53 39.27 -65.17 1 0
153212 -0.94 -0.06 0.18 -45.99 43.40 -67.27 2 0
153220 -0.93 -0.10 0.21 -45.85 47.32 -69.65 2 0
153227 -0.93 -0.10 0.23 -44.38 50.26 -71.89 0 0
153235 -0.91 -0.08 0.24 -42.21 53.13 -74.41 2 0
153243 -0.89 -0.06 0.25 -41.65 56.70 -76.58 5 0
153250 -0.88 -0.01 0.23 -42.63 60.62 -79.66 6 0
153258 -0.89 -0.02 0.22 -44.03 65.38 -82.32 10 0
153266 -0.93 -0.07 0.19 -42.07 72.24 -83.72 12 0
153274 -0.97 -0.15 0.20 -36.26 78.12 -85.19 14 0
153281 -1.01 -0.22 0.25 -30.52 84.07 -86.80 19 0
153289 -1.05 -0.16 0.31 -29.82 90.93 -88.76 22 0
153297 -1.12 -0.10 0.34 -28.70 98.14 -90.37 22 0
153305 -1.22 -0.08 0.42 -28.49 103.39 -92.68 21 0
153312 -1.32 0.00 0.42 -28.35 108.43 -96.39 30 0
153321 -1.41 0.06 0.45 -30.31 117.46 -100.03 39 0
153328 -1.46 0.14 0.47 -31.92 124.67 -103.39 47 0
153336 -1.50 0.25 0.50 -36.82 131.04 -108.08 60 0
153344 -1.58 0.39 0.55 -45.01 135.73 -112.63 51 0
153351 -1.66 0.56 0.55 -56.42 142.80 -119.35 49 0
153359 -1.65 0.74 0.63 -69.65 147.77 -124.32 55 0
153367 -1.72 0.93 0.69 -87.92 153.16 -129.08 61 1
153374 -1.75 1.14 0.72 -108.22 157.78 -135.45 52 0
153382 -1.83 1.33 0.69 -126.42 162.26 -160.37 123 0
153390 -1.89 1.38 0.59 -145.25 167.58 -150.85 115 0
153397 -1.94 1.27 0.45 -159.60 174.30 -157.71 67 0
153405 -1.87 0.92 0.65 -173.11 187.46 -165.90 68 0
153413 -1.72 0.28 1.10 -194.53 211.05 -173.04 24 0
153420 -1.98 -0.78 1.09 -191.31 218.89 -176.61 11 0
153428 -2.21 -1.62 0.74 -149.38 216.37 -166.74 30 0
153436 -2.19 -1.87 0.33 -103.25 202.02 -147.00 3 0
153444 -1.91 -1.59 0.12 -57.82 184.94 -126.00 0 0
153451 -1.66 -1.12 -0.12 -9.10 167.58 -103.11 3 0
153459 -1.50 -0.85 -0.17 27.44 147.91 -77.14 0 0
153467 -1.33 -1.11 -0.24 47.81 122.29 -55.23 0 0
153475 -1.09 -1.25 -0.41 47.39 74.76 -32.83 0 0
153482 -0.97 -1.08 -0.52 43.89 55.72 -15.40 0 0
153490 -0.75 -1.09 -0.68 -11.90 28.07 -9.73 0 0
153498 -0.72 -0.77 -0.80 -18.62 15.96 -3.01 0 1
153506 -0.67 -0.31 -0.75 -2.66 12.32 10.29 0 0
153514 -0.73 -0.04 -0.59 2.38 -4.13 40.11 0 0
153522 -0.64 -0.17 -0.52 -8.33 -33.67 64.61 0 0
153530 -0.44 -0.26 -0.46 -33.25 -83.16 91.49 0 0
153538 -0.22 -0.19 -0.52 -55.72 -114.10 114.31 0 0
153546 -0.14 -0.25 -0.47 -88.90 -138.32 129.50 0 0
153553 -0.20 -0.24 -0.47 -108.85 -162.40 139.79 0 0
153561 -0.33 -0.22 -0.54 -109.83 -181.37 146.65 0 0
153569 -0.41 -0.32 -0.61 -92.82 -199.01 151.62 0 0
153577 -0.40 -0.49 -0.71 -60.48 -210.42 155.05 0 0
153585 -0.39 -0.64 -0.78 -18.90 -216.16 155.68 0 0
153592 -0.44 -0.68 -0.74 39.34 -225.19 155.05 0 0
153600 -0.47 -0.59 -0.64 73.50 -243.32 158.62 0 0
153608 -0.42 -0.39 -0.52 96.11 -262.78 170.03 0 0
153616 -0.31 -0.17 -0.53 102.34 -281.75 187.74 0 0
153624 -0.24 -0.09 -0.57 94.78 -291.41 212.24 0 0
153632 -0.25 -0.17 -0.62 77.14 -290.29 227.78 0 0
153639 -0.33 -0.25 -0.63 59.50 -285.74 236.60 0 0
153647 -0.49 -0.30 -0.61 44.73 -288.68 238.91 0 0
153655 -0.65 -0.37 -0.59 27.51 -297.99 239.26 0 0
153663 -0.74 -0.37 -0.57 19.53 -307.30 239.33 0 0
153670 -0.77 -0.35 -0.57 13.37 -315.07 238.77 0 0
153678 -0.81 -0.47 -0.56 14.49 -317.80 240.17 0 0
153686 -0.85 -0.63 -0.55 28.35 -314.65 241.08 0 0
153694 -0.89 -0.79 -0.51 52.15 -304.08 239.12 0 0
153702 -0.96 -0.87 -0.46 82.81 -295.68 234.29 0 0
153709 -0.98 -0.88 -0.44 130.41 -285.25 227.01 0 0
153717 -0.98 -0.86 -0.42 167.79 -269.29 219.73 0 0
153725 -1.00 -0.85 -0.38 197.33 -250.74 213.36 0 0
153733 -1.04 -0.82 -0.34 213.92 -232.19 208.11 0 0
153741 -1.10 -0.61 -0.31 213.92 -216.37 198.87 0 0
153749 -1.20 -0.39 -0.28 200.69 -198.80 187.25 0 0
153756 -1.24 -0.21 -0.24 180.32 -185.15 171.71 0 0
153764 -1.22 -0.18 -0.22 144.13 -168.77 154.56 0 0
153772 -1.18 -0.32 -0.20 115.43 -147.28 134.05 0 0
153779 -1.10 -0.55 -0.07 101.15 -122.71 110.25 0 0
153787 -1.02 -0.74 0.11 89.81 -99.05 82.18 0 0
153795 -0.94 -0.81 0.22 67.27 -76.58 52.71 0 0
153803 -0.88 -0.71 0.26 34.93 -54.81 14.49 0 0
153811 -0.84 -0.61 0.19 4.34 -23.80 -12.95 0 0
153819 -0.79 -0.62 0.09 -19.11 2.31 -40.81 2 0
153826 -0.73 -0.69 -0.03 -35.84 28.84 -68.53 0 0
153834 -0.69 -0.84 -0.14 -41.02 52.78 -94.78 0 0
153842 -0.76 -0.91 -0.11 -30.24 71.47 -114.87 0 0
153850 -1.36 -0.63 0.06 -9.80 76.86 -130.34 0 0
153858 -1.96 -0.42 0.36 31.08 79.24 -129.50 0 15
153865 -2.02 0.15 0.08 69.72 62.79 -104.93 0 32
153873 -1.86 0.47 -0.26 41.09 40.81 -84.28 0 49
153881 -1.84 0.46 -0.23 3.43 52.64 -95.69 0 151
153888 -1.76 0.64 -0.51 14.14 90.30 -117.25 0 57
153896 -1.66 0.50 -0.82 68.11 116.27 -139.09 0 57
153904 -1.39 -0.14 -0.85 128.03 129.71 -153.93 0 93
153912 -1.02 -0.71 -0.53 164.64 129.08 -155.68 0 45
153919 -0.75 -0.94 -0.11 172.13 116.34 -149.31 0 50
153927 -0.69 -1.07 0.32 157.50 95.97 -145.95 0 46
153935 -0.87 -1.40 0.36 114.73 72.52 -153.93 0 46
153942 -1.09 -1.54 -0.03 42.91 64.12 -159.60 0 54
153950 -1.20 -0.94 -0.02 -10.50 56.91 -148.12 0 36
153958 -1.02 -0.55 0.08 -71.26 44.31 -118.30 0 37
153966 -0.81 -0.31 0.08 -131.95 28.70 -88.69 0 32
153973 -0.80 -0.37 -0.14 -143.78 22.61 -75.39 0 34
153981 -0.85 -0.53 -0.39 -127.68 32.13 -70.91 0 34
153989 -0.88 -0.84 -0.53 -84.07 47.18 -69.93 0 22
153997 -0.97 -0.91 -0.59 -17.01 57.82 -73.71 0 19
154005 -1.16 -0.93 -0.41 28.56 55.09 -76.44 0 6
154013 -1.23 -0.55 -0.23 30.80 38.85 -76.23 0 4
154021 -1.18 -0.11 -0.15 -1.26 22.47 -71.61 0 4
154028 -1.11 0.18 -0.04 -34.93 13.16 -65.73 0 0
154036 -1.03 0.31 0.04 -69.02 11.06 -58.87 0 0
154044 -0.94 0.13 0.15 -97.09 16.80 -50.89 0 0
154052 -0.95 -0.23 0.19 -105.28 21.84 -49.28 0 0
154059 -1.00 -0.55 0.21 -94.92 24.08 -50.26 0 0
154067 -1.05 -0.70 0.22 -76.51 21.98 -51.66 0 0
154075 -1.06 -0.56 0.23 -58.94 18.13 -52.36 0 0
154083 -1.06 -0.26 0.23 -47.39 16.31 -51.52 0 0
154091 -1.03 -0.03 0.21 -51.17 17.01 -51.66 0 0
154098 -1.01 0.09 0.19 -57.61 21.14 -53.41 0 0
154106 -1.02 0.13 0.16 -59.99 27.37 -54.88 0 0
154114 -1.05 0.07 0.14 -57.40 32.48 -55.93 0 0
154121 -1.07 -0.11 0.14 -49.28 34.51 -57.82 1 0
154129 -1.03 -0.19 0.16 -40.11 35.84 -60.41 0 0
154137 -0.93 -0.18 0.16 -32.69 38.78 -62.58 0 0
154145 -0.91 -0.16 0.14 -29.12 41.58 -63.98 0 0
154153 -0.92 -0.13 0.11 -31.15 44.10 -66.01 1 0
154160 -0.93 -0.10 0.13 -35.63 46.34 -68.11 1 0
154168 -0.93 -0.11 0.12 -40.25 50.05 -69.30 1 0
154176 -0.94 -0.16 0.12 -39.69 54.39 -70.21 2 0
154184 -0.94 -0.22 0.14 -37.94 57.96 -71.61 4 0
154191 -0.95 -0.21 0.15 -34.51 60.27 -73.57 6 0
154199 -0.95 -0.12 0.15 -31.78 64.47 -75.18 8 0
154207 -0.94 -0.07 0.18 -29.40 68.32 -77.35 11 0
154215 -0.95 -0.05 0.21 -27.30 73.99 -79.17 15 0
154222 -0.95 -0.05 0.28 -25.97 80.85 -81.90 16 0
154230 -1.00 -0.02 0.43 -26.95 87.85 -84.84 22 0
154238 -1.08 0.04 0.51 -27.58 94.71 -87.92 24 0
154246 -1.17 0.06 0.56 -27.44 102.48 -92.19 27 0
154253 -1.29 0.12 0.63 -29.82 107.94 -99.75 33 0
154261 -1.41 0.23 0.62 -33.39 114.31 -105.28 36 0
154269 -1.51 0.37 0.56 -37.66 123.20 -111.09 50 0
154276 -1.60 0.43 0.49 -42.84 131.95 -117.88 76 0
154284 -1.58 0.49 0.46 -50.47 137.13 -123.27 70 0
154292 -1.68 0.57 0.39 -61.60 143.22 -127.40 52 0
154299 -1.68 0.67 0.39 -70.98 149.38 -130.41 58 0
154307 -1.66 0.73 0.43 -81.34 155.82 -131.67 59 0
154315 -1.67 0.84 0.51 -92.82 162.12 -132.93 64 0
154323 -1.73 1.03 0.59 -103.25 168.91 -134.89 120 0
154330 -1.80 1.23 0.56 -112.70 176.05 -138.88 132 0
154338 -1.84 1.10 0.52 -115.50 185.08 -142.87 70 0
154346 -1.82 0.69 0.63 -115.15 205.24 -148.61 83 0
154354 -1.80 0.10 1.00 -119.35 216.86 -155.40 30 0
154361 -2.07 -0.70 1.06 -114.52 220.57 -158.27 18 0
154369 -2.32 -1.43 0.67 -90.86 219.52 -148.68 8 0
154377 -2.19 -1.70 0.24 -54.39 206.08 -127.96 0 0
154384 -1.82 -1.49 0.01 -8.96 188.58 -109.27 0 0
154392 -1.54 -1.05 -0.11 32.34 172.13 -73.99 0 0
154400 -1.44 -0.73 -0.05 61.32 156.10 -63.35 0 1
154408 -1.34 -1.02 -0.12 69.37 132.02 -39.20 0 0
154416 -1.04 -1.29 -0.38 51.17 92.75 -17.50 0 0
154423 -0.98 -1.07 -0.42 34.51 66.64 -0.84 0 0
154431 -1.07 -1.02 -0.56 -25.27 36.05 5.53 0 0
154439 -1.01 -0.78 -0.69 -65.45 16.52 10.15 0 0
154447 -0.96 -0.31 -0.66 -68.18 8.12 16.87 0 0
154454 -0.83 0.14 -0.57 -63.98 -2.31 34.02 0 2
154462 -0.82 0.14 -0.44 -73.99 -25.20 52.50 0 0
154470 -0.70 -0.11 -0.36 -98.70 -62.51 73.78 0 0
154478 -0.29 -0.24 -0.33 -131.04 -112.07 95.41 0 0
154486 -0.24 -0.19 -0.37 -145.74 -151.20 109.76 0 0
154493 -0.15 -0.15 -0.32 -176.89 -182.00 125.30 0 0
154501 -0.18 -0.05 -0.35 -190.33 -205.17 136.64 0 0
154509 -0.29 -0.06 -0.46 -187.18 -222.25 139.79 0 0
154517 -0.40 -0.21 -0.60 -167.30 -242.27 143.99 0 0
154525 -0.43 -0.37 -0.75 -129.29 -249.06 142.52 0 0
154533 -0.57 -0.56 -0.91 -74.34 -251.44 132.86 0 0
154541 -0.64 -0.71 -0.95 34.09 -249.55 126.07 0 0
154549 -0.57 -0.75 -0.85 113.05 -252.35 128.38 0 0
154557 -0.43 -0.69 -0.70 167.58 -268.45 144.34 0 0
154565 -0.32 -0.57 -0.61 196.63 -272.23 163.87 0 0
154572 -0.24 -0.43 -0.54 195.86 -282.17 185.92 0 0
154580 -0.27 -0.34 -0.53 173.53 -286.44 203.70 0 0
154588 -0.35 -0.23 -0.52 140.77 -289.38 216.16 0 0
154596 -0.45 -0.14 -0.49 118.37 -291.48 222.60 0 0
154604 -0.62 -0.12 -0.47 93.73 -293.44 229.60 0 0
154611 -0.76 -0.20 -0.42 63.98 -296.17 238.00 0 0
154619 -0.84 -0.28 -0.36 31.01 -300.65 248.08 0 0
154627 -0.92 -0.41 -0.28 -3.08 -308.77 253.33 0 0
154635 -0.99 -0.47 -0.28 -29.26 -315.91 255.15 0 0
154642 -1.05 -0.52 -0.31 -32.41 -314.93 253.05 0 0
154650 -1.08 -0.62 -0.39 4.62 -305.97 245.07 0 0
154658 -1.11 -0.77 -0.45 54.67 -293.16 232.12 0 0
154666 -1.13 -0.90 -0.54 112.49 -276.57 218.12 0 0
154673 -1.13 -0.95 -0.55 164.36 -256.55 206.43 0 0
154681 -1.11 -0.82 -0.48 197.61 -236.04 194.74 0 0
154689 -1.11 -0.56 -0.39 205.31 -218.33 185.36 0 0
154697 -1.15 -0.30 -0.36 190.19 -200.76 174.86 0 0
154705 -1.18 -0.20 -0.36 161.98 -183.26 162.54 0 0
154712 -1.16 -0.29 -0.25 145.95 -157.99 144.97 0 0
154720 -1.10 -0.50 -0.17 139.44 -132.37 123.13 0 0
154728 -1.00 -0.75 -0.09 135.59 -105.91 99.05 0 0
154736 -0.88 -0.82 0.06 132.65 -77.84 70.35 0 0
154743 -0.73 -0.64 0.26 116.97 -50.82 27.23 0 0
154751 -0.66 -0.52 0.32 73.92 -28.63 -4.41 0 0
154759 -0.65 -0.49 0.24 29.05 12.81 -33.25 0 0
154766 -0.63 -0.56 0.11 -1.89 30.94 -62.72 0 0
154774 -0.65 -0.71 -0.05 -19.25 57.05 -91.70 0 0
154782 -0.70 -0.87 -0.19 -30.31 78.26 -116.62 0 0
154790 -0.78 -0.96 -0.32 -34.44 91.63 -136.29 0 0
154798 -1.35 -0.47 -0.03 -12.32 90.93 -144.27 0 0
154806 -2.29 0.14 0.85 50.89 79.94 -123.90 0 17
154814 -2.44 0.17 0.51 73.64 40.81 -90.30 0 70
154821 -2.07 -0.24 -0.09 1.82 14.91 -80.15 0 89
154829 -1.46 0.18 -0.28 -39.06 51.03 -95.20 0 76
154837 -1.54 0.74 -0.53 15.54 106.75 -120.75 0 82
154844 -1.93 0.31 -0.88 87.71 117.95 -142.66 0 55
154852 -1.54 -0.29 -1.00 165.20 130.55 -158.13 0 82
154860 -0.99 -0.69 -0.54 196.28 133.42 -162.12 0 80
154868 -0.79 -0.73 0.03 186.97 122.92 -159.60 0 33
154875 -0.88 -1.08 0.43 157.92 98.21 -166.18 0 41
154883 -1.13 -1.62 0.13 92.12 79.24 -179.76 0 36
154891 -1.24 -1.35 -0.04 34.58 74.76 -179.34 0 45
154899 -0.96 -0.81 0.03 -12.74 62.09 -154.63 0 53
154906 -0.62 -0.55 0.12 -76.44 41.65 -116.97 0 48
154914 -0.57 -0.41 0.02 -145.39 22.33 -89.88 0 40
154922 -0.74 -0.47 -0.35 -161.35 28.21 -80.08 0 33
154930 -0.89 -0.60 -0.51 -141.33 41.51 -75.39 0 34
154937 -1.03 -0.72 -0.67 -81.20 48.79 -76.72 0 26
154945 -1.11 -1.02 -0.69 -13.44 56.91 -80.15 0 19
154953 -1.14 -0.99 -0.46 17.15 52.92 -81.27 0 15
154961 -1.19 -0.59 -0.32 20.86 38.36 -78.05 0 12
154969 -1.16 -0.22 -0.20 6.65 23.87 -72.80 0 2
154976 -1.13 -0.02 -0.07 -18.90 12.60 -66.36 0 4
154984 -1.02 0.07 0.09 -59.22 9.31 -56.70 0 1
154992 -0.94 0.10 0.14 -92.47 10.36 -49.84 0 0
155000 -0.97 -0.16 0.12 -101.78 13.16 -48.09 0 0
155007 -1.02 -0.48 0.12 -95.48 17.08 -48.23 0 0
155015 -1.08 -0.62 0.15 -81.69 17.71 -49.49 0 0
155023 -1.13 -0.51 0.17 -61.88 12.39 -50.19 0 0
155031 -1.09 -0.30 0.18 -43.26 11.20 -50.12 0 0
155039 -1.02 -0.10 0.21 -41.37 12.74 -50.54 0 0
155046 -1.01 0.06 0.20 -42.56 18.55 -51.80 0 0
155054 -1.05 0.15 0.19 -42.00 25.48 -53.13 0 0
155062 -1.12 0.09 0.19 -40.67 29.47 -55.51 0 0
155069 -1.13 -0.04 0.20 -37.38 31.01 -58.45 0 0
155077 -1.04 -0.08 0.20 -33.32 32.20 -61.81 1 0
155085 -0.91 -0.08 0.19 -30.17 37.24 -63.91 0 0
155093 -0.88 -0.11 0.20 -27.72 41.37 -65.80 0 0
155101 -0.88 -0.15 0.19 -30.03 44.03 -68.18 1 0
155108 -0.89 -0.14 0.19 -31.43 46.76 -70.91 1 0
155116 -0.89 -0.11 0.19 -34.58 49.56 -73.15 2 0
155124 -0.90 -0.08 0.17 -38.99 53.76 -75.11 5 0
155132 -0.89 -0.07 0.19 -40.46 57.75 -77.28 6 0
155139 -0.92 -0.07 0.19 -40.95 61.67 -79.17 8 0
155147 -0.92 -0.10 0.20 -37.24 66.64 -80.64 10 0
155155 -0.93 -0.12 0.20 -32.13 69.86 -82.81 14 0
155163 -0.97 -0.12 0.23 -28.42 74.83 -84.63 16 0
155171 -0.99 -0.09 0.30 -26.39 81.27 -86.73 20 0
155179 -1.05 -0.09 0.35 -27.72 87.78 -89.60 24 0
155187 -1.11 -0.10 0.42 -28.84 94.43 -92.54 23 0
155194 -1.21 -0.09 0.47 -28.49 99.47 -95.06 26 0
155202 -1.34 -0.03 0.48 -31.99 107.52 -98.14 34 0
155210 -1.43 0.10 0.47 -32.55 114.10 -101.36 44 0
155217 -1.46 0.23 0.49 -33.74 120.96 -106.61 52 0
155225 -1.47 0.39 0.52 -38.29 128.87 -111.65 71 0
155233 -1.49 0.54 0.53 -43.47 136.50 -116.76 61 0
155240 -1.54 0.69 0.60 -48.72 143.57 -122.50 53 0
155248 -1.62 0.87 0.58 -62.44 149.73 -129.78 63 0
155256 -1.63 0.96 0.56 -75.67 154.21 -135.24 66 0
155264 -1.77 1.06 0.57 -89.67 158.55 -141.68 52 0
155271 -1.87 1.19 0.58 -105.77 166.11 -145.11 127 0
155279 -1.94 1.17 0.51 -117.81 175.21 -146.93 134 0
155287 -1.93 1.07 0.46 -126.42 188.51 -150.08 91 0
155295 -1.86 0.81 0