=~=~=~=~=~=~=~=~=~=~=~= PuTTY log 2023.04.14 11:13:32 =~=~=~=~=~=~=~=~=~=~=~=
214047 -0.95 -0.24 -0.20 1.54 -1.47 0.98 0 0
214055 -0.95 -0.24 -0.20 1.26 -1.68 1.05 0 0
214063 -0.95 -0.24 -0.20 1.19 -1.75 0.98 0 0
214070 -0.94 -0.25 -0.20 1.05 -1.61 0.91 0 0
214078 -0.94 -0.26 -0.20 1.68 -1.61 0.91 0 0
214086 -0.94 -0.26 -0.20 1.12 -1.47 1.12 0 0
214094 -0.94 -0.26 -0.21 1.33 -1.75 1.05 0 0
214101 -0.95 -0.26 -0.20 1.54 -1.54 0.98 0 0
214109 -0.95 -0.27 -0.22 1.05 -1.89 1.40 0 0
214117 -0.95 -0.27 -0.22 1.19 -1.82 1.47 0 0
214125 -0.95 -0.26 -0.22 1.19 -1.96 1.61 0 0
214133 -0.95 -0.27 -0.22 0.70 -2.31 1.89 0 1
214141 -0.94 -0.27 -0.23 0.77 -2.31 2.17 0 3
214149 -0.94 -0.26 -0.22 1.19 -2.31 2.45 0 1
214157 -0.93 -0.27 -0.23 0.77 -2.73 2.52 0 2
214164 -0.93 -0.26 -0.21 1.68 -2.31 2.03 0 1
214172 -0.94 -0.26 -0.22 0.84 -2.52 2.17 0 2
214180 -0.94 -0.25 -0.21 1.40 -2.31 2.38 0 3
214188 -0.94 -0.26 -0.21 1.05 -2.59 2.59 0 0
214196 -0.95 -0.24 -0.20 0.91 -2.80 2.38 0 0
214204 -0.95 -0.24 -0.20 0.98 -2.66 2.24 0 0
214212 -0.96 -0.24 -0.20 0.70 -2.73 2.03 0 1
214220 -0.96 -0.22 -0.19 1.40 -2.38 1.96 0 1
214227 -0.96 -0.25 -0.21 0.42 -2.66 2.31 0 0
214235 -0.95 -0.24 -0.20 0.70 -2.87 2.45 0 0
214243 -0.95 -0.25 -0.20 0.35 -2.94 2.45 0 1
214251 -0.95 -0.27 -0.21 -0.42 -3.29 2.66 0 0
214259 -0.94 -0.25 -0.21 0.35 -3.08 2.24 0 0
214266 -0.94 -0.25 -0.21 0.21 -3.01 2.17 0 0
214274 -0.94 -0.24 -0.22 -0.14 -2.94 2.03 0 1
214282 -0.94 -0.25 -0.21 -0.49 -3.01 2.45 0 0
214290 -0.94 -0.24 -0.20 -0.28 -3.29 2.24 0 0
214298 -0.95 -0.24 -0.20 -0.42 -3.29 1.75 0 1
214306 -0.95 -0.24 -0.20 -0.70 -3.08 1.89 0 1
214313 -0.95 -0.23 -0.19 0.28 -2.80 2.10 0 1
214321 -0.95 -0.24 -0.20 0.14 -3.01 2.17 0 1
214329 -0.95 -0.24 -0.19 -0.14 -3.08 1.96 0 1
214337 -0.95 -0.25 -0.20 -0.49 -3.01 1.75 0 2
214345 -0.95 -0.23 -0.20 -0.28 -2.87 1.61 0 1
214353 -0.95 -0.22 -0.19 0.21 -2.52 1.19 0 1
214360 -0.96 -0.23 -0.19 0.42 -2.24 1.05 0 1
214368 -0.96 -0.24 -0.19 0.14 -2.24 1.12 0 1
214376 -0.95 -0.24 -0.19 0.14 -2.52 1.61 0 2
214384 -0.95 -0.26 -0.20 0.07 -2.94 1.89 0 3
214391 -0.95 -0.25 -0.20 0.91 -2.80 1.47 0 2
214399 -0.95 -0.25 -0.21 0.84 -2.59 1.26 0 2
214407 -0.95 -0.23 -0.21 1.19 -2.10 1.19 0 1
214414 -0.95 -0.24 -0.21 0.63 -2.31 1.33 0 0
214422 -0.95 -0.24 -0.20 -0.49 -2.73 1.54 0 1
214430 -0.95 -0.24 -0.20 -1.47 -3.15 1.61 0 2
214438 -0.95 -0.26 -0.20 -1.61 -3.15 1.82 0 1
214446 -0.94 -0.25 -0.20 -0.42 -2.94 1.54 0 3
214453 -0.94 -0.26 -0.20 0.07 -2.59 1.61 0 1
214461 -0.95 -0.24 -0.20 0.63 -2.45 1.75 0 2
214469 -0.95 -0.25 -0.20 0.77 -2.45 1.68 0 1
214476 -0.95 -0.23 -0.19 0.28 -2.59 1.54 0 2
214484 -0.96 -0.22 -0.19 0.21 -2.52 1.33 0 1
214492 -0.96 -0.24 -0.20 -0.84 -2.73 1.96 0 1
214500 -0.95 -0.25 -0.20 -0.84 -3.08 2.31 0 3
214507 -0.94 -0.26 -0.20 -0.28 -2.87 2.10 0 2
214515 -0.95 -0.27 -0.20 0.14 -2.80 1.96 0 2
214523 -0.95 -0.25 -0.21 0.42 -2.66 1.89 0 3
214531 -0.95 -0.25 -0.21 0.56 -2.52 1.96 0 3
214539 -0.95 -0.24 -0.20 0.91 -2.66 2.10 0 2
214547 -0.96 -0.24 -0.20 -0.14 -3.08 2.38 0 2
214554 -0.96 -0.23 -0.20 -1.26 -3.36 2.45 0 3
214562 -0.95 -0.25 -0.21 -1.96 -3.57 2.66 0 2
214570 -0.95 -0.26 -0.21 -1.96 -3.57 3.08 0 3
214578 -0.94 -0.27 -0.22 -1.61 -3.92 3.29 0 2
214586 -0.94 -0.27 -0.22 -0.63 -3.85 3.15 0 1
214594 -0.95 -0.26 -0.22 -0.49 -3.71 3.15 0 2
214602 -0.96 -0.25 -0.21 -0.98 -3.92 3.50 0 1
214609 -0.96 -0.25 -0.21 -2.03 -4.41 3.92 0 2
214617 -0.96 -0.24 -0.21 -3.01 -4.76 4.13 0 3
214625 -0.96 -0.24 -0.21 -4.20 -5.32 4.13 0 2
214633 -0.96 -0.25 -0.21 -5.39 -5.39 4.55 0 2
214641 -0.95 -0.26 -0.21 -5.04 -5.53 4.97 0 2
214649 -0.94 -0.25 -0.20 -3.85 -5.25 4.62 0 3
214657 -0.94 -0.25 -0.20 -3.50 -4.90 4.48 0 2
214665 -0.94 -0.24 -0.20 -3.57 -4.90 4.69 0 1
214673 -0.94 -0.24 -0.19 -2.80 -4.83 4.69 0 2
214680 -0.93 -0.25 -0.18 -1.96 -4.55 4.83 0 3
214688 -0.93 -0.26 -0.19 -1.12 -4.41 5.25 0 3
214696 -0.93 -0.27 -0.19 1.33 -4.20 5.25 0 2
214704 -0.95 -0.26 -0.19 2.94 -4.20 5.11 0 3
214711 -0.96 -0.24 -0.19 3.50 -3.99 5.11 0 4
214719 -0.97 -0.23 -0.19 3.15 -3.64 5.11 0 4
214727 -0.96 -0.22 -0.18 2.73 -3.78 5.46 0 1
214735 -0.97 -0.22 -0.18 2.38 -3.92 5.25 0 1
214743 -0.97 -0.21 -0.17 1.54 -3.78 4.83 0 1
214750 -0.97 -0.21 -0.18 0.42 -3.92 4.83 0 2
214758 -0.97 -0.20 -0.18 -0.49 -4.13 4.76 0 1
214766 -0.96 -0.21 -0.18 -1.47 -4.34 4.83 0 3
214774 -0.96 -0.22 -0.18 -2.17 -4.48 4.83 0 2
214782 -0.96 -0.22 -0.18 -1.89 -4.34 4.20 0 2
214790 -0.97 -0.21 -0.18 -1.75 -4.27 3.78 0 3
214797 -0.97 -0.22 -0.19 -2.17 -3.85 4.06 0 2
214805 -0.96 -0.21 -0.18 -2.59 -4.06 4.27 0 2
214813 -0.96 -0.20 -0.18 -3.43 -4.13 3.99 0 1
214821 -0.97 -0.20 -0.18 -3.85 -4.13 3.36 0 2
214829 -0.97 -0.21 -0.18 -4.62 -3.71 3.15 0 1
214837 -0.97 -0.21 -0.18 -4.48 -3.85 3.29 0 0
214845 -0.98 -0.21 -0.18 -4.83 -4.13 3.43 0 1
214852 -0.98 -0.21 -0.18 -5.81 -4.41 3.64 0 1
214860 -0.96 -0.23 -0.19 -7.63 -4.48 3.85 0 1
214868 -0.95 -0.24 -0.19 -7.84 -4.62 3.78 0 1
214876 -0.95 -0.24 -0.20 -7.28 -4.48 3.78 0 0
214884 -0.95 -0.25 -0.19 -6.30 -4.41 3.99 0 1
214892 -0.94 -0.24 -0.19 -5.67 -3.71 3.99 0 0
214900 -0.94 -0.25 -0.19 -5.04 -3.50 3.99 0 1
214907 -0.93 -0.24 -0.19 -3.78 -3.43 4.34 0 0
214915 -0.94 -0.25 -0.18 -2.94 -3.50 4.48 0 1
214923 -0.95 -0.23 -0.17 -1.82 -3.57 4.41 0 0
214931 -0.97 -0.22 -0.17 -1.19 -3.29 3.99 0 0
214939 -0.97 -0.19 -0.17 -0.98 -2.80 3.64 0 1
214947 -0.97 -0.18 -0.16 -0.91 -2.38 3.22 0 0
214955 -0.97 -0.17 -0.15 -1.19 -2.17 2.66 0 0
214962 -0.97 -0.17 -0.15 -1.96 -2.24 2.73 0 0
214970 -0.97 -0.20 -0.16 -2.66 -2.73 3.15 0 0
214978 -0.97 -0.21 -0.16 -2.31 -2.80 3.43 0 0
214986 -0.97 -0.21 -0.17 -2.24 -2.66 3.08 0 0
214994 -0.97 -0.21 -0.17 -1.68 -1.89 2.59 0 0
215002 -0.97 -0.20 -0.18 -1.68 -1.33 2.31 0 0
215010 -0.97 -0.19 -0.18 -1.61 -0.98 2.10 0 0
215018 -0.98 -0.18 -0.17 -2.24 -0.91 1.75 0 0
215026 -0.97 -0.18 -0.17 -3.29 -0.77 1.33 0 0
215033 -0.98 -0.18 -0.16 -3.99 -0.91 0.98 0 0
215041 -0.99 -0.17 -0.16 -3.99 -0.56 0.63 0 0
215049 -1.00 -0.16 -0.16 -3.64 -0.28 0.00 0 0
215057 -0.99 -0.14 -0.16 -3.08 0.49 -1.05 0 0
215065 -0.99 -0.13 -0.15 -2.87 1.26 -2.31 0 0
215073 -0.99 -0.11 -0.14 -3.01 1.89 -4.13 0 0
215081 -1.00 -0.11 -0.14 -3.15 2.38 -5.25 0 0
215088 -1.02 -0.11 -0.14 -3.57 2.45 -5.81 0 0
215096 -1.03 -0.12 -0.15 -4.27 2.59 -6.16 0 0
215104 -1.02 -0.14 -0.15 -4.13 2.94 -6.30 0 1
215112 -1.00 -0.16 -0.15 -2.80 3.15 -6.72 0 1
215120 -0.98 -0.19 -0.16 -1.19 3.57 -6.93 0 1
215127 -0.98 -0.21 -0.16 1.05 3.99 -7.35 0 0
215135 -0.98 -0.21 -0.17 3.57 4.20 -7.70 0 1
215143 -0.99 -0.21 -0.16 5.32 4.20 -7.98 0 0
215151 -0.99 -0.21 -0.17 5.32 3.92 -8.54 0 0
215159 -1.00 -0.21 -0.17 3.01 2.87 -8.61 0 0
215167 -0.99 -0.20 -0.17 0.35 1.26 -8.75 0 0
215174 -0.99 -0.19 -0.18 -2.73 -0.35 -8.61 0 0
215182 -0.98 -0.18 -0.18 -6.37 -2.59 -8.40 0 0
215190 -0.97 -0.19 -0.18 -10.64 -4.76 -8.19 0 1
215198 -0.95 -0.22 -0.18 -14.77 -5.81 -7.35 0 0
215206 -0.94 -0.23 -0.20 -20.09 -7.21 -6.23 0 0
215214 -0.94 -0.22 -0.23 -22.75 -8.47 -4.69 0 0
215222 -0.94 -0.19 -0.25 -25.83 -9.80 -3.22 0 0
215230 -0.96 -0.16 -0.28 -29.68 -10.64 -1.89 0 0
215238 -0.97 -0.17 -0.31 -32.90 -11.13 0.70 0 0
215246 -0.96 -0.18 -0.32 -32.76 -11.62 3.57 0 0
215253 -0.94 -0.23 -0.32 -29.40 -12.60 6.30 0 0
215261 -0.92 -0.26 -0.32 -24.50 -13.09 8.19 0 1
215269 -0.91 -0.26 -0.31 -18.97 -13.23 10.29 0 3
215277 -0.92 -0.24 -0.30 -13.58 -12.95 12.11 0 0
215285 -0.92 -0.22 -0.27 -8.47 -11.97 14.28 0 0
215293 -0.92 -0.21 -0.26 -3.43 -11.41 16.52 0 0
215301 -0.92 -0.21 -0.26 -2.38 -11.41 18.62 0 0
215309 -0.93 -0.20 -0.25 -2.52 -11.83 20.65 0 0
215316 -0.93 -0.19 -0.26 -3.50 -12.32 23.10 0 0
215324 -0.94 -0.17 -0.26 -4.90 -12.67 25.06 0 1
215332 -0.93 -0.15 -0.25 -5.53 -12.32 26.74 0 0
215340 -0.93 -0.16 -0.24 -5.60 -12.04 27.72 0 0
215348 -0.93 -0.16 -0.23 -5.04 -11.69 28.63 0 0
215356 -0.94 -0.16 -0.22 -5.11 -11.13 29.19 0 0
215364 -0.94 -0.16 -0.22 -4.69 -10.71 29.82 0 0
215372 -0.95 -0.16 -0.22 -4.20 -10.85 30.94 0 0
215379 -0.96 -0.15 -0.22 -3.99 -10.64 31.43 0 0
215387 -0.96 -0.14 -0.22 -4.06 -10.57 31.64 0 0
215395 -0.96 -0.14 -0.22 -3.64 -10.22 31.78 0 0
215403 -0.96 -0.13 -0.21 -2.52 -9.73 31.08 0 0
215411 -0.96 -0.13 -0.20 -2.03 -9.03 30.38 0 0
215419 -0.97 -0.13 -0.20 -2.03 -8.26 30.10 0 0
215427 -0.97 -0.13 -0.20 -1.54 -7.42 30.45 0 0
215435 -0.97 -0.14 -0.21 -0.63 -6.86 30.87 0 1
215444 -0.97 -0.15 -0.21 0.28 -6.51 31.01 0 0
215452 -0.97 -0.14 -0.21 1.19 -6.23 31.29 0 0
215460 -0.97 -0.13 -0.21 2.52 -5.74 31.43 0 0
215468 -0.97 -0.13 -0.20 4.48 -5.32 31.64 0 0
215476 -0.96 -0.12 -0.18 6.72 -4.48 31.08 0 0
215483 -0.95 -0.12 -0.17 8.61 -4.06 30.10 0 0
215491 -0.94 -0.12 -0.16 9.73 -4.27 28.42 0 0
215499 -0.95 -0.11 -0.15 10.92 -4.13 25.97 0 0
215507 -0.96 -0.10 -0.15 11.48 -3.50 24.08 0 0
215515 -0.96 -0.10 -0.15 11.34 -2.73 22.89 0 0
215523 -0.97 -0.08 -0.16 11.34 -1.89 21.98 0 0
215531 -0.98 -0.07 -0.16 11.20 -1.19 21.56 0 0
215539 -0.98 -0.07 -0.15 10.29 -0.91 20.51 0 0
215547 -0.98 -0.06 -0.15 9.17 -0.91 18.69 0 0
215554 -0.98 -0.06 -0.13 8.82 -0.70 16.87 0 0
215562 -0.99 -0.06 -0.14 8.05 -0.42 15.40 0 0
215570 -0.98 -0.08 -0.15 7.21 -0.14 14.49 0 0
215578 -0.98 -0.08 -0.15 7.56 0.63 13.93 0 0
215585 -0.97 -0.10 -0.16 7.70 1.19 13.93 0 0
215593 -0.97 -0.11 -0.16 8.19 0.98 14.07 0 0
215601 -0.96 -0.10 -0.15 9.80 0.28 13.09 0 0
215608 -0.96 -0.10 -0.15 11.34 0.49 11.20 0 0
215616 -0.96 -0.09 -0.14 12.53 0.77 9.17 0 0
215624 -0.96 -0.08 -0.15 12.04 1.12 7.35 0 0
215632 -0.98 -0.08 -0.16 11.48 1.47 6.44 0 0
215640 -0.98 -0.08 -0.15 11.76 1.89 5.74 0 0
215647 -0.97 -0.08 -0.15 12.04 2.10 4.62 0 0
215655 -0.97 -0.07 -0.14 11.90 2.10 2.10 0 0
215663 -0.98 -0.06 -0.13 11.48 2.24 -0.42 0 0
215671 -0.97 -0.05 -0.12 11.13 3.01 -3.43 0 0
215678 -0.96 -0.04 -0.12 10.71 3.71 -6.09 0 0
215686 -0.95 -0.05 -0.12 10.78 4.69 -8.54 0 0
215694 -0.94 -0.06 -0.11 12.04 5.53 -11.20 0 0
215702 -0.94 -0.09 -0.10 12.67 6.37 -13.58 0 0
215709 -0.95 -0.12 -0.12 11.20 6.09 -15.19 0 0
215717 -0.92 -0.13 -0.13 10.92 5.88 -17.43 0 0
215725 -0.94 -0.12 -0.12 12.53 6.51 -19.88 0 0
215732 -0.96 -0.11 -0.11 14.14 7.28 -22.12 0 0
215740 -0.93 -0.15 -0.14 12.88 7.35 -23.45 0 0
215748 -0.95 -0.17 -0.16 11.83 6.65 -24.29 0 1
215756 -0.94 -0.20 -0.16 12.81 5.39 -24.71 0 0
215763 -0.94 -0.20 -0.15 13.58 4.13 -26.18 0 0
215771 -0.95 -0.19 -0.15 12.60 2.87 -27.65 0 0
215779 -0.95 -0.19 -0.14 10.99 1.61 -28.56 0 0
215787 -0.94 -0.20 -0.14 9.59 0.56 -28.77 0 0
215795 -0.92 -0.23 -0.16 7.56 -1.61 -28.00 0 0
215803 -0.91 -0.25 -0.18 5.32 -3.92 -27.09 0 0
215810 -0.89 -0.25 -0.18 2.24 -6.16 -26.18 0 0
215818 -0.90 -0.25 -0.17 -0.98 -8.61 -25.13 0 0
215826 -0.90 -0.24 -0.19 -4.13 -11.06 -24.22 0 0
215834 -0.93 -0.17 -0.21 -7.63 -14.91 -24.78 0 0
215842 -1.11 -0.11 -0.21 -12.53 -20.09 -23.94 0 0
215850 -1.05 -0.09 -0.24 -21.63 -20.44 -22.40 0 0
215858 -1.08 -0.13 -0.19 -21.56 -21.98 -19.60 0 0
215866 -1.07 -0.19 -0.18 -17.22 -22.54 -17.85 0 0
215874 -1.04 -0.14 -0.20 -14.14 -22.26 -20.72 0 0
215882 -1.07 -0.06 -0.19 -10.50 -19.67 -21.84 0 0
215890 -1.06 -0.09 -0.17 -0.49 -16.59 -20.72 0 0
215898 -1.04 -0.14 -0.18 8.12 -13.65 -18.97 0 0
215906 -1.03 -0.13 -0.18 14.07 -12.11 -18.34 0 0
215914 -1.03 -0.10 -0.14 15.89 -12.11 -19.46 0 0
215922 -1.03 -0.11 -0.13 14.98 -11.76 -20.58 0 0
215929 -1.01 -0.11 -0.13 14.35 -11.76 -20.72 0 0
215937 -1.01 -0.12 -0.12 13.02 -11.97 -20.72 0 0
215945 -1.00 -0.14 -0.11 10.57 -11.97 -21.14 0 0
215953 -1.00 -0.16 -0.09 7.00 -12.67 -21.98 0 0
215961 -0.99 -0.19 -0.09 2.10 -13.30 -22.54 0 0
215969 -0.99 -0.23 -0.11 -0.56 -14.00 -21.84 0 1
215977 -0.97 -0.24 -0.13 0.21 -14.35 -21.42 0 0
215984 -0.95 -0.27 -0.14 5.25 -13.93 -21.35 0 0
215992 -0.95 -0.29 -0.14 10.85 -13.44 -20.79 0 0
216000 -0.96 -0.28 -0.14 15.96 -13.16 -19.88 0 0
216008 -0.97 -0.26 -0.14 19.74 -12.74 -18.97 0 0
216016 -1.01 -0.22 -0.13 21.77 -13.37 -18.76 0 0
216024 -1.00 -0.19 -0.11 20.09 -14.49 -18.62 0 0
216032 -0.98 -0.19 -0.10 14.28 -14.70 -18.13 0 0
216040 -0.97 -0.21 -0.09 11.41 -15.12 -17.78 0 0
216048 -0.96 -0.25 -0.08 11.20 -14.84 -17.50 1 0
216055 -0.95 -0.29 -0.09 10.64 -14.14 -17.01 0 0
216063 -0.94 -0.31 -0.10 11.41 -13.37 -16.59 0 0
216071 -0.94 -0.30 -0.11 14.21 -13.65 -16.17 0 0
216079 -0.96 -0.29 -0.10 16.73 -14.07 -14.98 0 0
216087 -0.98 -0.29 -0.09 16.10 -14.21 -13.93 0 0
216094 -0.98 -0.31 -0.10 16.10 -13.93 -13.23 0 1
216102 -0.97 -0.32 -0.10 16.17 -13.44 -12.88 0 0
216110 -0.95 -0.32 -0.10 16.52 -12.18 -12.11 0 0
216118 -0.94 -0.31 -0.09 16.73 -12.18 -11.27 0 0
216126 -0.94 -0.32 -0.08 16.38 -12.74 -10.15 0 0
216134 -0.96 -0.32 -0.08 14.91 -12.67 -9.59 0 0
216142 -0.97 -0.32 -0.07 13.79 -12.32 -9.17 0 0
216149 -0.97 -0.32 -0.06 12.46 -11.83 -8.61 0 0
216157 -0.96 -0.31 -0.06 10.50 -11.83 -7.98 0 0
216165 -0.95 -0.31 -0.05 8.61 -11.90 -7.56 0 0
216173 -0.96 -0.31 -0.06 7.21 -11.41 -6.86 0 0
216181 -0.96 -0.31 -0.06 6.09 -11.27 -6.51 0 0
216189 -0.97 -0.30 -0.06 4.83 -11.13 -6.30 1 0
216196 -0.96 -0.28 -0.06 4.55 -11.20 -6.16 3 0
216204 -0.95 -0.26 -0.04 4.20 -10.85 -5.60 0 0
216212 -0.96 -0.31 -0.05 3.15 -10.43 -4.34 0 1
216220 -0.96 -0.34 -0.05 4.20 -10.01 -4.06 0 1
216228 -0.95 -0.34 -0.05 5.18 -9.38 -3.92 0 0
216236 -0.94 -0.33 -0.07 3.99 -9.31 -3.36 0 1
216243 -0.93 -0.32 -0.07 2.80 -9.59 -2.66 0 0
216251 -0.94 -0.32 -0.08 0.84 -9.52 -2.66 0 0
216259 -0.95 -0.31 -0.07 0.14 -9.24 -2.94 0 0
216267 -0.96 -0.29 -0.07 -0.56 -8.61 -2.45 0 0
216275 -0.96 -0.28 -0.06 -1.05 -8.33 -2.45 0 0
216283 -0.95 -0.26 -0.05 -1.54 -8.05 -2.31 1 0
216291 -0.95 -0.26 -0.04 -1.82 -7.49 -1.89 0 0
216299 -0.97 -0.28 -0.04 -1.75 -6.86 -1.75 0 2
216307 -0.96 -0.30 -0.04 -1.12 -6.30 -1.96 1 0
216315 -0.95 -0.29 -0.04 -1.12 -5.81 -1.82 1 0
216322 -0.94 -0.29 -0.05 -2.31 -5.81 -1.47 0 0
216330 -0.94 -0.29 -0.06 -3.99 -6.23 -1.61 0 0
216338 -0.93 -0.28 -0.09 -5.67 -6.16 -1.89 0 0
216346 -0.92 -0.27 -0.08 -6.65 -6.23 -2.17 0 0
216354 -0.91 -0.26 -0.07 -6.72 -5.81 -2.80 0 0
216362 -0.92 -0.26 -0.04 -6.37 -4.97 -3.71 0 0
216370 -0.93 -0.23 -0.02 -4.62 -4.06 -4.62 0 2
216378 -0.94 -0.21 0.01 -4.27 -3.36 -5.60 0 0
216386 -0.95 -0.20 0.03 -4.83 -2.66 -6.30 0 0
216394 -0.96 -0.20 0.04 -4.90 -2.66 -5.74 0 1
216402 -0.98 -0.23 0.02 -3.92 -1.05 -4.97 1 3
216410 -1.01 -0.28 -0.01 -1.96 -0.35 -4.62 0 4
216418 -1.02 -0.29 -0.03 0.35 0.00 -4.34 0 5
216425 -1.01 -0.28 -0.06 1.26 1.19 -4.41 0 2
216433 -0.99 -0.29 -0.08 1.19 1.54 -3.71 0 5
216441 -0.97 -0.32 -0.09 0.42 1.19 -2.24 0 4
216449 -0.95 -0.35 -0.09 0.56 1.19 -1.82 0 6
216457 -0.94 -0.38 -0.10 1.19 1.19 -1.05 0 5
216465 -0.94 -0.40 -0.10 1.89 1.19 0.35 0 8
216472 -0.93 -0.40 -0.10 3.64 0.84 1.61 0 7
216480 -0.91 -0.39 -0.08 5.95 0.77 1.40 0 7
216488 -0.91 -0.35 -0.07 7.98 0.56 0.91 0 7
216495 -0.92 -0.31 -0.05 8.68 0.42 0.35 0 7
216503 -0.95 -0.27 -0.03 8.82 0.14 -0.42 0 9
216511 -0.96 -0.23 0.00 9.31 0.14 -1.33 0 8
216519 -0.98 -0.20 0.04 9.94 1.19 -2.31 0 10
216526 -1.00 -0.18 0.05 10.50 1.82 -3.22 0 17
216534 -1.00 -0.16 0.05 11.27 2.52 -3.92 0 12
216542 -0.99 -0.15 0.07 13.51 3.57 -4.97 0 15
216549 -0.97 -0.15 0.08 15.12 4.83 -6.30 0 12
216557 -0.97 -0.15 0.07 17.01 6.23 -7.91 0 15
216565 -0.97 -0.16 0.08 18.97 7.56 -9.10 0 14
216572 -0.97 -0.16 0.08 20.30 8.68 -11.06 0 13
216580 -0.98 -0.15 0.08 21.21 9.73 -12.95 0 12
216588 -0.98 -0.15 0.07 20.86 11.13 -14.49 0 11
216595 -0.99 -0.17 0.05 19.67 11.97 -14.98 0 12
216603 -1.00 -0.19 0.03 17.78 12.60 -15.75 0 9
216611 -0.98 -0.21 0.01 15.75 13.51 -16.80 0 9
216618 -0.97 -0.22 -0.02 13.23 13.93 -17.57 0 12
216626 -0.96 -0.24 -0.04 9.59 14.07 -17.78 0 10
216634 -0.95 -0.26 -0.06 7.21 14.49 -17.99 0 9
216642 -0.95 -0.29 -0.08 5.04 15.05 -18.27 0 12
216650 -0.95 -0.32 -0.08 4.13 15.40 -18.41 0 11
216658 -0.94 -0.33 -0.08 3.22 15.68 -18.48 0 11
216665 -0.96 -0.32 -0.08 1.75 15.47 -18.13 0 11
216673 -0.96 -0.31 -0.08 0.00 15.33 -17.99 0 10
216681 -0.96 -0.31 -0.06 -2.03 15.33 -18.13 0 9
216689 -0.96 -0.32 -0.05 -4.69 15.54 -18.48 0 10
216697 -0.96 -0.32 -0.06 -5.81 15.82 -18.76 0 11
216704 -0.96 -0.31 -0.05 -6.30 15.82 -18.69 0 11
216712 -0.96 -0.30 -0.05 -7.14 16.31 -19.32 0 11
216720 -0.96 -0.28 -0.05 -8.33 17.08 -20.02 0 11
216728 -0.96 -0.26 -0.06 -9.45 17.71 -20.72 0 11
216736 -0.95 -0.25 -0.04 -10.29 18.55 -21.56 0 12
216744 -0.94 -0.25 -0.02 -10.36 19.81 -22.89 0 12
216752 -0.94 -0.24 -0.00 -9.80 21.14 -23.94 0 10
216759 -0.96 -0.22 0.00 -9.24 22.33 -25.90 0 10
216767 -0.97 -0.20 0.03 -9.59 23.10 -27.72 0 10
216775 -0.99 -0.18 0.04 -11.76 24.92 -29.40 0 10
216783 -0.99 -0.15 0.04 -15.19 25.76 -30.94 0 12
216791 -0.97 -0.14 0.05 -17.08 27.72 -32.97 0 12
216798 -0.96 -0.14 0.06 -19.81 30.24 -35.70 0 7
216806 -0.97 -0.11 0.08 -21.28 31.99 -38.22 0 6
216814 -0.98 -0.08 0.12 -21.49 34.30 -41.86 0 6
216822 -1.00 -0.05 0.13 -23.03 37.17 -45.50 0 3
216830 -1.02 -0.01 0.13 -24.22 42.00 -49.70 0 1
216837 -0.99 0.05 0.15 -23.52 45.78 -54.53 0 0
216845 -0.95 0.08 0.18 -22.68 49.98 -59.36 0 3
216853 -0.94 0.09 0.20 -20.65 54.88 -64.61 0 0
216861 -0.95 0.09 0.23 -16.87 59.71 -69.72 0 1
216868 -1.00 0.07 0.24 -13.30 63.42 -75.25 1 2
216876 -1.06 0.07 0.19 -9.38 66.36 -80.78 0 0
216883 -1.12 0.10 0.14 -7.35 68.67 -87.85 0 2
216891 -1.15 0.15 0.09 -8.82 72.17 -98.63 0 3
216899 -1.19 0.19 0.05 -13.09 74.83 -105.49 1 3
216906 -1.23 0.17 0.04 -18.06 76.86 -112.77 0 2
216914 -1.34 0.14 0.06 -22.89 80.43 -120.75 0 0
216922 -1.49 0.19 0.08 -25.48 81.83 -129.50 5 3
216930 -1.63 0.21 0.07 -28.91 86.38 -140.21 7 1
216938 -1.79 0.27 -0.00 -29.68 90.86 -149.73 8 0
216945 -1.91 0.33 -0.04 -27.79 93.73 -157.99 16 0
216953 -1.98 0.26 -0.12 -25.41 97.65 -165.62 22 1
216961 -2.01 0.20 -0.10 -23.45 102.69 -172.97 28 0
216968 -1.99 0.03 -0.06 -20.37 107.59 -174.44 33 1
216976 -1.97 -0.18 -0.03 -17.22 119.42 -173.25 35 0
216984 -1.86 -0.43 0.01 -18.06 123.90 -166.53 38 0
216992 -1.76 -0.70 0.01 -20.72 118.02 -157.71 38 1
217000 -1.65 -0.94 -0.02 -22.75 112.42 -145.60 20 0
217008 -1.48 -1.20 -0.15 -22.68 103.53 -132.23 5 0
217015 -1.25 -1.38 -0.33 -22.40 92.47 -119.98 7 0
217023 -1.09 -1.35 -0.47 -21.70 81.06 -102.69 0 0
217031 -0.96 -1.36 -0.61 -20.51 58.24 -87.43 0 0
217039 -0.89 -1.21 -0.73 -21.00 40.46 -72.87 0 0
217047 -0.97 -0.85 -0.78 -21.84 27.44 -53.83 0 0
217055 -1.08 -0.38 -0.47 -18.27 16.45 -25.97 0 0
217063 -1.05 -0.41 -0.33 -21.14 9.31 7.07 0 0
217070 -0.84 -0.80 -0.31 -30.03 -10.08 42.42 0 0
217078 -0.59 -0.92 -0.33 -33.53 -35.49 61.39 0 0
217086 -0.52 -0.80 -0.34 -22.75 -63.98 81.69 0 0
217094 -0.57 -0.67 -0.33 10.64 -75.88 105.70 0 0
217102 -0.55 -0.63 -0.32 39.48 -87.08 130.41 0 0
217109 -0.52 -0.66 -0.32 66.50 -94.08 150.85 0 0
217117 -0.46 -0.69 -0.33 87.92 -95.62 167.44 0 0
217125 -0.41 -0.66 -0.33 103.25 -94.15 186.34 0 0
217133 -0.38 -0.54 -0.30 113.61 -93.03 200.62 0 0
217141 -0.36 -0.46 -0.28 119.00 -95.48 214.13 0 0
217148 -0.35 -0.42 -0.26 120.82 -101.57 226.38 0 0
217156 -0.35 -0.35 -0.24 115.64 -107.31 238.28 0 0
217164 -0.35 -0.28 -0.22 104.30 -113.89 248.15 0 0
217172 -0.37 -0.23 -0.20 88.41 -120.40 255.92 0 0
217179 -0.37 -0.20 -0.19 71.12 -126.77 262.15 0 0
217187 -0.38 -0.21 -0.18 56.07 -134.19 267.40 0 0
217195 -0.42 -0.22 -0.20 45.99 -138.04 271.60 0 0
217202 -0.43 -0.23 -0.20 40.95 -139.44 274.33 0 0
217210 -0.44 -0.23 -0.20 37.10 -143.36 274.96 0 0
217218 -0.48 -0.21 -0.20 34.02 -145.18 274.26 0 0
217226 -0.52 -0.19 -0.19 30.03 -147.14 272.79 0 0
217233 -0.56 -0.16 -0.19 26.95 -148.47 270.20 0 1
217241 -0.60 -0.14 -0.17 23.94 -150.50 266.56 0 0
217249 -0.62 -0.08 -0.15 19.88 -153.37 262.78 0 0
217257 -0.65 -0.02 -0.10 12.88 -153.72 258.65 1 1
217265 -0.66 0.05 0.01 7.98 -150.50 252.49 0 0
217272 -0.70 0.10 0.10 2.31 -143.29 245.07 0 1
217280 -0.78 0.09 0.16 -7.28 -138.81 237.79 0 0
217288 -0.86 0.03 0.16 -20.72 -135.59 230.51 0 0
217295 -0.91 -0.03 0.16 -31.64 -131.46 221.69 0 1
217303 -0.96 -0.08 0.14 -41.72 -126.56 212.17 0 0
217311 -1.02 -0.09 0.11 -46.34 -120.33 202.16 0 0
217319 -1.07 -0.12 -0.01 -47.39 -112.21 191.52 0 0
217326 -1.14 -0.20 -0.14 -45.08 -107.10 180.60 0 0
217334 -1.15 -0.24 -0.21 -36.82 -101.92 162.12 0 0
217342 -1.08 -0.17 -0.20 -24.85 -95.27 143.08 0 0
217350 -1.08 -0.10 -0.11 -14.49 -82.53 121.59 0 0
217358 -1.16 -0.07 0.00 -4.48 -70.42 99.33 0 0
217365 -1.20 -0.12 0.06 8.68 -56.07 76.23 0 0
217373 -1.16 -0.21 0.10 20.02 -40.67 52.57 0 0
217380 -1.12 -0.27 0.08 27.93 -25.48 25.27 0 2
217388 -1.07 -0.27 0.05 35.35 -9.17 -3.64 0 0
217396 -1.01 -0.28 0.04 40.53 7.70 -33.11 0 0
217404 -0.98 -0.28 -0.02 44.17 24.22 -81.06 0 0
217411 -0.95 -0.37 -0.06 48.02 38.36 -103.88 0 0
217419 -0.77 -0.57 -0.11 49.42 52.36 -132.86 0 0
217427 -0.78 -0.79 -0.24 47.39 58.52 -156.59 0 0
217435 -0.81 -0.96 -0.16 57.89 69.58 -172.41 0 2
217442 -0.73 -0.89 -0.16 77.28 84.91 -177.80 0 21
217450 -0.90 -0.58 -0.11 101.01 92.05 -161.56 0 36
217458 -1.27 -0.08 -0.08 122.50 91.91 -130.06 0 31
217466 -1.72 0.16 0.10 131.18 76.65 -100.66 0 33
217473 -1.72 0.31 -0.01 110.67 58.38 -102.76 0 31
217481 -1.27 0.45 -0.26 86.66 54.11 -105.91 0 64
217489 -0.83 0.13 -0.48 77.63 68.53 -110.67 0 24
217497 -0.81 -0.18 -0.55 87.99 89.81 -113.33 0 23
217504 -1.05 -0.67 -0.47 120.68 97.58 -112.56 0 18
217512 -1.20 -0.83 -0.32 136.85 86.10 -116.20 0 48
217520 -1.39 -0.82 -0.19 130.62 67.34 -129.50 0 101
217528 -1.57 -0.87 -0.16 94.01 50.19 -143.08 0 18
217535 -1.54 -0.84 -0.28 37.87 36.54 -149.66 0 47
217543 -1.27 -0.78 -0.38 -13.58 34.79 -142.31 0 26
217551 -0.62 -0.93 -0.35 -44.03 37.31 -122.22 0 17
217559 -0.39 -1.25 -0.33 -58.87 24.29 -107.45 0 15
217567 -0.45 -1.47 -0.38 -68.39 13.23 -101.01 0 10
217575 -0.71 -1.59 -0.44 -59.64 13.93 -94.85 0 8
217583 -1.00 -1.60 -0.42 -33.53 17.22 -82.32 0 9
217590 -1.16 -1.45 -0.45 -3.92 17.43 -60.62 0 7
217598 -1.15 -1.19 -0.50 17.50 18.76 -52.08 0 6
217606 -1.01 -0.88 -0.53 29.61 19.74 -47.88 0 12
217614 -0.98 -0.59 -0.52 32.27 18.06 -42.84 0 9
217622 -1.05 -0.37 -0.43 15.82 10.78 -38.22 0 9
217630 -1.13 -0.23 -0.29 -6.58 3.50 -34.79 1 2
217638 -1.14 -0.14 -0.18 -30.66 -2.73 -32.97 0 1
217645 -1.13 -0.08 -0.06 -54.18 -10.92 -31.64 0 1
217653 -1.09 -0.09 -0.01 -71.96 -16.52 -29.61 0 2
217661 -1.05 -0.16 0.03 -81.69 -16.73 -27.30 0 0
217669 -1.00 -0.26 0.06 -80.64 -15.47 -26.32 0 13
217677 -0.92 -0.32 0.08 -73.85 -13.30 -25.97 0 11
217685 -0.88 -0.32 0.10 -64.05 -11.34 -25.06 0 0
217693 -0.87 -0.29 0.10 -55.37 -9.52 -23.52 0 1
217701 -0.87 -0.28 0.09 -49.00 -7.07 -22.68 0 1
217709 -0.85 -0.30 0.06 -44.73 -5.53 -22.61 0 0
217717 -0.85 -0.28 0.01 -44.94 -5.04 -23.24 0 0
217724 -0.83 -0.22 0.04 -45.99 -4.69 -24.92 0 0
217732 -0.82 -0.09 0.07 -49.21 -2.38 -29.05 0 0
217740 -0.84 -0.03 0.07 -55.58 1.68 -32.83 0 0
217748 -0.86 0.03 0.08 -62.44 3.22 -37.73 0 0
217756 -0.86 0.10 0.14 -65.87 4.83 -44.17 0 0
217763 -0.83 0.14 0.24 -66.50 7.35 -51.03 0 0
217771 -0.82 0.16 0.29 -66.71 11.48 -57.61 0 0
217779 -0.81 0.18 0.34 -62.65 16.66 -63.84 0 0
217787 -0.81 0.21 0.35 -57.12 21.07 -70.21 0 0
217794 -0.82 0.37 0.28 -53.13 25.34 -77.07 0 0
217802 -0.84 0.28 0.21 -49.56 27.72 -81.83 0 0
217810 -0.84 0.21 0.14 -46.06 31.57 -86.03 0 0
217817 -0.88 0.06 0.07 -45.29 36.19 -89.39 0 0
217825 -0.98 -0.11 -0.03 -43.96 39.27 -91.63 4 0
217833 -1.07 -0.24 -0.08 -39.48 42.14 -93.38 0 0
217841 -1.12 -0.30 -0.07 -37.94 44.31 -94.92 4 0
217848 -1.10 -0.28 -0.01 -40.04 46.48 -95.97 5 0
217856 -1.06 -0.24 0.04 -42.63 48.65 -97.65 7 0
217864 -1.04 -0.21 0.11 -41.09 47.81 -99.54 11 0
217872 -1.04 -0.16 0.21 -39.20 49.77 -102.34 16 0
217879 -1.16 -0.06 0.28 -35.49 53.20 -107.10 26 0
217887 -1.27 0.07 0.31 -29.19 55.37 -111.93 30 0
217895 -1.34 0.26 0.28 -24.64 57.89 -117.32 36 0
217903 -1.31 0.37 0.24 -18.97 66.50 -123.41 35 0
217910 -1.28 0.36 0.28 -16.80 76.37 -128.59 37 0
217918 -1.36 0.27 0.23 -14.56 87.64 -135.10 41 0
217926 -1.59 0.28 0.15 -15.33 94.64 -143.01 44 0
217933 -1.71 0.35 0.20 -21.63 97.86 -152.18 60 0
217941 -1.71 0.38 0.29 -31.22 103.39 -162.82 60 0
217949 -1.69 0.40 0.29 -39.76 107.87 -169.89 62 0
217956 -1.71 0.43 0.24 -45.50 109.20 -177.59 62 0
217964 -1.79 0.40 0.24 -47.18 110.88 -185.64 67 0
217972 -1.91 0.31 0.35 -43.40 115.15 -193.27 70 0
217979 -2.04 0.31 0.38 -37.80 117.53 -200.97 72 0
217987 -2.16 0.41 0.28 -31.92 122.01 -210.42 69 0
217995 -2.30 0.55 0.12 -29.19 123.48 -219.31 68 0
218003 -2.37 0.58 0.11 -28.42 125.09 -230.09 67 0
218010 -2.46 0.59 0.17 -30.80 125.51 -241.50 58 0
218018 -2.46 0.56 0.41 -37.66 123.90 -249.55 43 0
218026 -2.26 0.55 0.91 -30.73 143.36 -256.34 25 0
218033 -2.05 0.39 0.84 -67.06 156.10 -245.21 12 0
218041 -1.96 -0.10 0.25 -139.86 143.08 -207.83 0 1
218049 -1.84 -1.02 -0.41 -231.77 98.21 -161.00 3 0
218057 -1.48 -1.65 -0.59 -257.25 51.52 -133.00 1 0
218065 -1.10 -2.29 -0.66 -226.87 8.68 -117.25 1 0
218072 -1.02 -2.52 -1.22 -195.23 -21.07 -112.00 2 0
218080 -1.12 -1.29 -1.40 -149.59 -34.44 -97.51 2 1
218088 -1.29 -0.95 -1.36 -104.58 -30.17 -67.13 3 0
218096 -1.16 -0.93 -1.15 -81.62 -32.13 -25.27 0 0
218104 -0.87 -0.89 -0.98 -89.53 -44.45 12.95 1 1
218112 -0.61 -0.88 -0.85 -93.87 -65.10 40.88 1 0
218120 -0.36 -1.10 -0.84 -89.39 -91.70 72.87 1 0
218128 -0.20 -1.14 -0.84 -73.08 -115.64 96.95 0 0
218136 -0.10 -1.17 -0.85 -40.25 -143.15 122.50 0 0
218144 -0.04 -1.11 -0.85 1.82 -158.13 147.98 0 0
218151 -0.02 -1.02 -0.85 62.86 -166.88 174.23 0 0
218159 -0.00 -0.93 -0.86 117.39 -164.71 196.91 0 1
218167 0.04 -0.89 -0.87 162.89 -160.65 214.41 0 0
218175 0.10 -0.84 -0.83 199.64 -156.31 229.74 0 0
218182 0.16 -0.75 -0.74 225.75 -149.59 239.47 0 0
218190 0.22 -0.61 -0.63 242.90 -140.14 251.44 0 0
218198 0.27 -0.44 -0.53 248.22 -129.57 265.72 0 0
218206 0.27 -0.33 -0.49 242.48 -127.19 282.17 0 0
218214 0.28 -0.24 -0.46 224.14 -122.71 298.13 0 0
218221 0.26 -0.18 -0.42 190.54 -132.51 314.65 0 0
218229 0.24 -0.10 -0.39 152.11 -141.96 330.61 0 0
218236 0.20 -0.02 -0.36 110.32 -148.75 344.54 0 0
218244 0.06 -0.01 -0.33 66.71 -159.25 374.15 0 0
218252 -0.05 -0.16 -0.38 30.45 -171.85 366.31 0 0
218260 -0.11 -0.28 -0.40 10.15 -196.35 369.67 0 0
218268 -0.12 -0.41 -0.42 -2.03 -186.97 371.35 0 0
218275 -0.17 -0.44 -0.41 15.12 -187.11 374.22 0 0
218283 -0.18 -0.46 -0.42 9.94 -185.01 379.54 0 0
218291 -0.19 -0.47 -0.40 21.91 -184.24 382.97 0 0
218299 -0.31 -0.54 -0.41 37.03 -184.45 384.16 0 0
218307 -0.42 -0.63 -0.45 50.33 -186.06 386.40 0 1
218314 -0.59 -0.64 -0.41 58.17 -189.14 389.62 0 0
218322 -0.69 -0.47 -0.16 68.53 -182.14 385.21 0 0
218330 -0.79 -0.24 0.14 83.86 -163.87 377.51 0 0
218337 -1.03 -0.13 0.23 88.97 -148.61 363.93 0 0
218345 -1.36 -0.17 0.13 72.59 -143.50 345.38 0 0
218353 -1.54 -0.02 0.08 58.59 -141.26 316.96 0 0
218361 -1.57 0.60 0.24 43.19 -133.42 269.64 0 0
218368 -1.54 1.17 0.57 10.22 -115.85 211.54 0 0
218376 -1.41 1.37 0.86 -40.88 -96.25 154.35 0 0
218384 -1.33 0.48 0.71 -93.10 -83.93 108.08 0 0
218391 -1.19 -1.28 0.23 -123.06 -83.23 51.03 0 0
218399 -0.64 -0.47 0.25 -70.49 -29.33 -24.15 0 0
218407 -0.63 -0.16 0.21 -20.79 23.24 -97.02 3 0
218415 -0.95 -0.65 0.09 4.34 32.48 -133.14 0 0
218422 -0.83 -1.04 -0.19 5.67 43.26 -160.65 0 0
218430 -0.57 -1.09 -0.48 12.81 62.58 -185.15 0 0
218438 -0.35 -1.22 -0.50 48.72 91.07 -201.32 0 0
218446 -0.26 -1.85 -0.49 102.83 114.87 -216.72 0 1
218454 -0.85 -1.79 -0.58 160.30 134.33 -211.54 1 27
218462 -1.90 -0.96 -0.50 236.39 145.67 -172.90 0 41
218470 -2.92 0.11 -0.38 278.39 98.49 -132.93 0 36
218478 -3.23 0.74 -0.26 235.69 57.26 -123.48 0 32
218485 -2.67 1.12 -0.27 156.03 36.05 -149.45 0 34
218493 -1.95 0.98 -0.32 99.75 39.34 -164.57 0 37
218501 -1.30 -0.03 -0.65 87.92 81.69 -167.44 1 28
218509 -0.85 -0.99 -0.90 106.19 126.28 -158.69 0 35
218517 -0.71 -1.57 -0.97 131.95 127.19 -152.88 0 16
218525 -0.69 -1.83 -0.54 159.18 94.92 -166.11 1 29
218533 -0.85 -2.27 -0.65 132.02 72.24 -197.75 0 46
218541 -0.95 -1.82 -0.63 59.01 82.60 -209.72 0 25
218548 -0.98 -1.13 -0.64 9.38 91.28 -171.08 0 9
218556 -0.40 -0.82 -0.59 -22.05 26.46 -138.04 0 6
218564 -0.54 -1.20 -0.52 -94.64 -3.64 -129.15 0 4
218572 -1.06 -1.31 -0.41 -102.90 -23.45 -113.12 0 2
218580 -1.12 -1.49 -0.53 -82.81 -16.03 -74.62 0 2
218588 -1.11 -1.90 -0.50 -49.98 -0.70 -72.31 0 7
218596 -1.01 -1.83 -0.55 -3.08 27.93 -65.59 0 0
218604 -0.88 -1.54 -0.60 57.19 31.36 -60.97 0 0
218612 -0.91 -1.07 -0.55 59.78 17.85 -58.73 0 0
218620 -1.08 -0.51 -0.33 32.27 0.21 -55.09 0 4
218627 -1.19 0.06 -0.18 -10.57 -19.04 -47.67 0 1
218636 -1.20 0.22 -0.11 -56.00 -31.36 -41.72 1 0
218643 -1.12 0.10 -0.06 -92.12 -30.10 -36.82 0 0
218651 -1.02 -0.12 -0.04 -119.07 -22.61 -32.55 0 0
218659 -0.93 -0.37 -0.06 -111.65 -14.07 -29.89 1 0
218667 -0.93 -0.65 -0.02 -91.07 -9.59 -27.58 0 0
218675 -1.00 -0.70 0.02 -66.01 -11.55 -28.14 0 1
218683 -1.06 -0.61 0.03 -37.66 -13.09 -28.00 0 0
218691 -1.09 -0.42 -0.01 -29.40 -12.74 -26.67 0 0
218699 -1.06 -0.19 -0.02 -33.46 -12.25 -26.88 0 1
218707 -0.94 0.09 0.06 -43.54 -10.15 -31.15 0 0
218715 -0.82 0.23 0.13 -59.08 -6.86 -35.70 0 0
218723 -0.70 0.33 0.17 -76.65 -1.54 -40.67 0 1
218731 -0.63 0.35 0.23 -88.90 4.34 -49.35 2 0
218738 -0.65 0.40 0.35 -85.82 9.66 -59.08 3 0
218746 -0.63 0.45 0.48 -80.15 17.71 -68.39 3 0
218754 -0.62 0.47 0.64 -74.55 23.66 -77.42 1 0
218762 -0.63 0.45 0.64 -68.04 29.68 -85.96 2 0
218769 -0.65 0.44 0.57 -59.99 33.04 -95.06 3 0
218777 -0.66 0.40 0.44 -54.67 32.34 -102.27 7 0
218785 -0.68 0.31 0.33 -55.93 30.24 -108.57 9 0
218792 -0.73 0.15 0.17 -64.61 29.26 -113.05 16 0
218800 -0.79 -0.07 -0.01 -76.02 32.20 -115.85 16 0
218808 -0.89 -0.24 -0.20 -85.54 35.35 -118.16 24 0
218816 -0.98 -0.34 -0.37 -87.78 35.77 -119.63 37 0
218824 -1.03 -0.35 -0.37 -91.63 36.61 -120.26 31 0
218832 -1.03 -0.23 -0.29 -92.40 41.79 -117.67 27 0
218840 -0.98 -0.16 -0.17 -87.01 49.56 -117.25 30 0
218847 -0.97 -0.14 -0.08 -57.19 58.17 -117.60 33 0
218855 -1.06 -0.10 0.03 -46.76 64.12 -120.40 32 0
218863 -1.22 0.03 0.25 -24.71 69.37 -126.21 37 0
218871 -1.43 0.22 0.14 -7.49 75.74 -132.51 42 0
218879 -1.49 0.41 0.23 4.20 87.43 -141.12 44 0
218887 -1.50 0.45 0.37 7.49 102.27 -149.73 49 0
218894 -1.61 0.42 0.35 7.84 116.13 -158.69 53 0
218902 -1.92 0.44 0.33 1.75 117.74 -168.35 54 0
218910 -2.10 0.57 0.39 -3.22 134.61 -204.40 60 0
218917 -1.84 0.54 0.55 -18.41 125.16 -196.49 56 0
218925 -1.87 0.48 0.66 -23.94 130.48 -205.24 61 0
218933 -2.01 0.38 0.62 -19.25 134.89 -209.86 60 0
218941 -2.08 0.29 0.49 -10.15 138.60 -215.25 58 0
218948 -2.17 0.28 0.43 -0.28 144.48 -232.82 81 0
218956 -2.59 0.46 0.28 4.27 145.88 -243.60 90 0
218964 -2.98 0.67 0.18 4.06 143.08 -253.96 50 0
218971 -3.11 0.84 0.17 -7.35 134.68 -259.14 45 0
218979 -2.89 0.95 0.57 -15.96 145.95 -273.07 32 0
218987 -2.38 0.78 1.19 -45.71 155.96 -280.07 1 0
218995 -2.01 0.18 0.72 -136.15 157.78 -250.04 0 0
219003 -1.86 -0.89 -0.42 -241.85 114.31 -202.58 0 0
219011 -1.48 -1.83 -0.75 -292.74 63.35 -167.58 3 0
219018 -1.15 -2.56 -0.94 -283.50 32.90 -154.63 4 0
219026 -1.29 -2.51 -1.41 -262.57 -7.70 -140.56 0 0
219034 -1.43 -1.40 -1.51 -191.17 -18.48 -119.77 0 0
219042 -1.48 -1.06 -1.36 -132.23 -25.34 -78.19 0 0
219050 -1.13 -1.16 -1.15 -111.51 -37.10 -12.81 0 0
219058 -0.57 -1.28 -1.00 -117.32 -65.03 22.75 0 0
219066 -0.28 -1.38 -0.93 -117.95 -94.78 47.32 0 0
219074 -0.12 -1.41 -0.95 -94.08 -122.22 69.44 0 0
219083 -0.09 -1.28 -1.02 -65.80 -166.46 108.50 0 0
219091 -0.07 -1.20 -1.16 -3.22 -183.05 135.24 0 0
219098 -0.02 -1.12 -1.26 64.19 -181.86 156.87 0 0
219106 -0.00 -1.01 -1.27 158.69 -170.03 172.20 0 0
219114 0.06 -0.95 -1.21 206.50 -159.04 184.38 0 0
219122 0.14 -0.78 -1.06 238.56 -153.09 195.86 0 0
219130 0.20 -0.61 -0.90 256.34 -147.70 207.48 0 0
219137 0.26 -0.48 -0.78 266.70 -141.89 222.53 0 0
219145 0.30 -0.32 -0.64 263.90 -148.61 247.52 0 0
219153 0.37 -0.20 -0.57 257.04 -155.75 268.66 0 0
219161 0.37 -0.12 -0.54 246.12 -157.15 289.66 0 0
219169 0.36 -0.09 -0.48 198.03 -172.97 311.36 0 0
219177 0.32 -0.03 -0.43 150.01 -185.36 328.16 0 0
219184 0.25 0.00 -0.41 101.85 -191.03 341.53 0 0
219192 0.13 -0.07 -0.38 57.12 -198.45 353.36 0 0
219200 -0.01 -0.23 -0.42 22.82 -208.81 366.24 0 0
219208 -0.06 -0.37 -0.48 4.90 -217.28 372.61 0 0
219216 -0.08 -0.46 -0.47 -7.35 -222.74 375.34 0 0
219224 0.01 -0.53 -0.47 -3.99 -220.22 376.25 0 0
219232 -0.04 -0.56 -0.44 3.50 -218.89 381.92 0 0
219239 -0.07 -0.58 -0.43 18.13 -213.64 390.04 0 0
219247 -0.12 -0.64 -0.38 37.94 -210.21 397.04 0 0
219255 -0.26 -0.65 -0.29 60.83 -201.60 399.77 0 0
219263 -0.34 -0.56 -0.19 82.32 -189.56 402.22 0 0
219271 -0.51 -0.49 -0.10 102.83 -177.66 403.27 0 0
219279 -0.69 -0.42 0.01 115.64 -163.94 398.86 0 0
219286 -0.95 -0.31 -0.16 131.25 -151.13 386.47 0 0
219294 -1.18 0.04 -0.46 140.00 -144.06 352.31 0 0
219302 -1.28 0.38 -0.45 131.04 -146.51 315.07 0 0
219310 -1.26 1.10 -0.10 125.51 -113.47 261.24 0 0
219317 -1.28 1.62 0.55 96.32 -87.22 201.81 0 0
219325 -1.33 1.46 0.96 41.30 -62.09 145.81 0 0
219333 -1.37 0.13 0.89 -29.82 -49.07 98.56 0 0
219340 -1.12 -1.43 0.23 -56.21 -49.49 52.99 0 0
219348 -0.43 -0.77 0.30 -13.44 5.74 -16.59 0 0
219356 -0.41 0.04 0.22 11.55 42.91 -92.89 0 0
219364 -0.83 -0.43 -0.02 5.53 44.80 -139.02 0 0
219372 -0.85 -0.89 -0.29 -9.94 51.38 -165.34 0 0
219380 -0.57 -1.07 -0.46 -36.54 56.42 -191.45 0 0
219388 -0.72 -0.97 -0.24 -6.86 87.22 -208.39 0 24
219396 -1.18 -0.88 -0.32 40.11 112.70 -214.13 0 44
219403 -1.86 -0.91 -0.30 114.94 140.98 -198.73 0 36
219411 -2.83 -0.11 0.09 166.46 142.10 -192.78 0 34
219419 -3.62 -0.28 0.10 199.29 126.56 -186.48 1 45
219427 -2.89 -0.47 -0.47 147.56 86.03 -194.39 1 40
219435 -1.72 -0.48 -0.57 104.44 58.31 -187.60 1 21
219442 -0.69 -0.49 -0.85 56.07 34.37 -170.52 0 21
219450 -0.07 -1.07 -1.60 42.14 47.25 -163.31 0 13
219458 0.30 -1.39 -1.45 50.47 75.53 -173.18 0 12
219466 0.05 -2.26 -1.31 72.31 96.81 -196.98 0 12
219474 -0.39 -2.53 -1.20 72.87 121.80 -203.21 0 13
219482 -1.00 -2.29 -0.86 62.23 110.25 -194.95 0 12
219490 -1.08 -2.03 -0.37 31.43 81.41 -174.02 0 13
219498 -0.84 -1.61 -0.56 -0.35 51.66 -133.91 0 13
219506 -0.91 -1.35 -0.42 -19.11 25.97 -109.34 0 10
219514 -1.28 -1.10 -0.24 -43.68 -18.76 -96.39 0 9
219522 -1.19 -1.10 -0.52 -32.76 -17.08 -82.11 0 8
219530 -1.09 -1.22 -0.51 -28.98 -7.35 -68.04 0 7
219538 -0.93 -1.29 -0.53 -23.03 9.87 -58.66 0 1
219546 -0.88 -1.13 -0.48 -5.67 28.63 -55.79 0 1
219554 -0.99 -0.94 -0.33 8.68 22.82 -49.07 1 0
219562 -1.06 -0.74 -0.26 -1.47 11.06 -43.61 0 0
219570 -1.11 -0.50 -0.22 -17.08 2.24 -37.45 0 1
219578 -1.07 -0.33 -0.14 -33.74 -7.07 -32.76 0 0
219586 -1.00 -0.17 -0.06 -47.74 -14.77 -29.54 0 1
219594 -0.94 -0.17 -0.00 -57.54 -17.01 -25.83 0 0
219602 -0.91 -0.22 0.02 -62.16 -15.54 -22.33 0 0
219610 -0.88 -0.29 0.01 -57.33 -11.55 -21.07 0 0
219618 -0.89 -0.38 0.03 -48.65 -7.91 -22.19 0 0
219626 -0.94 -0.37 0.04 -39.48 -7.70 -23.10 0 0
219634 -0.99 -0.25 0.01 -33.11 -10.36 -23.80 0 0
219642 -1.01 -0.07 0.04 -35.84 -13.58 -24.64 0 0
219650 -0.96 0.09 0.09 -47.67 -14.77 -27.30 0 1
219657 -0.89 0.27 0.18 -55.79 -10.01 -34.30 0 0
219665 -0.84 0.44 0.25 -69.02 -4.13 -43.68 0 0
219673 -0.78 0.52 0.31 -79.59 2.03 -52.08 0 0
219681 -0.74 0.55 0.37 -89.32 9.59 -59.22 0 0
219688 -0.73 0.47 0.44 -92.05 13.37 -68.81 3 0
219696 -0.72 0.31 0.47 -87.78 19.46 -78.54 0 0
219704 -0.71 0.26 0.48 -80.36 21.35 -84.63 2 0
219712 -0.74 0.25 0.45 -72.80 23.52 -90.79 2 0
219720 -0.76 0.16 0.35 -71.68 25.83 -98.49 2 0
219727 -0.80 0.05 0.21 -73.85 26.95 -102.34 4 0
219735 -0.88 -0.04 0.08 -80.36 27.72 -105.91 9 0
219743 -0.91 -0.13 -0.09 -87.78 29.19 -108.15 12 0
219751 -0.95 -0.20 -0.19 -87.43 32.13 -109.20 19 0
219759 -0.94 -0.30 -0.23 -82.32 38.36 -109.20 24 0
219767 -0.97 -0.28 -0.20 -72.31 45.08 -109.69 33 0
219775 -1.09 -0.17 -0.12 -55.30 71.19 -112.00 28 0
219783 -1.32 0.06 0.08 -36.89 62.37 -117.25 28 0
219790 -1.46 0.36 0.25 -19.60 67.90 -124.39 42 0
219798 -1.54 0.64 0.35 -5.11 74.34 -131.11 37 0
219806 -1.54 0.77 0.40 5.46 87.71 -140.56 56 0
219813 -1.49 0.69 0.50 9.45 100.87 -151.55 52 0
219821 -1.57 0.59 0.46 7.49 110.88 -162.19 59 0
219829 -1.80 0.56 0.38 -0.35 115.08 -172.76 60 0
219836 -1.99 0.59 0.36 -11.20 120.89 -199.36 63 0
219844 -1.86 0.65 0.37 -21.70 124.11 -206.99 67 0
219852 -1.72 0.65 0.42 -37.24 118.44 -212.03 73 0
219860 -1.81 0.62 0.38 -50.47 119.77 -219.80 75 0
219867 -1.99 0.54 0.36 -54.32 123.76 -229.53 78 0
219875 -2.21 0.51 0.35 -49.70 131.67 -241.92 76 0
219883 -2.48 0.47 0.27 -47.18 133.91 -252.35 84 0
219891 -2.74 0.43 0.19 -42.35 136.36 -256.69 59 0
219898 -2.94 0.46 0.17 -38.57 134.33 -258.44 54 1
219906 -2.93 0.59 0.47 -38.01 127.61 -262.57 34 0
219914 -2.55 0.63 1.18 -28.21 154.28 -284.27 8 0
219921 -2.19 0.31 0.89 -81.62 171.29 -260.82 2 0
219929 -2.07 -0.68 -0.03 -181.72 136.15 -200.90 0 0
219937 -1.70 -1.75 -0.61 -253.89 85.47 -149.87 3 0
219945 -1.20 -2.09 -0.69 -228.62 52.92 -130.13 2 0
219953 -0.90 -3.00 -1.05 -195.16 7.21 -120.68 0 0
219961 -0.97 -2.01 -1.35 -150.92 -25.97 -102.48 0 0
219969 -1.18 -1.20 -1.35 -92.68 -27.44 -71.68 0 0
219977 -1.27 -1.19 -1.15 -48.86 -28.91 -14.77 0 0
219985 -0.88 -1.34 -0.89 -42.35 -34.16 39.76 0 0
219993 -0.51 -1.41 -0.71 -49.91 -49.77 77.70 0 0
220001 -0.16 -1.52 -0.69 -45.36 -74.13 110.95 0 0
220009 0.07 -1.53 -0.74 -26.32 -106.47 132.79 0 0
220017 0.07 -1.40 -0.81 8.33 -127.89 159.25 0 0
220024 0.04 -1.23 -0.86 58.24 -147.00 186.83 0 0
220032 0.08 -1.07 -0.92 103.74 -147.98 210.49 0 0
220040 0.14 -0.85 -0.81 151.76 -138.25 229.74 0 0
220047 0.16 -0.76 -0.71 182.70 -132.02 245.70 0 0
220055 0.23 -0.71 -0.64 199.15 -127.54 259.28 0 0
220063 0.28 -0.66 -0.55 207.90 -123.55 278.04 0 0
220071 0.32 -0.52 -0.49 208.11 -125.72 293.02 0 0
220078 0.34 -0.39 -0.49 207.41 -127.54 307.44 0 0
220086 0.28 -0.28 -0.50 203.91 -126.63 321.72 0 0
220094 0.24 -0.18 -0.50 173.81 -134.68 336.28 0 0
220102 0.14 -0.06 -0.50 146.02 -146.09 346.85 0 0
220109 0.21 -0.04 -0.55 118.44 -149.10 353.92 0 0
220117 0.06 0.07 -0.51 91.07 -156.03 360.08 0 0
220125 -0.01 0.04 -0.47 65.59 -168.35 366.45 0 0
220132 -0.03 -0.08 -0.46 40.39 -179.13 369.67 0 0
220140 -0.09 -0.15 -0.42 21.21 -190.82 372.19 1 0
220148 -0.16 -0.28 -0.43 22.19 -189.42 370.37 0 0
220156 -0.30 -0.37 -0.40 31.36 -191.31 369.95 0 0
220164 -0.34 -0.45 -0.39 53.90 -188.58 371.49 2 0
220172 -0.31 -0.50 -0.34 74.41 -183.54 373.94 0 0
220180 -0.40 -0.57 -0.36 91.77 -182.49 373.38 0 0
220187 -0.55 -0.67 -0.35 103.25 -183.12 374.50 0 0
220195 -0.65 -0.44 -0.09 107.73 -163.52 375.13 0 0
220203 -0.67 -0.03 0.29 116.20 -161.91 371.00 1 0
220211 -0.83 0.15 0.37 104.93 -147.00 356.16 0 0
220218 -1.19 -0.05 0.25 71.54 -138.74 338.24 0 0
220226 -1.51 -0.02 0.19 45.08 -139.79 313.32 0 0
220234 -1.71 0.33 0.21 25.76 -134.40 269.15 0 0
220242 -1.66 0.83 0.49 1.96 -117.88 216.58 0 0
220249 -1.41 1.11 0.77 -39.69 -96.32 164.15 0 0
220257 -1.30 0.19 0.73 -93.03 -90.16 106.12 0 0
220265 -1.21 -0.87 0.29 -138.60 -99.26 67.41 0 0
220273 -0.79 -0.91 0.03 -130.90 -58.87 12.95 0 0
220280 -0.51 -0.25 0.05 -80.64 -17.57 -55.16 0 0
220288 -0.64 -0.59 0.02 -60.62 3.85 -101.43 0 0
220296 -0.64 -1.05 -0.25 -54.53 17.43 -130.76 0 0
220304 -0.50 -1.37 -0.46 -50.75 31.57 -160.65 0 0
220312 -0.37 -1.43 -0.54 -22.75 57.54 -174.02 0 0
220320 -0.20 -1.81 -0.59 31.64 93.80 -186.83 0 0
220328 -0.72 -1.92 -0.71 113.33 110.53 -196.63 1 30
220336 -1.36 -1.63 -0.60 168.00 125.02 -190.54 0 28
220344 -2.19 -0.36 -0.71 223.16 128.59 -174.72 0 33
220352 -2.98 1.25 -0.32 253.61 108.78 -137.20 0 35
220359 -3.66 1.10 -0.10 212.10 72.59 -152.32 1 28
220367 -3.32 1.08 -0.15 118.51 64.89 -182.63 0 78
220375 -2.34 0.35 -0.08 80.15 87.50 -192.15 0 24
220382 -1.28 -0.73 -0.42 103.74 84.35 -186.06 1 20
220390 -0.59 -1.58 -0.78 117.18 112.98 -183.05 1 45
220398 -0.02 -2.32 -1.07 119.63 129.22 -190.05 1 9
220406 0.17 -2.69 -0.97 112.77 116.62 -201.25 1 14
220413 -0.00 -2.26 -0.54 95.97 111.30 -207.69 2 13
220421 -0.33 -1.41 -0.81 37.24 85.05 -171.71 0 5
220429 -0.49 -1.33 -0.89 -23.52 41.72 -146.30 1 5
220437 -1.04 -1.28 -0.35 -73.92 -6.09 -139.72 1 7
220445 -1.21 -1.24 -0.54 -84.28 -17.78 -112.98 0 1
220453 -1.47 -1.54 -0.66 -56.21 -18.34 -85.61 0 0
220461 -1.25 -2.09 -0.81 -27.30 0.00 -56.14 1 0
220469 -0.93 -2.04 -0.87 23.52 41.93 -57.33 1 0
220477 -0.81 -1.60 -0.76 75.46 38.15 -61.11 1 0
220485 -0.94 -0.98 -0.65 73.85 16.59 -58.87 0 0
220493 -1.14 -0.39 -0.40 37.80 -11.83 -51.03 0 0
220500 -1.30 0.05 -0.24 -9.45 -31.71 -40.67 0 0
220508 -1.30 0.18 -0.13 -53.20 -38.71 -32.55 1 1
220516 -1.06 0.02 -0.04 -91.91 -26.11 -26.46 0 0
220524 -0.97 -0.25 -0.06 -106.96 -13.44 -21.70 0 0
220532 -0.91 -0.55 -0.01 -96.88 -9.24 -20.72 0 0
220540 -0.96 -0.66 0.06 -74.41 -12.95 -21.42 0 0
220548 -1.06 -0.58 0.10 -54.18 -18.62 -23.03 1 0
220556 -1.05 -0.39 0.11 -40.53 -19.60 -24.22 0 0
220564 -1.01 -0.18 0.12 -32.13 -15.12 -24.57 0 0
220572 -0.98 -0.02 0.12 -34.58 -12.53 -25.34 0 1
220580 -0.91 0.12 0.15 -46.20 -12.46 -28.07 3 0
220588 -0.81 0.29 0.19 -61.67 -10.43 -35.21 0 0
220596 -0.70 0.35 0.27 -70.98 -3.71 -43.40 0 0
220604 -0.56 0.43 0.39 -75.53 9.31 -51.94 0 1
220611 -0.50 0.56 0.48 -74.97 22.89 -61.25 0 0
220619 -0.58 0.64 0.63 -76.02 27.86 -73.99 1 0
220627 -0.53 0.62 0.69 -76.23 34.30 -86.10 2 0
220635 -0.54 0.55 0.68 -70.77 37.94 -91.77 3 0
220642 -0.59 0.36 0.61 -63.28 36.05 -98.70 7 0
220650 -0.62 0.20 0.50 -59.01 33.53 -105.07 9 0
220658 -0.66 0.05 0.38 -63.07 31.22 -111.93 13 0
220666 -0.77 -0.08 0.17 -74.62 32.48 -120.75 15 0
220674 -0.81 -0.20 -0.01 -98.07 29.40 -119.98 29 0
220682 -0.87 -0.26 -0.32 -114.31 26.04 -120.96 25 0
220690 -0.90 -0.28 -0.39 -119.70 24.15 -120.75 56 0
220697 -0.89 -0.32 -0.37 -127.68 26.60 -117.46 27 0
220705 -0.93 -0.31 -0.31 -122.92 38.08 -116.90 24 0
220713 -1.05 -0.27 -0.25 -103.53 52.57 -116.97 32 0
220721 -1.20 -0.17 -0.13 -62.37 63.42 -119.00 35 1
220729 -1.38 0.07 0.04 -34.51 66.78 -123.41 45 0
220737 -1.51 0.33 0.11 -15.19 72.87 -129.22 63 0
220744 -1.53 0.52 0.21 -5.18 82.81 -134.82 53 0
220752 -1.58 0.55 0.34 3.08 104.79 -167.09 59 0
220760 -1.58 0.47 0.37 0.21 108.57 -173.11 63 0
220768 -1.81 0.47 0.33 -6.93 109.20 -174.65 53 0
220775 -1.81 0.48 0.38 -17.64 113.54 -180.11 83 1
220783 -1.81 0.52 0.52 -24.64 117.46 -188.02 81 0
220791 -1.84 0.57 0.59 -31.29 119.98 -197.54 83 0
220799 -1.87 0.62 0.55 -32.76 127.47 -210.56 95 0
220806 -2.15 0.64 0.55 -32.76 131.32 -225.47 101 0
220814 -2.44 0.58 0.53 -30.59 134.75 -241.78 78 0
220822 -2.66 0.44 0.46 -25.76 138.11 -246.54 56 0
220830 -2.93 0.43 0.33 -25.27 138.95 -247.45 50 0
220837 -3.11 0.59 0.23 -25.48 134.96 -258.79 43 0
220845 -3.08 0.94 0.38 -22.54 141.68 -276.85 27 0
220853 -2.66 1.00 1.21 -35.49 154.42 -295.54 6 0
220860 -2.33 0.71 1.03 -116.06 171.99 -275.66 0 0
220868 -2.22 -0.22 -0.21 -242.76 147.07 -211.61 0 0
220876 -1.95 -1.70 -0.65 -302.33 92.33 -131.74 1 0
220884 -1.35 -2.40 -0.71 -282.94 36.40 -118.37 0 0
220892 -0.90 -3.23 -1.19 -239.26 -26.32 -114.38 0 0
220900 -1.05 -2.33 -1.54 -183.05 -55.30 -107.17 0 0
220908 -1.35 -1.20 -1.44 -116.48 -56.91 -89.81 0 0
220917 -1.38 -1.08 -1.15 -66.15 -58.94 -19.88 0 0
220925 -1.06 -1.16 -0.92 -64.68 -61.81 33.46 0 0
220933 -0.67 -1.27 -0.83 -80.99 -80.71 71.82 0 0
220941 -0.30 -1.45 -0.85 -82.18 -111.09 96.81 0 0
220949 -0.02 -1.57 -0.93 -63.35 -143.22 125.02 0 0
220957 0.01 -1.42 -0.92 -42.35 -191.03 149.10 0 0
220964 0.03 -1.19 -1.02 12.46 -202.30 169.96 0 0
220972 0.04 -1.08 -1.07 94.99 -199.08 190.68 0 0
220980 0.09 -0.91 -1.08 162.40 -180.81 209.02 0 1
220988 0.11 -0.87 -1.03 215.18 -167.44 221.34 0 0
220995 0.22 -0.83 -0.86 245.91 -158.48 236.25 0 0
221003 0.33 -0.68 -0.72 254.31 -149.94 251.58 0 0
221011 0.34 -0.43 -0.69 246.12 -157.50 276.22 0 0
221019 0.34 -0.27 -0.68 240.03 -165.41 294.98 0 0
221027 0.35 -0.10 -0.67 232.12 -167.02 313.88 0 0
221034 0.33 -0.02 -0.61 208.32 -175.84 329.49 1 0
221042 0.33 0.03 -0.57 161.14 -185.57 346.71 0 0
221050 0.33 0.01 -0.53 120.54 -193.90 360.71 0 0
221057 0.28 -0.04 -0.51 82.11 -202.51 371.00 0 0
221065 0.10 -0.18 -0.49 54.25 -212.87 376.60 0 0
221073 0.02 -0.36 -0.47 36.89 -219.38 382.06 0 0
221081 -0.01 -0.46 -0.42 27.16 -220.92 385.00 0 0
221089 -0.12 -0.55 -0.39 34.23 -217.07 390.32 0 0
221096 -0.13 -0.58 -0.33 42.28 -213.22 398.02 0 0
221104 -0.16 -0.67 -0.38 60.69 -207.83 404.11 0 0
221112 -0.38 -0.81 -0.42 79.38 -208.39 409.57 0 0
221120 -0.37 -0.81 -0.23 101.15 -197.82 410.90 0 0
221127 -0.37 -0.44 -0.08 120.61 -178.71 408.59 0 0
221135 -0.50 -0.16 -0.02 125.02 -162.33 393.33 0 0
221143 -0.87 -0.18 -0.01 117.46 -157.64 378.21 0 0
221151 -1.28 -0.22 -0.20 111.30 -154.42 356.51 0 0
221159 -1.40 -0.04 -0.23 98.28 -149.10 322.70 0 0
221167 -1.42 0.72 0.26 92.96 -116.48 266.70 0 0
221174 -1.42 1.44 0.77 54.67 -89.60 203.70 0 0
221182 -1.44 1.39 0.98 -3.36 -66.22 146.93 0 0
221190 -1.44 -0.22 0.74 -58.52 -61.95 81.90 0 0
221198 -1.10 -1.54 0.04 -108.01 -81.90 40.81 0 0
221206 -0.39 -0.98 -0.14 -86.52 -20.72 -18.13 0 0
221214 -0.24 -0.18 -0.08 -29.96 28.70 -89.74 0 0
221222 -0.58 -0.74 -0.19 -16.59 46.34 -131.18 0 0
221230 -0.71 -1.33 -0.26 -12.39 52.92 -165.97 0 0
221238 -0.50 -1.37 -0.30 -16.59 59.29 -189.07 0 0
221246 -0.40 -1.36 -0.36 9.45 78.61 -206.43 0 6
221254 -0.99 -1.04 -0.02 75.39 112.42 -213.71 0 24
221262 -1.71 -0.85 -0.37 141.89 147.56 -201.74 0 28
221270 -2.85 0.38 -0.30 216.65 126.28 -165.76 0 39
221278 -4.51 0.34 0.08 247.52 115.71 -161.49 0 28
221285 -3.92 0.55 -0.20 161.35 89.67 -188.09 0 27
221293 -2.36 0.64 -0.38 77.28 63.91 -203.91 0 40
221301 -1.00 0.10 -0.58 46.62 38.43 -192.08 0 24
221309 -0.02 -0.68 -1.34 59.92 84.42 -173.18 1 16
221317 0.60 -1.71 -1.42 69.30 127.40 -157.36 0 12
221324 0.88 -2.16 -0.89 125.72 158.34 -166.95 0 12
221332 0.02 -2.91 -0.88 149.31 113.54 -185.01 0 13
221340 -0.75 -2.81 -0.87 138.39 111.79 -201.46 0 13
221348 -1.46 -2.23 -0.62 66.78 84.42 -196.28 0 8
221356 -1.40 -1.38 -0.60 36.75 61.95 -151.06 0 7
221364 -1.12 -1.07 -0.59 3.50 33.46 -123.55 0 4
221372 -1.31 -0.99 -0.29 -51.59 -10.92 -110.60 0 3
221380 -1.14 -1.07 -0.53 -60.48 -11.90 -91.42 0 1
221388 -0.97 -1.25 -0.65 -44.38 -14.42 -75.04 0 0
221396 -0.83 -1.46 -0.70 -28.63 -1.19 -60.83 2 1
221404 -0.79 -1.39 -0.72 -5.53 21.98 -56.63 0 2
221412 -1.03 -1.10 -0.56 22.33 22.54 -54.25 0 0
221420 -1.15 -0.76 -0.39 19.74 7.28 -51.17 0 0
221428 -1.22 -0.47 -0.25 -7.91 -7.35 -44.59 0 4
221436 -1.22 -0.20 -0.07 -38.99 -20.02 -19.39 0 2
221444 -1.16 -0.01 -0.01 -58.10 -28.63 -30.17 0 0
221452 -1.04 -0.05 0.08 -76.65 -24.85 -28.14 0 14
221460 -0.98 -0.12 0.08 -88.62 -16.52 -28.00 0 4
221468 -0.91 -0.24 0.04 -82.18 -10.57 -26.81 0 0
221476 -0.91 -0.27 0.05 -70.91 -11.41 -27.79 0 1
221484 -0.95 -0.27 0.09 -60.97 -12.11 -31.15 0 0
221492 -0.96 -0.22 0.12 -49.63 -9.31 -32.90 0 0
221499 -1.01 -0.11 0.10 -39.41 -5.67 -33.74 1 0
221507 -0.99 0.02 0.12 -38.99 -2.80 -35.70 0 0
221515 -0.95 0.10 0.15 -44.52 -1.26 -38.85 0 0
221523 -0.84 0.13 0.10 -54.32 -1.26 -45.57 0 0
221532 -0.69 0.27 0.15 -65.10 1.47 -50.68 0 0
221539 -0.54 0.30 0.16 -79.38 10.64 -53.48 0 0
221547 -0.58 0.25 0.25 -84.49 12.32 -58.87 1 0
221555 -0.50 0.05 0.24 -83.58 19.53 -65.38 0 0
221562 -0.50 -0.08 0.25 -74.34 25.27 -68.67 1 0
221570 -0.55 -0.16 0.24 -63.07 28.49 -76.79 2 0
221578 -0.63 -0.16 0.26 -55.44 29.40 -82.60 3 0
221586 -0.73 -0.09 0.26 -55.86 28.21 -86.73 4 0
221594 -0.85 0.01 0.29 -64.19 28.28 -89.88 7 0
221601 -0.90 0.00 0.29 -84.42 25.69 -90.30 7 0
221609 -0.96 0.02 0.21 -95.76 27.51 -95.62 13 0
221617 -0.98 -0.02 0.04 -102.34 32.41 -99.89 15 0
221625 -1.01 0.00 -0.07 -95.27 31.43 -102.90 19 0
221633 -0.95 -0.04 -0.11 -85.19 34.86 -105.77 34 0
221641 -0.89 -0.05 -0.11 -73.57 46.48 -107.66 45 0
221648 -0.99 -0.11 -0.10 -55.51 57.12 -109.27 25 0
221657 -1.24 -0.04 -0.06 -22.40 66.50 -113.89 58 0
221664 -1.48 0.20 0.11 -2.45 72.31 -121.24 56 0
221672 -1.58 0.64 0.46 7.21 75.81 -132.02 46 0
221680 -1.58 0.78 0.59 10.50 89.39 -143.50 59 0
221688 -1.82 0.77 0.60 7.42 105.07 -155.05 63 0
221695 -1.99 0.74 0.60 -0.98 112.14 -168.21 68 0
221703 -2.07 0.77 0.63 -16.59 127.68 -203.98 72 0
221711 -1.79 0.67 0.59 -34.30 126.35 -202.79 72 0
221718 -1.89 0.67 0.44 -49.84 125.86 -210.77 81 0
221726 -2.06 0.71 0.36 -62.30 126.21 -217.98 82 0
221734 -1.98 0.61 0.36 -61.04 135.45 -224.21 77 0
221741 -2.18 0.53 0.41 -50.61 141.89 -236.04 89 0
221749 -2.52 0.58 0.39 -38.57 144.20 -250.67 77 0
221757 -2.81 0.59 0.28 -33.88 147.98 -261.73 69 0
221765 -3.04 0.64 0.27 -28.70 149.73 -266.49 51 1
221773 -3.02 0.66 0.54 -19.46 154.91 -272.23 48 0
221780 -2.70 0.68 1.30 -7.77 167.44 -292.04 28 0
221788 -2.44 0.43 1.13 -71.12 179.06 -288.19 1 0
221796 -2.30 -0.30 0.24 -182.98 160.72 -237.86 1 0
221804 -1.96 -1.65 -0.57 -259.21 112.56 -174.30 0 1
221812 -1.40 -2.47 -0.54 -252.63 71.05 -140.14 0 0
221820 -0.96 -3.34 -0.96 -219.87 23.66 -132.02 1 0
221828 -0.98 -2.54 -1.46 -153.93 -2.52 -118.51 0 0
221836 -1.22 -1.45 -1.54 -81.69 -6.65 -93.17 0 0
221844 -1.33 -1.25 -1.27 -30.17 -17.99 -21.00 0 0
221852 -0.79 -1.22 -0.95 -20.86 -28.77 28.21 0 0
221860 -0.42 -1.19 -0.75 -29.82 -45.08 62.72 0 0
221868 -0.11 -1.26 -0.67 -27.79 -71.47 87.99 0 0
221876 0.07 -1.35 -0.77 -10.08 -99.89 110.53 0 0
221884 0.07 -1.14 -0.83 11.69 -134.89 146.51 0 0
221892 0.06 -1.08 -0.93 54.32 -148.54 170.80 0 0
221899 0.09 -0.89 -0.97 98.91 -147.28 190.40 0 0
221907 0.10 -0.70 -0.96 144.62 -141.47 206.85 0 0
221915 0.14 -0.61 -0.91 186.97 -136.29 221.27 0 0
221923 0.21 -0.51 -0.82 205.80 -136.22 234.01 0 0
221930 0.31 -0.43 -0.68 214.48 -132.72 247.73 0 0
221938 0.38 -0.39 -0.57 220.57 -126.84 264.88 0 0
221946 0.46 -0.32 -0.50 212.10 -130.62 302.40 0 0
221954 0.46 -0.21 -0.49 200.13 -134.54 310.38 0 0
221962 0.45 -0.17 -0.51 181.72 -140.21 328.58 0 0
221969 0.39 -0.11 -0.51 154.42 -145.67 341.60 0 0
221977 0.36 -0.08 -0.50 117.67 -150.15 353.22 0 0
221985 0.30 -0.11 -0.49 92.40 -153.79 364.21 0 0
221992 0.24 -0.20 -0.47 70.56 -158.20 376.11 0 0
222000 0.17 -0.32 -0.48 54.95 -163.45 386.89 0 0
222008 0.13 -0.47 -0.48 43.47 -167.44 394.31 0 0
222016 0.10 -0.59 -0.46 35.28 -171.29 401.52 0 0
222024 0.05 -0.56 -0.44 34.79 -173.60 406.42 0 0
222031 -0.02 -0.55 -0.43 36.75 -171.57 411.18 0 0
222039 -0.12 -0.52 -0.39 41.65 -172.41 417.90 0 0
222047 -0.29 -0.55 -0.41 50.33 -176.33 419.30 0 0
222055 -0.48 -0.58 -0.57 57.05 -182.07 420.77 0 0
222063 -0.71 -0.58 -0.59 63.28 -188.09 420.42 0 0
222071 -0.85 -0.26 -0.34 72.80 -189.56 407.40 0 1
222078 -0.92 0.07 0.10 88.27 -169.75 391.72 0 0
222086 -1.25 0.33 0.25 94.50 -153.16 368.20 0 0
222094 -1.68 0.20 0.22 74.55 -150.22 343.77 0 0
222101 -1.87 0.34 0.35 34.16 -150.01 304.22 0 0
222109 -1.78 1.07 0.79 3.71 -135.31 242.13 0 0
222117 -1.61 1.57 1.11 -43.12 -102.90 175.63 0 1
222125 -1.53 1.09 0.97 -97.72 -85.82 116.76 0 0
222132 -1.33 -0.40 0.41 -147.98 -103.32 66.85 0 0
222140 -0.81 -1.20 -0.09 -143.43 -76.65 -3.36 0 1
222148 -0.13 0.15 -0.01 -89.11 7.98 -88.13 0 0
222156 -0.55 -0.22 0.06 -61.74 28.98 -141.89 0 0
222164 -0.81 -1.00 -0.11 -50.40 38.08 -170.66 0 0
222172 -0.68 -1.47 -0.28 -49.21 47.95 -195.51 0 0
222180 -0.39 -1.54 -0.41 -28.28 67.76 -214.27 0 0
222188 -0.62 -1.55 -0.40 45.99 116.48 -218.89 0 19
222195 -1.19 -1.74 -0.37 123.97 133.42 -201.67 0 29
222203 -1.95 -0.91 -0.77 217.84 154.84 -178.85 0 41
222211 -3.07 -0.02 -0.50 283.99 120.12 -154.07 0 27
222219 -3.50 0.51 -0.39 252.49 85.19 -156.80 0 50
222227 -2.94 0.95 -0.46 163.94 60.27 -170.73 0 32
222235 -2.06 0.46 -0.45 119.77 56.98 -172.06 0 37
222242 -1.09 -0.28 -0.85 80.99 77.91 -162.75 0 32
222250 -0.49 -1.21 -1.15 86.66 99.96 -158.69 0 11
222258 -0.24 -1.70 -0.90 132.23 124.81 -166.46 0 14
222266 -0.43 -2.59 -0.62 144.97 105.98 -182.77 0 14
222274 -0.63 -3.08 -0.92 135.80 111.65 -198.31 0 8
222282 -0.98 -2.17 -0.50 98.63 107.10 -203.21 0 8
222290 -0.93 -1.42 -0.45 47.32 72.45 -160.23 0 7
222298 -0.53 -1.02 -0.69 0.98 29.47 -128.87 0 4
222305 -1.09 -0.99 -0.32 -61.95 -15.75 -124.81 0 6
222313 -1.28 -0.97 -0.53 -68.46 -30.38 -101.85 0 4
222322 -1.22 -1.52 -0.63 -52.08 -23.03 -66.71 0 0
222330 -0.96 -1.74 -0.67 -40.39 11.34 -54.32 0 3
222338 -0.90 -1.65 -0.73 23.24 36.40 -58.87 0 1
222346 -0.92 -1.34 -0.62 59.78 29.26 -56.14 0 2
222353 -1.01 -0.89 -0.47 46.20 2.80 -55.02 0 0
222361 -1.18 -0.33 -0.32 12.39 -16.45 -47.88 0 0
222369 -1.14 0.18 -0.18 -20.30 -31.78 -38.85 0 0
222377 -1.11 0.18 -0.06 -65.66 -30.45 -34.93 0 0
222385 -1.00 0.05 0.00 -112.21 -26.95 -30.94 0 0
222393 -0.92 -0.20 -0.02 -119.63 -20.16 -28.35 0 0
222401 -0.85 -0.45 -0.03 -109.34 -15.19 -26.32 0 0
222409 -0.86 -0.59 0.00 -90.58 -13.02 -28.21 0 0
222417 -0.93 -0.58 0.06 -70.70 -14.84 -29.12 0 0
222425 -0.98 -0.42 0.06 -49.42 -15.61 -28.00 0 0
222433 -1.00 -0.20 0.08 -39.69 -14.63 -27.09 0 0
222441 -0.97 -0.02 0.14 -40.67 -13.51 -28.35 0 0
222449 -0.91 0.14 0.15 -52.29 -12.46 -32.83 0 2
222457 -0.79 0.26 0.26 -65.45 -9.73 -40.18 0 0
222464 -0.67 0.47 0.42 -80.29 -5.11 -51.73 0 0
222472 -0.61 0.61 0.51 -89.60 7.07 -58.31 1 1
222480 -0.58 0.69 0.56 -97.16 14.56 -71.05 1 0
222487 -0.58 0.65 0.63 -99.12 21.42 -83.93 1 0
222495 -0.52 0.50 0.68 -94.01 25.20 -91.98 1 0
222503 -0.52 0.40 0.64 -84.63 23.73 -96.74 0 0
222511 -0.57 0.24 0.55 -76.09 23.66 -105.28 2 0
222518 -0.67 0.13 0.44 -70.49 24.36 -111.51 3 1
222526 -0.77 0.02 0.25 -75.88 27.79 -116.76 5 0
222534 -0.87 -0.10 0.05 -86.03 24.85 -120.54 12 0
222542 -0.99 -0.14 -0.16 -102.90 27.44 -122.36 11 0
222550 -1.05 -0.19 -0.32 -112.00 32.97 -124.60 18 0
222558 -1.02 -0.23 -0.40 -112.35 34.93 -122.01 28 0
222566 -0.99 -0.27 -0.36 -105.42 41.51 -119.42 53 1
222574 -1.03 -0.25 -0.28 -88.83 56.21 -120.68 32 0
222582 -1.20 -0.18 -0.12 -50.26 65.52 -124.32 44 1
222590 -1.40 0.00 0.09 -22.05 71.75 -128.24 52 0
222597 -1.56 0.31 0.25 -0.42 81.27 -135.80 51 0
222605 -1.71 0.72 0.39 11.83 92.96 -167.37 57 1
222613 -1.56 0.62 0.46 6.23 100.03 -178.36 55 0
222621 -1.69 0.60 0.37 -7.00 112.21 -192.15 62 0
222628 -1.63 0.51 0.39 -14.49 109.90 -186.06 70 0
222636 -1.62 0.50 0.47 -