=~=~=~=~=~=~=~=~=~=~=~= PuTTY log 2023.04.14 10:40:32 =~=~=~=~=~=~=~=~=~=~=~=
277361 -0.98 -0.06 -0.03 10.71 -0.42 -2.45 2 0
277369 -0.99 -0.02 -0.04 8.61 -0.14 -1.82 4 2
277377 -1.00 0.00 -0.05 4.83 -17.92 -1.89 4 0
277385 -1.02 -0.03 -0.06 1.47 -0.63 -1.40 3 0
277393 -1.04 -0.07 -0.07 -0.14 -1.05 -0.07 2 0
277401 -1.04 -0.08 -0.08 1.40 -1.26 -0.21 4 0
277409 -1.02 -0.07 -0.09 3.43 -1.40 -0.70 2 1
277417 -1.02 -0.05 -0.08 3.92 -1.47 -0.14 3 0
277425 -1.01 -0.03 -0.07 1.19 -1.75 0.49 4 2
277432 -1.00 -0.03 -0.06 -0.63 -1.89 0.07 4 2
277440 -1.00 -0.05 -0.04 -0.98 -1.82 -0.07 4 1
277448 -1.00 -0.05 -0.04 -1.33 -2.10 -0.28 3 0
277456 -1.01 -0.04 -0.03 -2.87 -2.45 -0.14 6 2
277464 -1.00 -0.02 -0.02 -3.78 -2.17 -0.49 4 0
277472 -1.00 0.00 -0.01 -4.62 -1.89 -1.12 5 0
277480 -1.00 -0.00 -0.01 -6.02 -1.54 -1.61 7 0
277488 -0.99 -0.02 -0.01 -5.25 -1.05 -2.10 7 0
277497 -0.99 -0.04 -0.02 -2.52 -0.56 -2.80 8 0
277505 -0.99 -0.05 -0.03 0.14 0.00 -3.15 7 0
277513 -0.99 -0.04 -0.03 2.31 0.35 -3.43 7 0
277520 -0.99 -0.03 -0.03 2.87 0.70 -3.99 7 0
277528 -0.99 -0.03 -0.03 2.87 0.70 -4.55 10 0
277536 -0.99 -0.04 -0.03 2.45 0.84 -4.83 9 0
277544 -0.99 -0.05 -0.04 1.40 0.84 -4.69 7 0
277552 -1.01 -0.05 -0.04 0.70 0.84 -4.90 9 0
277560 -1.01 -0.06 -0.04 0.63 0.70 -5.11 11 0
277568 -1.01 -0.08 -0.05 -0.42 0.63 -4.48 9 0
277576 -1.02 -0.08 -0.06 0.35 0.42 -3.99 8 0
277583 -1.02 -0.08 -0.07 0.42 0.21 -3.36 9 1
277591 -1.02 -0.07 -0.08 -1.26 -0.28 -3.01 11 0
277599 -1.02 -0.07 -0.08 -2.38 -0.77 -2.66 11 0
277607 -1.01 -0.08 -0.09 -3.36 -0.98 -2.59 12 0
277615 -1.00 -0.08 -0.09 -3.99 -1.33 -2.45 13 0
277623 -0.99 -0.10 -0.08 -3.15 -1.47 -2.10 13 0
277632 -0.99 -0.10 -0.08 -2.17 -1.89 -1.75 13 0
277640 -1.00 -0.09 -0.06 -0.91 -2.17 -1.68 14 0
277647 -0.99 -0.08 -0.06 -0.77 -2.24 -1.61 14 0
277656 -0.99 -0.08 -0.05 -0.42 -2.38 -1.68 14 0
277664 -0.99 -0.08 -0.05 0.21 -2.38 -1.61 14 0
277672 -0.99 -0.07 -0.05 0.49 -2.52 -1.68 13 0
277680 -0.99 -0.07 -0.05 1.54 -2.59 -2.10 13 0
277688 -0.99 -0.07 -0.03 3.01 -2.59 -2.17 15 0
277696 -0.98 -0.09 -0.03 5.39 -2.24 -2.17 13 0
277704 -0.97 -0.08 -0.01 8.40 -1.96 -2.24 14 0
277712 -0.96 -0.07 -0.00 12.04 -1.54 -2.59 13 0
277720 -0.95 -0.05 0.02 14.77 -1.19 -3.15 12 0
277727 -0.95 -0.04 0.05 18.27 0.00 -4.13 8 0
277735 -0.93 -0.03 0.10 23.31 1.61 -5.81 7 0
277743 -0.91 -0.03 0.11 28.35 4.62 -7.70 5 0
277751 -0.90 0.01 0.14 34.58 7.14 -10.92 3 0
277759 -0.92 0.07 0.16 35.98 9.66 -14.28 2 0
277767 -0.95 0.11 0.15 34.72 11.97 -17.36 0 0
277774 -0.98 0.12 0.14 33.04 13.79 -20.16 0 1
277782 -0.99 0.11 0.10 30.94 15.82 -23.10 0 0
277790 -1.00 0.08 0.06 28.70 17.78 -26.53 0 0
277797 -1.01 0.04 0.03 27.93 19.11 -28.00 0 0
277805 -1.02 -0.01 -0.01 27.23 19.60 -28.63 0 3
277813 -1.03 -0.07 -0.07 26.74 20.02 -28.70 0 3
277821 -1.02 -0.12 -0.11 27.86 19.67 -28.77 0 4
277829 -1.02 -0.17 -0.16 30.52 18.76 -28.00 0 4
277836 -1.02 -0.22 -0.20 32.41 17.29 -26.60 0 5
277844 -1.01 -0.26 -0.23 33.67 15.75 -24.85 0 4
277852 -1.01 -0.27 -0.26 32.83 14.00 -22.68 0 3
277860 -1.02 -0.25 -0.26 30.45 11.90 -20.09 0 4
277867 -1.01 -0.23 -0.24 27.72 10.08 -18.62 0 6
277875 -1.00 -0.22 -0.23 24.78 7.84 -16.94 0 6
277883 -1.01 -0.21 -0.21 21.28 5.88 -15.61 0 10
277891 -1.01 -0.22 -0.20 20.58 4.06 -14.28 0 7
277899 -1.00 -0.23 -0.17 21.84 2.80 -13.30 0 14
277907 -0.99 -0.20 -0.15 24.99 2.10 -13.23 0 13
277915 -1.00 -0.17 -0.14 28.07 1.82 -12.95 0 14
277923 -1.00 -0.12 -0.12 31.43 1.19 -12.46 0 17
277930 -1.00 -0.10 -0.10 33.25 0.91 -12.25 0 19
277938 -1.00 -0.08 -0.09 32.06 0.42 -11.90 0 13
277946 -1.01 -0.04 -0.09 29.96 0.07 -11.83 0 16
277954 -1.01 -0.01 -0.09 27.51 0.21 -12.39 0 17
277962 -0.99 -0.03 -0.09 24.50 0.77 -13.02 0 17
277970 -0.99 -0.02 -0.09 21.98 1.61 -14.28 0 17
277978 -0.98 -0.04 -0.10 19.74 1.96 -14.70 0 17
277986 -0.97 -0.08 -0.09 19.11 2.17 -15.40 0 20
277993 -0.97 -0.10 -0.08 19.53 2.03 -16.24 0 19
278001 -0.96 -0.11 -0.08 19.74 1.82 -16.38 0 24
278009 -0.97 -0.11 -0.08 19.46 1.68 -16.87 0 22
278017 -0.96 -0.12 -0.11 18.13 1.68 -16.87 0 25
278025 -0.97 -0.12 -0.11 18.55 1.89 -16.45 0 24
278032 -0.98 -0.12 -0.14 18.06 1.12 -15.96 0 22
278040 -0.96 -0.12 -0.13 16.52 0.28 -16.80 0 0
278048 -0.94 -0.16 -0.09 13.37 -0.21 -17.71 0 25
278056 -0.95 -0.20 -0.06 10.71 -0.35 -17.71 0 22
278064 -0.97 -0.20 -0.02 10.78 -0.21 -17.99 0 27
278072 -1.00 -0.22 0.02 11.34 0.35 -18.13 0 25
278079 -1.01 -0.24 0.05 9.38 1.47 -17.57 0 32
278087 -1.02 -0.24 0.07 5.60 2.59 -17.50 0 31
278095 -1.02 -0.22 0.10 5.53 3.57 -17.99 0 29
278103 -1.04 -0.24 0.11 5.39 4.76 -18.27 0 26
278111 -1.04 -0.26 0.13 5.53 5.95 -17.71 0 26
278118 -1.02 -0.23 0.11 5.60 6.86 -16.73 0 25
278126 -1.01 -0.23 0.08 6.02 7.28 -16.03 0 26
278134 -0.88 -0.27 0.00 6.44 7.70 -15.96 0 24
278141 -0.98 -0.28 -0.06 7.49 8.96 -15.61 0 24
278149 -0.99 -0.26 -0.10 9.80 9.03 -14.98 0 22
278157 -0.99 -0.27 -0.12 11.41 9.38 -14.77 0 21
278165 -0.98 -0.28 -0.13 11.27 10.08 -14.21 0 20
278173 -0.99 -0.26 -0.12 8.96 10.01 -13.02 0 19
278181 -1.00 -0.19 -0.11 4.34 9.59 -12.18 0 20
278188 -0.99 -0.17 -0.10 -2.45 9.59 -11.69 0 18
278196 -0.98 -0.19 -0.08 -9.10 9.73 -10.64 0 17
278204 -1.00 -0.23 -0.09 -15.96 9.24 -9.80 0 29
278212 -0.98 -0.30 -0.10 -16.73 9.45 -8.61 0 16
278220 -0.96 -0.32 -0.11 -14.07 8.82 -8.68 0 14
278228 -0.95 -0.33 -0.11 -12.18 9.03 -7.28 0 16
278236 -0.96 -0.33 -0.12 -10.15 9.24 -6.30 0 15
278244 -0.95 -0.28 -0.12 -9.38 9.73 -5.11 0 13
278252 -0.96 -0.24 -0.11 -10.29 9.59 -4.48 0 14
278259 -0.97 -0.21 -0.10 -11.83 9.73 -4.27 0 13
278267 -0.96 -0.22 -0.10 -10.92 9.94 -4.76 0 15
278275 -0.94 -0.24 -0.08 -7.42 10.29 -5.18 0 11
278284 -0.94 -0.25 -0.05 -3.50 10.92 -6.51 0 12
278291 -0.94 -0.22 -0.03 0.28 11.76 -7.07 0 12
278299 -0.95 -0.16 -0.02 0.07 12.74 -7.56 0 14
278307 -0.97 -0.11 -0.03 -0.49 14.07 -9.17 0 13
278315 -0.97 -0.09 -0.03 -2.66 15.68 -10.43 0 10
278323 -0.99 -0.10 -0.04 -4.34 17.22 -11.76 0 8
278331 -1.00 -0.14 -0.06 -3.43 18.06 -13.02 0 9
278339 -1.01 -0.18 -0.08 -1.61 18.76 -13.51 0 8
278347 -1.00 -0.20 -0.09 -0.56 19.60 -14.07 0 8
278355 -1.12 -0.18 -0.09 -2.17 20.37 -13.93 0 7
278363 -1.03 -0.17 -0.10 -5.88 20.58 -13.51 0 7
278371 -1.04 -0.15 -0.10 -13.09 20.58 -12.81 0 6
278379 -1.05 -0.18 -0.12 -19.46 21.35 -12.11 0 6
278387 -1.06 -0.17 -0.12 -23.66 21.84 -12.32 0 4
278395 -1.03 -0.17 -0.11 -24.92 23.38 -12.60 0 3
278403 -1.04 -0.17 -0.08 -27.72 25.48 -12.04 0 1
278411 -1.07 -0.16 -0.04 -27.79 26.53 -12.39 4 0
278419 -1.07 -0.18 0.00 -27.37 28.63 -14.49 7 1
278427 -1.06 -0.08 0.03 -32.62 31.92 -15.47 6 0
278435 -1.04 -0.02 0.06 -40.04 46.34 -17.08 8 0
278442 -1.08 -0.10 0.03 -41.30 49.42 -19.88 10 0
278450 -1.10 -0.12 0.02 -45.99 53.41 -21.77 14 0
278458 -1.12 -0.05 0.04 -50.26 57.12 -23.31 13 0
278466 -1.14 -0.03 0.10 -54.81 60.20 -25.41 14 0
278474 -1.13 0.05 0.11 -57.89 59.50 -28.77 17 0
278482 -1.10 0.16 0.20 -59.85 64.33 -31.22 15 0
278489 -1.10 0.09 0.22 -57.82 69.51 -34.44 18 0
278497 -1.11 0.04 0.22 -50.75 89.39 -38.22 20 0
278505 -1.10 0.07 0.19 -44.59 75.81 -42.84 21 0
278513 -1.17 0.10 0.12 -42.70 77.07 -45.92 21 2
278520 -1.23 0.05 0.06 -42.07 80.08 -48.02 25 2
278528 -1.27 -0.01 -0.03 -39.90 81.34 -50.05 27 0
278536 -1.32 -0.02 -0.08 -31.36 63.35 -52.29 34 0
278544 -1.29 0.03 -0.01 -31.71 71.40 -54.25 33 1
278552 -1.32 0.04 0.05 -26.67 75.39 -55.86 31 0
278559 -1.31 0.02 0.13 -25.13 93.38 -56.84 30 0
278567 -1.35 0.10 0.19 -15.33 99.82 -58.73 29 0
278575 -1.38 0.20 0.27 -11.34 106.61 -61.11 30 0
278583 -1.39 0.26 0.37 -9.59 109.55 -65.59 29 0
278591 -1.35 0.33 0.42 -7.00 113.61 -70.63 30 0
278598 -1.38 0.39 0.45 -7.84 118.44 -76.37 30 0
278606 -1.45 0.49 0.50 -10.92 121.17 -85.12 36 0
278614 -1.48 0.54 0.63 -10.64 123.13 -93.17 31 0
278621 -1.51 0.69 0.80 -8.61 126.77 -102.90 40 0
278629 -1.57 0.78 0.89 -10.22 130.06 -115.85 34 0
278637 -1.62 0.68 0.80 -20.51 136.57 -130.27 23 0
278645 -1.65 0.50 0.69 -23.45 146.51 -142.10 15 0
278652 -1.78 0.22 0.68 -18.55 159.25 -146.44 15 0
278660 -1.67 0.08 0.73 -14.42 171.08 -146.37 8 0
278668 -1.74 -0.17 0.53 -10.15 174.72 -140.00 3 12
278676 -1.79 -0.39 0.31 -3.64 174.16 -122.43 5 0
278684 -1.76 -0.49 0.08 4.83 163.17 -105.14 2 0
278692 -1.65 -0.64 -0.30 11.62 150.01 -89.46 0 0
278699 -1.56 -0.94 -0.55 -15.68 135.45 -77.63 0 0
278707 -1.33 -1.07 -0.88 -2.31 123.83 -73.29 0 0
278715 -1.27 -0.98 -0.74 50.75 110.74 -65.80 0 0
278723 -1.44 -0.83 -0.66 115.22 86.59 -47.25 0 1
278731 -1.43 -0.73 -0.68 159.81 40.18 -34.58 0 0
278738 -1.27 -0.59 -0.64 193.97 23.59 -18.83 0 0
278746 -1.05 -0.46 -0.53 206.15 -2.87 -1.68 0 0
278754 -0.87 -0.35 -0.46 174.09 -27.58 18.27 0 0
278762 -0.72 -0.30 -0.43 131.25 -51.73 40.32 0 0
278769 -0.62 -0.27 -0.44 87.43 -73.64 63.98 0 0
278777 -0.55 -0.25 -0.46 52.57 -95.62 90.58 0 0
278785 -0.51 -0.26 -0.50 29.12 -116.83 108.01 0 0
278793 -0.48 -0.34 -0.54 11.41 -143.92 124.39 0 0
278801 -0.44 -0.44 -0.57 -6.09 -162.12 140.77 0 0
278809 -0.40 -0.46 -0.59 -17.92 -178.43 156.38 0 0
278817 -0.39 -0.42 -0.59 -30.38 -194.04 171.29 0 0
278825 -0.38 -0.39 -0.58 -45.01 -208.11 189.21 0 0
278833 -0.39 -0.39 -0.58 -60.90 -221.76 201.67 0 11
278841 -0.46 -0.37 -0.60 -65.94 -238.63 208.39 0 0
278848 -0.43 -0.45 -0.59 -74.20 -246.26 217.07 0 0
278857 -0.47 -0.54 -0.61 -69.93 -257.67 224.91 0 0
278864 -0.61 -0.54 -0.63 -55.65 -269.29 223.37 0 0
278872 -0.51 -0.65 -0.61 -39.48 -274.40 234.01 0 0
278880 -0.47 -0.74 -0.60 -22.75 -279.58 248.43 0 0
278888 -0.53 -0.69 -0.58 2.17 -283.57 255.78 0 0
278896 -0.58 -0.63 -0.55 19.25 -287.14 261.03 0 0
278904 -0.61 -0.64 -0.54 28.84 -290.08 270.83 0 0
278912 -0.66 -0.49 -0.53 32.48 -291.48 279.72 0 0
278920 -0.67 -0.44 -0.52 27.86 -292.11 287.21 0 0
278927 -0.70 -0.44 -0.52 21.42 -292.81 294.77 0 0
278935 -0.76 -0.42 -0.51 12.60 -292.88 300.72 0 0
278943 -0.83 -0.43 -0.48 2.73 -291.69 304.85 0 0
278951 -0.90 -0.43 -0.41 -2.31 -287.63 304.50 0 0
278959 -0.92 -0.44 -0.37 -4.97 -279.93 301.42 0 0
278967 -0.92 -0.45 -0.36 -9.45 -264.25 291.41 0 0
278975 -1.05 -0.33 -0.33 -10.50 -248.85 271.25 0 0
278983 -1.21 -0.22 -0.32 -8.61 -232.54 244.30 0 0
278991 -1.30 -0.26 -0.49 -9.66 -218.19 215.88 0 0
278999 -1.20 -0.46 -0.29 4.69 -196.56 189.35 0 0
279007 -1.04 -0.36 -0.17 19.46 -169.05 164.78 0 0
279014 -0.83 -0.27 -0.17 27.09 -128.31 134.54 0 0
279022 -0.67 -0.17 -0.10 29.19 -92.40 94.43 0 0
279030 -0.52 0.14 0.17 45.78 -49.49 42.00 0 0
279038 -0.49 0.38 0.37 38.08 -5.95 -11.62 0 0
279045 -0.48 0.20 0.33 16.52 34.58 -57.19 0 0
279053 -0.45 -0.14 0.08 11.34 71.89 -97.23 0 0
279061 -0.48 -0.40 -0.23 14.35 103.67 -132.02 0 0
279069 -0.73 -0.43 -0.30 21.35 122.36 -159.74 0 0
279076 -1.61 -0.15 -0.44 37.24 124.60 -154.35 0 0
279084 -1.71 0.74 -0.00 86.73 103.11 -116.27 0 28
279092 -2.40 1.26 0.44 120.40 75.74 -74.62 0 26
279100 -2.64 0.86 0.49 85.05 78.47 -65.94 0 36
279107 -1.94 -0.12 0.22 54.11 98.42 -123.27 0 40
279115 -1.47 -0.13 -0.55 2.03 112.21 -157.43 0 71
279123 -1.47 0.03 -0.84 -27.93 119.28 -152.39 0 42
279131 -1.46 0.05 -1.17 -21.63 115.57 -148.96 0 40
279139 -1.13 -0.37 -1.37 13.86 120.40 -151.48 0 42
279146 -0.77 -0.89 -1.24 63.63 125.58 -153.58 0 47
279154 -0.82 -1.22 -0.97 78.12 114.52 -150.36 0 43
279162 -1.04 -1.33 -0.87 39.97 102.48 -142.10 0 48
279170 -1.16 -1.31 -0.72 8.19 91.28 -123.69 0 51
279178 -1.10 -1.13 -0.53 5.88 82.95 -106.61 0 46
279186 -1.02 -1.04 -0.37 19.95 78.05 -93.66 0 35
279194 -1.04 -1.01 -0.20 38.01 72.24 -83.09 0 32
279201 -1.03 -0.93 -0.08 40.25 66.57 -71.12 0 35
279209 -1.05 -0.79 -0.07 31.22 61.04 -61.18 0 36
279217 -1.10 -0.61 -0.07 22.96 55.23 -51.31 0 34
279225 -1.10 -0.43 -0.04 15.61 49.28 -45.71 0 31
279233 -1.09 -0.29 -0.10 6.30 44.87 -43.75 0 27
279240 -1.05 -0.14 -0.18 -9.03 42.49 -37.38 0 26
279248 -1.06 0.00 -0.21 -24.08 41.09 -32.55 0 13
279256 -1.10 0.03 -0.21 -33.67 38.99 -32.69 1 3
279264 -1.09 -0.12 -0.15 -42.42 35.07 -30.66 2 0
279272 -1.17 -0.07 -0.08 -42.63 34.86 -31.22 5 0
279280 -1.06 -0.14 -0.04 -40.46 35.42 -30.24 7 0
279288 -1.05 -0.12 -0.03 -37.03 34.51 -31.29 9 0
279295 -1.03 -0.08 0.01 -37.52 32.41 -31.50 17 0
279303 -1.03 -0.11 0.01 -38.22 31.71 -30.52 16 0
279311 -1.04 -0.11 -0.03 -38.92 31.50 -30.10 21 0
279319 -1.06 -0.10 -0.07 -39.83 30.24 -30.31 26 0
279327 -1.05 -0.12 -0.11 -39.06 28.70 -30.03 25 0
279335 -1.03 -0.23 -0.12 -34.65 28.07 -30.10 30 0
279343 -1.05 -0.23 -0.14 -31.22 26.95 -29.12 26 0
279351 -1.05 -0.15 -0.17 -31.15 26.04 -27.16 32 0
279359 -1.05 -0.09 -0.17 -32.13 24.85 -25.76 35 0
279367 -1.04 -0.07 -0.12 -34.16 24.99 -24.99 35 0
279375 -1.00 -0.05 -0.05 -32.90 23.03 -23.80 34 0
279382 -0.96 -0.01 -0.01 -34.37 27.79 -24.08 37 0
279390 -1.05 0.07 0.02 -35.00 28.91 -28.14 37 0
279398 -1.08 0.17 0.09 -40.11 32.06 -30.80 41 0
279406 -1.04 0.24 0.14 -49.42 36.40 -33.11 43 0
279414 -0.93 0.22 0.21 -56.21 42.84 -33.18 43 0
279421 -0.91 0.21 0.25 -59.92 49.28 -33.88 42 0
279429 -0.97 0.23 0.30 -55.09 55.09 -40.74 45 0
279437 -0.97 0.24 0.36 -48.44 62.09 -44.87 47 0
279445 -0.95 0.32 0.41 -44.10 71.68 -48.86 47 0
279453 -0.99 0.40 0.44 -41.30 78.47 -53.06 49 0
279460 -1.03 0.38 0.42 -40.39 85.68 -58.24 55 2
279468 -1.05 0.34 0.39 -32.83 92.12 -63.98 47 0
279476 -1.05 0.26 0.25 -27.93 98.07 -68.11 73 0
279484 -1.08 0.26 0.37 -23.73 105.28 -72.17 51 0
279491 -1.15 0.31 0.36 -20.51 111.58 -77.77 55 1
279499 -1.17 0.37 0.36 -18.69 118.51 -83.16 56 0
279507 -1.10 0.40 0.39 -15.89 127.68 -87.85 55 0
279515 -1.06 0.30 0.46 -5.74 136.36 -90.79 45 0
279523 -1.08 0.26 0.55 -0.14 145.32 -92.47 51 0
279531 -1.15 0.44 0.59 -0.35 152.60 -96.81 47 0
279538 -1.20 0.56 0.59 -6.30 158.13 -103.95 49 0
279546 -1.21 0.74 0.58 -16.59 162.89 -115.15 50 0
279554 -1.19 0.75 0.57 -29.61 167.65 -122.78 44 0
279562 -1.20 0.75 0.60 -39.69 171.22 -130.97 37 0
279569 -1.29 0.65 0.68 -41.02 177.52 -136.57 41 0
279577 -1.37 0.55 0.79 -34.23 182.28 -139.02 38 0
279585 -1.55 0.52 0.80 -18.69 183.33 -140.42 42 0
279592 -1.67 0.55 0.66 -6.51 183.40 -143.85 31 0
279600 -1.71 0.56 0.40 5.88 182.28 -151.97 26 0
279608 -1.80 0.49 0.35 28.70 184.10 -165.48 43 0
279615 -1.95 0.37 0.42 50.54 193.41 -181.44 23 0
279623 -1.97 0.06 0.80 65.45 205.52 -193.69 19 0
279631 -2.09 -0.41 0.38 47.46 206.36 -180.32 56 0
279638 -2.24 -0.51 0.28 36.19 200.20 -157.43 16 0
279646 -2.09 -0.68 0.13 26.04 187.46 -131.46 3 0
279654 -1.77 -1.14 -0.15 26.18 180.32 -104.65 0 0
279662 -1.44 -1.48 -0.40 34.58 175.14 -87.50 0 0
279670 -1.31 -1.41 -0.92 41.51 162.05 -72.52 0 0
279678 -1.57 -0.94 -0.90 76.37 139.44 -45.64 0 0
279685 -1.69 -0.58 -0.87 107.10 111.02 -17.01 0 0
279693 -1.61 -0.55 -0.83 122.08 75.88 -6.79 0 0
279701 -1.28 -0.65 -0.75 122.36 32.97 4.34 0 0
279709 -0.99 -0.67 -0.66 110.32 2.10 23.59 0 0
279717 -0.72 -0.60 -0.58 78.54 -27.09 47.60 0 0
279724 -0.52 -0.57 -0.50 51.80 -54.04 73.64 0 0
279732 -0.43 -0.53 -0.51 29.05 -80.57 95.62 0 0
279740 -0.38 -0.51 -0.50 12.11 -107.24 112.84 0 0
279748 -0.39 -0.48 -0.51 -3.64 -131.18 131.53 0 0
279756 -0.37 -0.46 -0.51 -19.60 -160.86 143.36 0 0
279764 -0.36 -0.41 -0.49 -36.12 -179.69 154.84 0 0
279772 -0.35 -0.42 -0.49 -62.44 -197.26 167.37 0 0
279779 -0.35 -0.45 -0.52 -81.90 -214.41 180.53 0 0
279787 -0.36 -0.47 -0.55 -97.51 -231.14 194.81 0 0
279795 -0.38 -0.43 -0.60 -110.11 -252.63 203.00 0 0
279803 -0.35 -0.37 -0.62 -140.77 -264.88 213.36 0 0
279811 -0.36 -0.28 -0.67 -119.28 -288.75 210.35 0 0
279819 -0.39 -0.33 -0.68 -123.69 -301.07 212.52 0 0
279827 -0.36 -0.34 -0.69 -133.28 -308.91 219.59 0 0
279835 -0.31 -0.43 -0.73 -128.73 -322.77 211.96 0 0
279843 -0.53 -0.63 -0.79 -115.78 -342.30 210.00 0 0
279851 -0.60 -0.60 -0.77 -95.69 -350.35 207.76 0 0
279859 -0.60 -0.52 -0.71 -63.56 -359.24 206.85 0 0
279867 -0.64 -0.58 -0.70 -28.28 -363.09 210.98 0 0
279875 -0.64 -0.75 -0.67 14.21 -362.11 220.85 2 0
279883 -0.79 -0.74 -0.66 49.77 -362.74 221.97 0 0
279891 -0.89 -0.60 -0.62 92.82 -357.42 223.30 0 0
279899 -0.84 -0.50 -0.40 112.35 -346.15 233.03 0 0
279906 -0.86 -0.43 -0.28 111.93 -332.43 243.95 0 0
279914 -0.83 -0.39 -0.22 92.33 -314.79 260.82 0 0
279922 -0.96 -0.41 -0.18 73.50 -296.59 266.28 0 0
279930 -1.13 -0.42 -0.25 56.14 -271.11 263.55 0 0
279938 -1.28 -0.35 -0.35 38.71 -254.38 251.65 0 0
279946 -1.39 -0.36 -0.48 35.56 -242.62 236.11 0 0
279954 -1.36 -0.37 -0.60 42.84 -231.91 214.90 0 0
279961 -1.16 -0.33 -0.58 60.62 -215.67 191.66 0 0
279969 -0.95 -0.07 -0.37 69.37 -190.05 149.10 0 0
279977 -0.82 0.15 -0.22 56.00 -148.12 109.06 0 0
279985 -0.71 0.13 -0.06 21.42 -109.48 70.00 0 0
279993 -0.66 0.07 0.14 -0.21 -65.59 27.93 0 0
280000 -0.58 -0.03 0.25 3.99 -19.32 -13.72 0 0
280008 -0.52 -0.14 0.12 4.41 23.52 -53.41 0 0
280016 -0.48 -0.26 -0.13 2.87 61.46 -90.44 0 0
280024 -0.46 -0.43 -0.42 3.50 94.99 -134.47 0 0
280032 -0.54 -0.63 -0.68 4.27 138.25 -161.84 0 0
280039 -1.10 -0.84 -0.71 18.69 133.70 -172.55 0 0
280047 -1.63 -0.49 -0.46 107.52 120.68 -154.42 0 0
280055 -1.80 0.32 0.08 190.12 90.93 -100.17 0 24
280063 -2.48 0.89 0.55 209.93 61.46 -48.65 0 40
280070 -2.58 0.83 0.43 170.94 69.16 -49.07 0 44
280078 -2.02 0.05 0.05 112.84 91.84 -121.80 0 52
280085 -1.70 0.33 -0.45 24.50 107.80 -152.81 0 52
280093 -1.77 0.53 -0.71 -30.87 113.89 -146.93 0 53
280101 -1.63 0.52 -1.12 -61.32 108.78 -148.75 0 45
280109 -1.05 0.23 -1.33 -43.61 120.75 -159.67 0 37
280117 -0.80 -0.38 -1.22 10.92 136.92 -170.31 0 34
280124 -0.88 -1.06 -0.94 18.13 127.05 -168.00 0 36
280132 -0.95 -1.43 -0.90 6.65 116.62 -153.44 0 29
280140 -0.89 -1.51 -0.80 -18.27 104.93 -130.41 0 26
280148 -0.87 -1.45 -0.64 -11.62 95.27 -109.69 0 34
280156 -0.94 -1.39 -0.51 25.20 86.73 -94.78 0 38
280164 -0.99 -1.29 -0.31 60.55 78.19 -92.19 0 25
280171 -1.06 -1.07 -0.19 72.17 72.31 -84.77 0 72
280179 -1.12 -0.82 -0.18 57.12 65.66 -70.56 0 22
280187 -1.10 -0.62 -0.17 34.30 59.08 -55.86 0 23
280195 -1.08 -0.45 -0.16 11.48 52.99 -46.83 0 19
280203 -1.07 -0.31 -0.18 -7.84 47.25 -43.05 0 12
280211 -1.06 -0.20 -0.25 -30.38 44.10 -37.94 0 14
280218 -1.09 -0.12 -0.32 -45.78 39.90 -35.42 0 6
280226 -1.11 -0.14 -0.34 -49.35 36.47 -34.30 0 3
280234 -1.10 -0.23 -0.33 -47.74 33.74 -32.20 0 2
280242 -1.09 -0.30 -0.23 -44.17 32.06 -30.03 0 1
280250 -1.15 -0.32 -0.20 -41.09 26.39 -26.04 2 0
280258 -1.09 -0.20 -0.12 -40.67 25.27 -23.66 3 0
280266 -1.04 -0.09 -0.04 -47.18 24.78 -23.31 3 0
280273 -1.02 -0.00 0.02 -56.14 23.31 -22.75 7 0
280281 -1.01 -0.01 0.08 -64.75 21.35 -21.35 7 0
280289 -1.03 -0.06 0.10 -66.08 20.51 -20.30 7 1
280297 -1.04 -0.12 0.08 -61.95 19.67 -21.56 9 0
280305 -1.02 -0.16 0.08 -56.14 19.81 -24.15 12 0
280313 -1.00 -0.09 0.10 -52.22 20.37 -25.83 15 0
280320 -0.99 -0.01 0.10 -50.40 22.54 -25.41 20 0
280328 -0.99 0.01 0.12 -49.00 24.50 -25.55 22 0
280336 -0.98 0.02 0.11 -47.95 26.74 -26.53 23 0
280344 -0.95 0.04 0.13 -44.24 29.33 -28.49 22 0
280352 -0.92 0.02 0.18 -41.44 32.62 -31.08 29 0
280359 -0.89 0.00 0.20 -42.42 37.10 -31.22 31 0
280367 -0.95 0.06 0.17 -40.95 39.34 -36.54 30 0
280375 -1.02 0.08 0.16 -40.53 41.16 -39.90 35 0
280382 -1.00 0.00 0.17 -41.30 44.10 -41.37 30 0
280390 -0.99 -0.04 0.20 -42.84 49.77 -40.32 31 0
280398 -1.01 -0.02 0.22 -39.48 54.46 -39.41 33 0
280406 -1.08 0.07 0.24 -34.72 59.36 -42.91 33 0
280413 -1.05 0.21 0.27 -35.49 64.75 -45.92 48 0
280421 -1.01 0.29 0.30 -36.12 70.49 -48.58 36 0
280429 -1.02 0.33 0.38 -37.73 76.37 -53.76 39 0
280437 -1.02 0.30 0.42 -36.68 82.74 -60.34 41 0
280445 -1.02 0.27 0.46 -30.52 89.81 -64.96 41 0
280452 -1.07 0.24 0.50 -22.89 99.12 -69.79 42 0
280460 -1.10 0.24 0.51 -17.50 106.19 -75.39 45 0
280468 -1.15 0.35 0.47 -14.28 112.21 -81.97 45 0
280475 -1.17 0.40 0.41 -9.24 117.81 -88.27 47 1
280483 -1.17 0.37 0.36 -5.39 124.53 -93.38 42 0
280491 -1.11 0.41 0.29 0.70 132.86 -97.16 55 0
280499 -1.09 0.39 0.32 4.34 141.54 -99.89 54 0
280506 -1.13 0.42 0.34 9.17 148.96 -101.78 58 0
280514 -1.24 0.43 0.39 10.71 155.61 -103.67 49 0
280522 -1.27 0.60 0.41 4.90 161.28 -109.20 49 0
280529 -1.30 0.79 0.48 -5.88 165.69 -118.09 47 2
280537 -1.36 0.92 0.58 -20.93 171.50 -129.36 44 0
280545 -1.39 0.82 0.71 -28.91 172.06 -137.27 40 0
280553 -1.47 0.59 0.85 -19.39 176.40 -140.84 38 0
280560 -1.54 0.40 0.87 -3.71 178.99 -140.14 39 0
280568 -1.71 0.42 0.66 11.69 177.24 -141.19 36 0
280576 -1.78 0.53 0.62 26.74 171.78 -148.89 31 0
280583 -1.75 0.63 0.31 37.38 172.13 -171.08 14 0
280591 -1.82 0.43 0.37 49.35 177.10 -191.10 3 0
280599 -1.78 0.16 0.61 54.88 191.24 -199.78 4 0
280607 -2.01 -0.39 0.51 28.28 196.07 -186.06 7 0
280614 -2.24 -0.52 0.16 2.80 192.01 -165.06 6 0
280622 -2.12 -0.53 0.04 -4.69 183.40 -140.91 3 0
280630 -1.82 -0.90 -0.30 -1.12 170.24 -113.54 1 0
280638 -1.56 -1.34 -0.63 10.71 156.24 -91.42 0 0
280646 -1.38 -1.14 -0.77 24.99 138.74 -65.24 0 0
280654 -1.49 -0.67 -0.77 53.76 115.15 -39.34 0 0
280661 -1.61 -0.44 -0.68 77.84 73.15 -18.97 0 0
280669 -1.58 -0.50 -0.66 88.69 33.18 -1.68 0 0
280677 -1.37 -0.68 -0.52 103.88 -1.54 15.12 0 0
280685 -1.11 -0.66 -0.48 98.14 -30.73 36.68 0 0
280693 -0.83 -0.63 -0.44 79.31 -56.56 64.68 0 0
280700 -0.65 -0.59 -0.47 53.41 -83.09 99.68 0 0
280708 -0.55 -0.50 -0.50 24.92 -109.62 121.24 0 0
280716 -0.52 -0.41 -0.54 -2.10 -143.01 140.91 0 0
280724 -0.50 -0.37 -0.54 -37.31 -168.07 158.55 0 0
280732 -0.47 -0.36 -0.57 -60.55 -189.98 172.06 0 0
280740 -0.41 -0.37 -0.61 -80.01 -209.72 184.38 0 0
280748 -0.37 -0.40 -0.63 -97.65 -227.92 201.04 0 0
280756 -0.36 -0.43 -0.65 -111.23 -245.35 212.45 0 0
280764 -0.34 -0.46 -0.68 -123.90 -266.42 222.81 0 0
280772 -0.35 -0.46 -0.69 -139.79 -280.07 230.44 0 0
280780 -0.31 -0.42 -0.68 -148.47 -292.74 239.12 0 0
280788 -0.37 -0.43 -0.70 -151.83 -306.88 242.76 0 0
280795 -0.46 -0.61 -0.78 -154.07 -338.52 248.01 0 0
280804 -0.41 -0.81 -0.77 -131.18 -334.25 256.48 0 0
280812 -0.57 -0.79 -0.80 -98.63 -342.72 253.33 0 0
280820 -0.57 -0.74 -0.74 -52.29 -345.31 255.57 0 0
280828 -0.73 -0.72 -0.72 0.63 -347.90 256.27 0 0
280836 -0.65 -0.70 -0.64 46.76 -343.98 255.50 0 0
280843 -0.66 -0.69 -0.53 96.74 -335.23 258.51 0 0
280851 -0.69 -0.66 -0.38 114.38 -323.54 263.90 0 0
280859 -0.77 -0.54 -0.25 108.50 -310.03 268.24 8 0
280867 -0.85 -0.39 -0.20 89.18 -296.31 271.04 0 0
280875 -0.94 -0.17 -0.21 62.44 -282.80 272.02 0 0
280883 -1.08 -0.03 -0.29 29.82 -267.12 266.77 0 0
280890 -1.20 0.04 -0.34 -3.64 -257.95 253.89 0 0
280898 -1.28 0.01 -0.32 -33.04 -249.34 235.48 0 0
280906 -1.28 -0.07 -0.27 -39.62 -238.63 212.03 0 0
280914 -1.14 -0.20 -0.28 -35.14 -223.65 177.38 0 0
280922 -1.07 -0.24 -0.24 -23.31 -195.93 145.32 0 0
280930 -1.01 -0.34 -0.23 -20.09 -169.47 117.95 0 0
280938 -0.92 -0.43 -0.11 -19.95 -138.60 93.94 0 0
280946 -0.80 -0.33 0.04 -12.95 -101.71 67.55 0 0
280954 -0.69 -0.08 0.14 -1.12 -62.02 33.74 0 0
280962 -0.64 0.01 0.10 1.75 -24.92 -19.25 0 0
280969 -0.69 -0.15 -0.00 -1.82 9.45 -56.14 0 0
280977 -0.74 -0.31 -0.11 0.00 51.73 -88.97 0 0
280985 -0.70 -0.50 -0.20 8.61 80.78 -117.88 0 0
280993 -0.69 -0.65 -0.33 25.48 104.44 -143.99 0 0
281001 -0.78 -0.75 -0.66 28.56 119.70 -165.27 0 0
281009 -0.99 -0.87 -0.74 35.42 124.11 -175.70 0 0
281016 -1.52 -0.23 -0.61 79.80 125.72 -159.32 0 0
281024 -1.44 0.36 -0.23 139.86 90.65 -110.95 0 3
281032 -2.16 0.88 0.14 200.41 81.97 -63.00 0 25
281040 -2.53 0.89 0.15 202.09 80.22 -41.16 0 45
281047 -2.12 0.03 0.09 186.41 89.67 -88.41 0 50
281055 -1.58 0.01 -0.43 129.15 103.39 -137.97 0 52
281062 -1.52 0.48 -0.83 77.42 109.62 -144.90 0 43
281070 -1.39 0.58 -1.09 53.48 106.96 -149.66 0 37
281078 -1.10 0.35 -1.11 58.59 110.88 -152.74 0 41
281086 -0.90 -0.35 -1.00 85.68 113.47 -157.92 0 31
281094 -0.86 -1.35 -0.87 91.70 110.67 -167.44 0 30
281101 -1.04 -1.62 -0.90 70.56 90.51 -163.10 0 27
281109 -1.21 -1.39 -0.83 31.36 94.43 -139.58 0 29
281117 -1.07 -0.94 -0.55 -18.83 82.95 -115.99 0 27
281125 -0.92 -0.80 -0.33 -26.46 74.83 -102.55 0 63
281133 -0.95 -0.98 -0.16 -12.04 70.00 -94.01 0 67
281141 -1.02 -1.18 -0.17 0.28 64.89 -75.46 0 23
281149 -1.07 -1.08 -0.23 10.78 61.32 -62.65 1 15
281156 -1.19 -0.90 -0.26 28.56 57.40 -56.77 4 12
281164 -1.17 -0.62 -0.28 46.69 51.94 -51.10 7 6
281172 -1.11 -0.37 -0.35 45.92 46.41 -48.44 4 1
281180 -1.08 -0.21 -0.36 39.13 41.79 -46.97 5 0
281188 -1.06 -0.14 -0.33 10.64 37.38 -38.64 10 0
281196 -1.16 -0.05 -0.29 -20.16 35.49 -32.90 9 0
281204 -1.08 -0.13 -0.26 -40.32 34.30 -28.84 11 0
281212 -1.07 -0.20 -0.23 -52.29 32.06 -28.00 14 0
281220 -1.04 -0.25 -0.18 -56.07 29.75 -25.97 15 0
281227 -1.03 -0.26 -0.12 -61.32 28.00 -23.52 17 0
281235 -1.06 -0.21 -0.06 -66.08 26.53 -20.65 17 0
281243 -1.09 -0.16 -0.03 -70.70 25.20 -20.37 18 0
281251 -1.07 -0.15 -0.03 -72.73 23.94 -19.74 22 0
281259 -1.03 -0.18 -0.03 -74.69 22.54 -18.76 23 0
281267 -1.02 -0.16 -0.03 -72.59 21.21 -18.62 27 0
281275 -1.04 -0.12 0.00 -69.02 20.30 -19.11 25 0
281283 -1.04 0.00 0.04 -68.18 20.30 -19.46 27 0
281291 -1.05 0.07 0.08 -65.80 22.89 -21.14 28 0
281298 -1.04 0.14 0.14 -64.47 28.07 -24.29 28 0
281306 -0.95 0.20 0.23 -61.81 29.26 -26.88 30 0
281314 -0.89 0.17 0.26 -56.63 35.35 -30.80 31 1
281322 -0.87 0.30 0.35 -51.45 41.58 -37.31 29 0
281330 -0.83 0.27 0.33 -50.96 47.04 -39.83 30 0
281337 -0.91 0.17 0.31 -44.10 51.52 -43.61 36 0
281345 -0.95 0.12 0.30 -38.36 58.73 -44.38 36 0
281353 -1.02 0.23 0.25 -36.19 64.54 -50.61 35 0
281361 -1.07 0.24 0.21 -36.05 70.77 -52.99 33 0
281368 -1.06 0.20 0.20 -39.41 76.02 -54.04 35 0
281376 -1.09 0.19 0.22 -39.97 80.57 -57.68 39 0
281384 -1.10 0.22 0.27 -38.64 84.70 -61.81 40 0
281391 -1.07 0.22 0.36 -39.41 89.60 -65.45 44 0
281399 -1.06 0.26 0.41 -36.89 95.76 -72.24 45 0
281407 -1.08 0.25 0.47 -32.13 103.18 -75.95 38 0
281415 -1.12 0.30 0.47 -27.37 112.63 -80.29 48 0
281423 -1.14 0.38 0.47 -21.49 120.12 -85.26 49 0
281431 -1.17 0.46 0.46 -18.55 128.24 -90.23 55 0
281438 -1.18 0.57 0.44 -15.19 136.64 -95.13 55 0
281446 -1.14 0.62 0.47 -11.13 144.69 -100.66 49 0
281454 -1.14 0.57 0.50 -3.99 153.23 -103.11 50 0
281462 -1.15 0.53 0.54 5.46 162.12 -106.96 44 0
281470 -1.29 0.69 0.57 8.96 173.53 -114.73 45 0
281477 -1.41 0.85 0.59 6.93 178.92 -124.81 43 0
281485 -1.43 0.91 0.66 -0.42 181.72 -133.35 54 0
281493 -1.52 0.86 0.78 -6.72 182.56 -138.04 40 0
281500 -1.55 0.75 0.90 -3.01 181.16 -142.17 38 0
281508 -1.60 0.61 1.03 10.64 179.34 -147.84 36 0
281516 -1.67 0.57 0.95 26.46 174.44 -157.78 30 0
281524 -1.81 0.41 0.64 44.66 176.05 -171.57 17 0
281531 -1.98 0.35 0.50 61.32 180.53 -186.13 6 0
281539 -2.09 0.14 0.52 60.83 191.80 -204.05 6 0
281546 -2.12 -0.31 0.83 59.57 205.66 -203.00 4 0
281554 -2.29 -0.68 0.25 44.24 207.06 -181.72 9 0
281562 -2.40 -0.57 0.11 32.76 196.14 -156.10 12 0
281570 -2.06 -0.84 -0.05 18.55 183.05 -128.59 1 0
281578 -1.65 -1.22 -0.39 4.97 171.92 -109.83 0 0
281585 -1.37 -1.29 -0.84 -9.45 159.88 -96.18 0 0
281593 -1.47 -0.92 -0.76 4.06 134.82 -70.98 0 0
281601 -1.66 -0.54 -0.66 21.07 105.21 -47.81 0 0
281609 -1.69 -0.59 -0.62 32.83 68.67 -34.23 0 0
281617 -1.41 -0.76 -0.65 42.28 20.79 -23.94 0 0
281625 -1.14 -0.78 -0.63 39.69 -9.73 -6.30 0 0
281632 -0.83 -0.72 -0.60 24.29 -40.32 18.34 0 0
281640 -0.60 -0.60 -0.57 3.99 -66.85 44.10 0 0
281648 -0.41 -0.47 -0.55 -19.74 -92.19 85.89 0 0
281656 -0.35 -0.33 -0.55 -39.13 -120.19 96.60 0 0
281664 -0.36 -0.31 -0.56 -53.27 -156.73 113.33 0 0
281672 -0.38 -0.36 -0.57 -64.05 -181.58 128.52 0 0
281680 -0.34 -0.42 -0.55 -65.24 -202.16 141.12 0 0
281688 -0.30 -0.47 -0.56 -62.93 -219.80 154.28 0 0
281696 -0.28 -0.56 -0.58 -60.06 -236.11 169.47 0 0
281704 -0.25 -0.52 -0.57 -53.41 -254.66 178.50 0 0
281712 -0.20 -0.50 -0.58 -48.16 -262.57 190.82 0 0
281720 -0.31 -0.46 -0.65 -34.86 -281.40 194.32 0 0
281728 -0.31 -0.52 -0.71 -23.24 -292.74 205.03 0 0
281736 -0.24 -0.49 -0.69 -23.03 -300.72 217.35 0 0
281744 -0.30 -0.37 -0.76 -12.04 -313.11 221.90 0 0
281751 -0.37 -0.43 -0.74 -2.87 -325.08 226.52 0 0
281759 -0.31 -0.50 -0.72 -2.66 -328.02 240.03 0 0
281767 -0.42 -0.49 -0.67 8.05 -336.42 247.10 0 0
281775 -0.44 -0.56 -0.67 14.84 -342.58 255.29 0 0
281783 -0.51 -0.56 -0.65 21.56 -348.53 264.53 0 0
281791 -0.59 -0.55 -0.65 18.20 -351.54 275.03 0 0
281798 -0.71 -0.46 -0.62 20.79 -351.82 279.58 0 0
281806 -0.79 -0.40 -0.51 34.37 -349.44 281.82 0 0
281814 -0.81 -0.43 -0.36 36.40 -341.53 285.67 0 0
281822 -0.87 -0.47 -0.24 33.88 -330.05 287.21 0 0
281830 -0.95 -0.58 -0.22 25.13 -315.21 286.44 0 0
281838 -1.08 -0.58 -0.26 13.86 -298.62 281.82 0 0
281845 -1.34 -0.48 -0.29 6.58 -275.66 271.39 0 0
281853 -1.59 -0.37 -0.40 4.06 -260.96 254.73 0 0
281861 -1.64 -0.36 -0.51 12.74 -248.29 235.34 0 0
281869 -1.45 -0.42 -0.55 22.05 -232.40 213.57 0 0
281877 -1.18 -0.27 -0.39 35.35 -209.23 178.57 0 0
281884 -0.89 -0.02 -0.35 30.17 -177.73 122.50 0 0
281892 -0.69 -0.25 -0.35 8.05 -141.61 83.37 0 0
281900 -0.47 -0.20 0.00 5.95 -79.59 35.98 0 0
281908 -0.42 0.12 0.35 20.44 -27.30 -14.28 0 0
281916 -0.44 0.14 0.28 -12.88 18.97 -58.03 0 0
281923 -0.35 -0.11 -0.01 -16.66 62.09 -98.35 0 0
281931 -0.35 -0.34 -0.44 -10.08 101.78 -135.17 0 0
281939 -0.43 -0.58 -0.72 2.38 131.18 -165.62 0 0
281947 -1.01 -0.69 -0.70 38.85 143.78 -177.38 0 0
281955 -1.86 -0.17 -0.30 119.56 121.87 -142.38 0 2
281963 -2.50 0.88 0.29 237.58 83.23 -81.97 0 34
281970 -3.26 1.20 0.47 222.11 69.16 -36.05 0 53
281978 -2.72 0.60 0.38 180.25 93.73 -84.00 0 61
281986 -1.74 0.08 -0.33 91.77 116.13 -159.95 0 53
281993 -1.54 0.59 -0.65 5.46 131.88 -165.27 0 51
282001 -1.65 0.57 -1.04 -44.17 132.65 -167.02 0 46
282009 -1.46 0.44 -1.50 -56.28 137.62 -178.50 0 41
282017 -0.89 -0.23 -1.61 -11.34 157.92 -184.52 0 44
282025 -0.72 -0.98 -1.24 45.43 144.27 -190.96 0 37
282033 -0.70 -1.50 -0.97 18.48 129.29 -181.93 0 33
282041 -0.70 -1.79 -0.86 -24.85 112.35 -131.46 0 32
282049 -0.75 -1.73 -0.68 -35.14 98.35 -110.60 0 38
282057 -0.97 -1.66 -0.53 -3.99 86.31 -100.73 0 27
282065 -1.10 -1.51 -0.42 44.73 81.48 -96.25 0 25
282073 -1.14 -1.29 -0.31 56.63 76.72 -80.50 0 23
282081 -1.15 -1.09 -0.32 46.20 72.73 -60.55 0 21
282089 -1.19 -0.74 -0.23 28.98 67.27 -44.45 14 15
282096 -1.18 -0.46 -0.18 9.10 60.06 -42.56 0 9
282104 -1.16 -0.32 -0.25 -10.22 52.29 -40.95 0 8
282112 -1.09 -0.32 -0.34 -26.32 47.88 -36.12 1 0
282120 -1.06 -0.33 -0.37 -35.98 43.89 -29.96 0 2
282128 -1.09 -0.29 -0.33 -48.30 40.18 -22.89 4 0
282136 -1.12 -0.21 -0.28 -60.20 34.51 -20.51 5 0
282144 -1.13 -0.16 -0.23 -64.33 31.01 -18.90 4 0
282152 -1.11 -0.15 -0.15 -71.96 30.31 -16.94 8 0
282160 -1.24 -0.13 -0.12 -74.62 24.08 -14.49 11 0
282168 -1.17 -0.09 -0.08 -74.97 22.96 -13.86 14 0
282176 -1.10 -0.03 -0.05 -75.32 22.89 -13.51 13 0
282184 -1.09 0.00 -0.05 -76.02 22.75 -12.74 14 0
282192 -1.07 0.04 -0.01 -75.81 22.68 -13.79 17 0
282200 -1.07 0.05 0.00 -75.88 22.96 -15.47 19 0
282207 -1.03 0.05 0.05 -78.26 25.13 -15.47 22 0
282215 -0.99 0.11 0.12 -80.64 28.00 -16.31 24 0
282223 -0.95 0.16 0.19 -82.32 32.13 -19.04 26 0
282231 -0.91 0.17 0.26 -82.67 36.12 -21.70 35 0
282238 -0.83 0.15 0.33 -80.50 43.19 -25.20 40 0
282246 -0.76 0.09 0.39 -75.88 48.86 -28.00 88 0
282254 -0.73 0.04 0.39 -65.52 53.76 -31.36 67 0
282262 -0.76 0.01 0.36 -52.08 57.96 -36.26 73 0
282269 -0.79 -0.01 0.31 -45.78 62.58 -40.39 56 0
282277 -0.81 -0.00 0.26 -50.12 67.69 -39.83 56 0
282285 -0.89 0.09 0.23 -58.03 71.40 -42.21 32 0
282293 -1.01 0.09 0.23 -62.44 74.97 -46.27 26 0
282300 -1.05 0.01 0.24 -63.14 78.96 -47.04 27 0
282308 -1.04 0.11 0.28 -61.74 84.70 -49.42 28 0
282316 -1.01 0.20 0.33 -58.24 90.86 -52.99 29 0
282324 -1.00 0.23 0.37 -52.50 97.23 -56.35 27 0
282331 -1.03 0.34 0.39 -47.53 104.79 -59.15 31 0
282339 -1.05 0.37 0.40 -43.61 112.77 -62.09 28 0
282347 -1.09 0.40 0.39 -36.75 120.61 -66.29 30 0
282355 -1.16 0.43 0.36 -27.23 127.54 -72.73 41 0
282363 -1.20 0.40 0.35 -16.17 134.33 -77.63 39 0
282370 -1.16 0.43 0.40 -9.38 144.76 -80.85 33 0
282378 -1.20 0.51 0.43 -3.08 151.55 -83.93 38 0
282386 -1.29 0.53 0.49 1.26 159.53 -86.87 38 0
282393 -1.27 0.54 0.52 0.91 165.76 -90.58 33 0
282401 -1.30 0.65 0.58 -2.31 173.39 -96.11 36 0
282409 -1.40 0.82 0.66 -10.71 179.69 -103.53 42 0
282417 -1.35 0.90 0.75 -22.26 183.05 -109.97 37 0
282424 -1.39 0.86 0.85 -27.58 187.95 -117.18 34 0
282432 -1.45 0.79 0.92 -26.46 186.97 -120.61 37 0
282440 -1.53 0.69 0.99 -14.84 187.11 -125.23 42 0
282448 -1.61 0.60 1.20 15.19 184.87 -135.24 40 0
282455 -1.68 0.53 1.07 56.28 184.10 -150.36 22 0
282463 -1.78 0.00 0.69 92.26 189.91 -172.06 9 0
282470 -1.85 -0.29 0.52 137.62 202.51 -194.74 5 0
282478 -1.86 -0.39 0.85 127.19 216.44 -209.65 3 0
282486 -2.30 -0.60 0.26 100.52 225.33 -209.44 5 0
282494 -2.70 -0.69 0.14 77.98 225.61 -193.41 2 0
282502 -2.51 -1.10 -0.01 58.59 221.69 -162.61 0 0
282509 -2.04 -1.64 -0.47 43.26 197.89 -137.48 0 0
282517 -1.50 -1.53 -0.96 23.17 204.47 -110.81 0 0
282525 -1.52 -0.98 -0.88 19.04 181.16 -84.70 0 0
282533 -1.77 -0.64 -0.84 18.62 155.05 -61.53 0 0
282540 -1.87 -0.66 -0.86 11.90 123.62 -36.33 0 0
282548 -1.68 -0.75 -0.79 8.68 91.49 -13.51 0 0
282556 -1.29 -0.80 -0.73 0.63 59.99 15.12 0 0
282564 -0.95 -0.86 -0.67 -8.89 28.49 38.29 0 0
282572 -0.61 -0.84 -0.66 -12.60 -14.07 60.20 0 0
282580 -0.38 -0.77 -0.63 -8.40 -47.95 77.77 0 0
282588 -0.26 -0.68 -0.66 3.57 -80.85 92.82 0 0
282596 -0.18 -0.59 -0.66 17.22 -110.95 104.93 0 0
282604 -0.16 -0.44 -0.64 27.16 -139.30 117.67 0 0
282611 -0.15 -0.38 -0.60 28.63 -172.41 129.22 0 0
282619 -0.10 -0.34 -0.56 22.54 -193.69 142.87 0 0
282627 -0.05 -0.34 -0.55 7.70 -212.52 158.27 0 0
282635 -0.01 -0.39 -0.55 -3.85 -228.62 173.25 0 0
282643 -0.00 -0.46 -0.58 -9.03 -242.62 187.04 0 0
282651 -0.01 -0.52 -0.61 -10.50 -254.52 200.83 0 0
282658 0.06 -0.56 -0.65 -5.39 -265.16 214.13 0 0
282666 -0.06 -0.57 -0.67 5.11 -280.70 222.39 0 0
282674 -0.08 -0.50 -0.71 14.07 -298.27 228.06 0 0
282682 0.00 -0.55 -0.72 -5.04 -305.48 243.95 0 0
282690 -0.20 -0.31 -0.70 -5.04 -318.78 243.11 0 0
282698 -0.17 -0.38 -0.70 -15.26 -330.68 249.20 0 0
282706 -0.15 -0.41 -0.66 -21.77 -341.04 255.99 0 0
282714 -0.29 -0.43 -0.60 -17.78 -349.79 258.16 0 0
282722 -0.43 -0.42 -0.58 -18.55 -354.48 254.87 0 0
282730 -0.57 -0.53 -0.55 -14.28 -357.63 254.38 0 0
282738 -0.63 -0.63 -0.55 -8.61 -358.68 257.11 0 0
282746 -0.70 -0.66 -0.50 1.61 -355.95 263.41 0 0
282753 -0.88 -0.61 -0.46 9.87 -350.91 265.30 0 0
282761 -1.02 -0.49 -0.38 34.86 -343.84 264.88 0 0
282769 -1.09 -0.42 -0.28 20.44 -331.73 262.92 0 0
282777 -1.16 -0.39 -0.17 12.46 -315.98 258.65 0 0
282785 -1.22 -0.31 -0.17 -5.04 -297.36 251.93 0 0
282793 -1.37 -0.21 -0.22 -27.79 -277.97 237.30 0 0
282801 -1.48 -0.18 -0.26 -42.21 -253.05 219.52 0 0
282809 -1.42 -0.28 -0.31 -20.37 -233.59 193.62 0 0
282817 -1.22 -0.51 -0.36 -5.46 -208.95 165.55 0 0
282824 -1.00 -0.59 -0.38 22.33 -180.67 135.10 0 0
282832 -0.84 -0.39 -0.38 29.75 -147.35 94.08 0 0
282840 -0.76 -0.26 -0.31 24.64 -112.70 59.50 0 0
282848 -0.62 0.01 -0.05 21.28 -55.37 18.69 0 0
282856 -0.56 0.28 0.16 17.57 -9.87 -24.08 0 0
282863 -0.51 0.25 0.11 -15.12 31.08 -63.49 0 0
282871 -0.51 -0.06 -0.05 -32.76 68.53 -98.00 0 0
282879 -0.53 -0.32 -0.32 -32.83 102.27 -128.80 0 0
282887 -0.62 -0.62 -0.63 -30.03 126.98 -162.96 0 0
282895 -0.81 -0.86 -0.75 -17.78 138.88 -175.21 0 0
282903 -1.66 -0.46 -0.48 74.13 125.86 -160.30 0 0
282911 -1.81 0.28 0.13 162.26 93.38 -108.43 0 13
282919 -2.41 0.90 0.48 206.57 64.05 -44.87 0 44
282926 -2.61 1.02 0.49 197.61 65.24 -15.54 0 48
282934 -1.97 -0.02 0.11 165.62 84.84 -77.91 0 49
282942 -1.50 0.18 -0.40 91.07 104.51 -137.13 0 46
282950 -1.60 0.64 -0.58 32.06 115.08 -136.99 0 43
282957 -1.70 0.60 -0.90 -3.64 111.16 -143.64 0 45
282965 -1.26 0.20 -1.19 -2.52 119.42 -158.69 0 59
282973 -0.95 -0.54 -1.34 58.10 133.70 -176.19 0 47
282981 -1.00 -1.06 -1.14 69.51 136.08 -182.98 0 34
282989 -1.18 -1.20 -1.04 34.79 126.00 -168.21 0 31
282996 -1.03 -1.23 -0.84 -27.09 107.73 -115.43 0 31
283004 -0.78 -1.11 -0.67 -63.49 94.64 -95.13 0 39
283012 -0.80 -1.21 -0.55 -48.51 81.48 -84.84 0 26
283020 -0.98 -1.34 -0.41 -12.74 76.72 -84.35 0 63
283028 -1.08 -1.32 -0.31 20.65 72.66 -74.76 0 28
283036 -1.20 -1.16 -0.26 31.50 67.83 -57.40 0 48
283044 -1.25 -0.95 -0.19 33.46 62.58 -44.31 0 16
283051 -1.14 -0.55 -0.16 28.84 57.40 -36.54 0 7
283059 -1.10 -0.29 -0.16 6.30 52.92 -32.20 0 4
283067 -1.11 -0.05 -0.18 -37.38 48.93 -27.79 0 0
283075 -1.09 0.03 -0.18 -60.83 44.59 -24.78 2 0
283083 -1.11 -0.03 -0.20 -77.07 40.39 -23.45 2 1
283091 -1.16 -0.20 -0.21 -82.46 35.21 -20.51 3 0
283099 -1.01 -0.31 -0.15 -75.60 35.21 -18.55 2 0
283107 -1.07 -0.30 -0.11 -64.89 35.21 -18.55 5 0
283115 -1.10 -0.16 -0.05 -55.37 33.53 -18.62 10 0
283122 -1.10 -0.01 -0.01 -57.19 32.62 -17.36 10 0
283130 -1.09 0.04 0.02 -59.85 31.29 -16.31 11 0
283138 -1.08 0.04 0.02 -60.97 31.15 -16.66 15 0
283146 -1.04 0.05 0.03 -62.16 32.27 -18.76 18 0
283154 -1.01 0.05 0.02 -61.04 32.34 -21.35 20 0
283161 -0.98 0.03 0.02 -61.32 33.95 -22.19 20 0
283169 -0.95 0.04 0.03 -61.60 35.28 -22.47 20 0
283177 -0.94 0.08 0.05 -61.74 37.45 -24.08 24 0
283184 -0.92 0.06 0.11 -62.72 40.18 -26.32 54 0
283192 -0.87 -0.01 0.12 -61.81 42.70 -26.18 69 0
283200 -0.87 -0.05 0.16 -53.20 45.01 -28.14 93 0
283208 -0.90 -0.06 0.21 -51.03 47.25 -34.02 57 0
283216 -0.89 -0.05 0.19 -42.28 49.98 -36.75 36 0
283224 -0.83 -0.07 0.22 -43.47 54.88 -36.54 31 0
283231 -0.87 -0.10 0.24 -43.05 57.12 -37.52 26 0
283239 -0.93 -0.07 0.25 -40.04 60.41 -39.69 26 0
283247 -0.98 -0.03 0.30 -35.70 66.01 -42.49 25 0
283255 -0.98 0.03 0.34 -35.98 71.19 -44.52 26 0
283263 -0.98 0.24 0.39 -41.30 77.49 -47.81 28 0
283271 -1.00 0.34 0.39 -46.90 85.26 -52.08 32 0
283278 -1.06 0.34 0.40 -48.37 95.48 -56.49 28 0
283286 -1.11 0.33 0.43 -43.89 104.51 -60.83 29 0
283294 -1.16 0.25 0.40 -32.97 121.03 -66.15 30 0
283302 -1.24 0.28 0.41 -32.97 116.34 -70.14 34 0
283309 -1.29 0.37 0.44 -28.21 124.53 -74.83 31 0
283317 -1.28 0.44 0.40 -38.78 174.02 -78.54 38 0
283325 -1.24 0.62 0.44 -24.99 147.98 -83.09 38 0
283332 -1.14 0.64 0.52 -29.96 196.07 -85.82 42 0
283340 -1.12 0.65 0.44 -14.98 182.98 -91.21 39 0
283348 -1.27 0.63 0.46 -7.07 191.73 -93.24 40 0
283356 -1.35 0.69 0.45 2.66 169.61 -95.97 38 0
283364 -1.33 0.82 0.56 1.19 177.59 -101.43 43 0
283371 -1.31 0.97 0.73 -3.57 179.20 -112.49 43 0
283379 -1.40 0.94 0.69 -6.86 160.30 -118.79 43 0
